<?xml version="1.0" encoding="utf-8"?><testsuites name="pytest tests"><testsuite name="pytest" errors="0" failures="1" skipped="0" tests="69" time="40.307" timestamp="2026-06-08T11:05:04.493190+00:00" hostname="agent-env-5dae153e-be68-452c-9cf0-d868811c3d07"><testcase classname="tests.test_ifpi_api.TestHealth" name="test_health" time="0.264" /><testcase classname="tests.test_ifpi_api.TestHealth" name="test_root" time="0.095" /><testcase classname="tests.test_ifpi_api.TestAuth" name="test_login_admin" time="0.359" /><testcase classname="tests.test_ifpi_api.TestAuth" name="test_login_learner" time="0.358" /><testcase classname="tests.test_ifpi_api.TestAuth" name="test_login_bad_credentials" time="0.348" /><testcase classname="tests.test_ifpi_api.TestAuth" name="test_register_creates_learner_only" time="0.377" /><testcase classname="tests.test_ifpi_api.TestAuth" name="test_me_endpoint" time="0.384" /><testcase classname="tests.test_ifpi_api.TestAuth" name="test_sso_disabled" time="0.100" /><testcase classname="tests.test_ifpi_api.TestCatalog" name="test_catalog_public" time="0.104" /><testcase classname="tests.test_ifpi_api.TestCourses" name="test_list_courses_admin" time="0.393" /><testcase classname="tests.test_ifpi_api.TestCourses" name="test_list_courses_learner" time="0.049" /><testcase classname="tests.test_ifpi_api.TestCourses" name="test_create_course_unauthenticated_blocked" time="0.106" /><testcase classname="tests.test_ifpi_api.TestCourses" name="test_create_course_learner_forbidden" time="0.044" /><testcase classname="tests.test_ifpi_api.TestCourses" name="test_create_update_get_delete_course_admin" time="0.312" /><testcase classname="tests.test_ifpi_api.TestCourses" name="test_enrol_free_course_learner" time="0.051" /><testcase classname="tests.test_ifpi_api.TestExams" name="test_list_exams_admin" time="0.069" /><testcase classname="tests.test_ifpi_api.TestExams" name="test_get_exam_1_learner" time="0.049" /><testcase classname="tests.test_ifpi_api.TestExams" name="test_take_exam_and_grading" time="0.098"><failure message="AssertionError: {&quot;detail&quot;:&quot;Maximum attempts reached&quot;}&#10;assert 400 == 200&#10; +  where 400 = &lt;Response [400]&gt;.status_code">tests/test_ifpi_api.py:207: in test_take_exam_and_grading
    assert rs.status_code == 200, rs.text
E   AssertionError: {"detail":"Maximum attempts reached"}
E   assert 400 == 200
E    +  where 400 = &lt;Response [400]&gt;.status_code</failure></testcase><testcase classname="tests.test_ifpi_api.TestLearnerFlow" name="test_complete_course_and_get_certificate" time="0.237" /><testcase classname="tests.test_ifpi_api.TestLeaderboard" name="test_leaderboard" time="0.053" /><testcase classname="tests.test_ifpi_api.TestLeaderboard" name="test_my_gamification" time="0.054" /><testcase classname="tests.test_ifpi_api.TestAdmin" name="test_analytics" time="0.061" /><testcase classname="tests.test_ifpi_api.TestAdmin" name="test_analytics_learner_forbidden" time="0.046" /><testcase classname="tests.test_ifpi_api.TestAdmin" name="test_admin_users" time="0.056" /><testcase classname="tests.test_ifpi_api.TestBilling" name="test_my_subscriptions" time="0.047" /><testcase classname="tests.test_ifpi_api.TestBilling" name="test_subscribe_stub" time="0.158" /><testcase classname="tests.test_ifpi_api.TestAIBuilder" name="test_ai_course_builder" time="21.498" /><testcase classname="tests.test_iteration2.TestAlembicSchema" name="test_all_tables_present" time="0.001" /><testcase classname="tests.test_iteration2.TestAlembicSchema" name="test_alembic_version_marked" time="0.001" /><testcase classname="tests.test_iteration2.TestAlembicSchema" name="test_seed_users_have_person_rows" time="0.001" /><testcase classname="tests.test_iteration2.TestPersonAutoCreate" name="test_register_creates_person" time="0.374" /><testcase classname="tests.test_iteration2.TestPublishWorkflow" name="test_publish_empty_course_rejected" time="0.490" /><testcase classname="tests.test_iteration2.TestPublishWorkflow" name="test_publish_with_slide_then_unpublish" time="0.288" /><testcase classname="tests.test_iteration2.TestCertificatePDF" name="test_owner_pdf_download" time="0.545" /><testcase classname="tests.test_iteration2.TestCertificatePDF" name="test_admin_can_download_any_pdf" time="0.061" /><testcase classname="tests.test_iteration2.TestCertificatePDF" name="test_other_user_forbidden" time="0.439" /><testcase classname="tests.test_iteration2.TestLearningPaths" name="test_full_crud_and_enroll_flow" time="0.576" /><testcase classname="tests.test_iteration2.TestLearningPaths" name="test_learner_sees_only_published" time="0.217" /><testcase classname="tests.test_iteration3" name="test_alembic_head_is_iteration3" time="0.414" /><testcase classname="tests.test_iteration3" name="test_new_tables_exist" time="0.001" /><testcase classname="tests.test_iteration3" name="test_self_prereq_400" time="0.385" /><testcase classname="tests.test_iteration3" name="test_prereq_enforcement_412" time="0.681" /><testcase classname="tests.test_iteration3" name="test_prereq_cleared_after_completion" time="0.278" /><testcase classname="tests.test_iteration3" name="test_invitation_create_list_and_outbox" time="0.161" /><testcase classname="tests.test_iteration3" name="test_reinvite_revokes_prior_pending" time="0.155" /><testcase classname="tests.test_iteration3" name="test_revoke_invite_and_double_revoke" time="0.163" /><testcase classname="tests.test_iteration3" name="test_invitation_accept_flow" time="0.581" /><testcase classname="tests.test_iteration3" name="test_cert_email_outbox_no_duplicate" time="0.323" /><testcase classname="tests.test_iteration3" name="test_org_get_and_patch_logo" time="0.341" /><testcase classname="tests.test_iteration3" name="test_slides_reorder" time="0.197" /><testcase classname="tests.test_iteration3" name="test_path_items_reorder" time="0.381" /><testcase classname="tests.test_iteration3" name="test_lead_capture_idempotent_no_downgrade" time="0.215" /><testcase classname="tests.test_iteration3" name="test_embed_js" time="0.145" /><testcase classname="tests.test_iteration4" name="test_alembic_head_iteration4" time="0.399" /><testcase classname="tests.test_iteration4" name="test_org_cert_branding_columns_exist" time="0.001" /><testcase classname="tests.test_iteration4" name="test_outbox_pagination_shape" time="0.375" /><testcase classname="tests.test_iteration4" name="test_outbox_pagination_page_2_differs" time="0.092" /><testcase classname="tests.test_iteration4" name="test_outbox_pagination_out_of_range" time="0.046" /><testcase classname="tests.test_iteration4" name="test_outbox_filter_status_stub" time="0.052" /><testcase classname="tests.test_iteration4" name="test_outbox_filter_search" time="0.049" /><testcase classname="tests.test_iteration4" name="test_outbox_filter_template" time="0.049" /><testcase classname="tests.test_iteration4" name="test_outbox_stats" time="0.048" /><testcase classname="tests.test_iteration4" name="test_course_duplicate_as_admin" time="0.200" /><testcase classname="tests.test_iteration4" name="test_course_duplicate_forbidden_for_learner" time="0.389" /><testcase classname="tests.test_iteration4" name="test_course_duplicate_404" time="0.045" /><testcase classname="tests.test_iteration4" name="test_prereq_crud" time="0.332" /><testcase classname="tests.test_iteration4" name="test_org_patch_branding_fields" time="0.189" /><testcase classname="tests.test_iteration4" name="test_pdf_cert_with_branding_and_bad_color" time="0.316" /><testcase classname="tests.test_iteration4" name="test_outbox_worker_drains_queued" time="4.394" /></testsuite></testsuites>