<?xml version="1.0" encoding="utf-8"?><testsuites name="pytest tests"><testsuite name="pytest" errors="0" failures="0" skipped="0" tests="15" time="5.010" timestamp="2026-06-08T10:31:40.599710+00:00" hostname="agent-env-5dae153e-be68-452c-9cf0-d868811c3d07"><testcase classname="tests.test_iteration3" name="test_alembic_head_is_iteration3" time="0.420" /><testcase classname="tests.test_iteration3" name="test_new_tables_exist" time="0.002" /><testcase classname="tests.test_iteration3" name="test_self_prereq_400" time="0.482" /><testcase classname="tests.test_iteration3" name="test_prereq_enforcement_412" time="1.061" /><testcase classname="tests.test_iteration3" name="test_prereq_cleared_after_completion" time="0.327" /><testcase classname="tests.test_iteration3" name="test_invitation_create_list_and_outbox" time="0.154" /><testcase classname="tests.test_iteration3" name="test_reinvite_revokes_prior_pending" time="0.158" /><testcase classname="tests.test_iteration3" name="test_revoke_invite_and_double_revoke" time="0.148" /><testcase classname="tests.test_iteration3" name="test_invitation_accept_flow" time="0.553" /><testcase classname="tests.test_iteration3" name="test_cert_email_outbox_no_duplicate" time="0.440" /><testcase classname="tests.test_iteration3" name="test_org_get_and_patch_logo" time="0.255" /><testcase classname="tests.test_iteration3" name="test_slides_reorder" time="0.217" /><testcase classname="tests.test_iteration3" name="test_path_items_reorder" time="0.309" /><testcase classname="tests.test_iteration3" name="test_lead_capture_idempotent_no_downgrade" time="0.212" /><testcase classname="tests.test_iteration3" name="test_embed_js" time="0.176" /></testsuite></testsuites>