<?xml version="1.0" encoding="utf-8"?><testsuites name="pytest tests"><testsuite name="pytest" errors="0" failures="0" skipped="0" tests="18" time="75.747" timestamp="2026-08-15T09:39:25.747975+00:00" hostname="agent-env-53ecc2f9-4e2b-4cc1-952d-fd88955e2973"><testcase classname="tests.test_iter65_cache_and_v2.TestAuthCache" name="test_login_then_me_admin" time="2.702" /><testcase classname="tests.test_iter65_cache_and_v2.TestAuthCache" name="test_login_then_me_learner" time="2.477" /><testcase classname="tests.test_iter65_cache_and_v2.TestAuthCache" name="test_no_cache_bleed" time="1.181" /><testcase classname="tests.test_iter65_cache_and_v2.TestAuthCache" name="test_repeated_calls_stable" time="2.937" /><testcase classname="tests.test_iter65_cache_and_v2.TestAuthCache" name="test_cache_refresh_boundary" time="33.462" /><testcase classname="tests.test_iter65_cache_and_v2.TestCatalogCacheInvalidation" name="test_publish_appears_immediately" time="12.576" /><testcase classname="tests.test_iter65_cache_and_v2.TestCatalogCacheInvalidation" name="test_catalog_cache_hit_speed" time="1.269" /><testcase classname="tests.test_iter65_cache_and_v2.TestReadCaches" name="test_leaderboard" time="0.984" /><testcase classname="tests.test_iter65_cache_and_v2.TestReadCaches" name="test_admin_analytics" time="4.565" /><testcase classname="tests.test_iter65_cache_and_v2.TestApiV2" name="test_v2_health" time="0.087" /><testcase classname="tests.test_iter65_cache_and_v2.TestApiV2" name="test_v2_courses_learner" time="0.677" /><testcase classname="tests.test_iter65_cache_and_v2.TestApiV2" name="test_v2_course_detail_243" time="1.092" /><testcase classname="tests.test_iter65_cache_and_v2.TestApiV2" name="test_v2_course_404_envelope" time="0.490" /><testcase classname="tests.test_iter65_cache_and_v2.TestApiV2" name="test_v2_enrollments" time="0.488" /><testcase classname="tests.test_iter65_cache_and_v2.TestApiV2" name="test_v2_catalog_envelope" time="0.114" /><testcase classname="tests.test_iter65_cache_and_v2.TestV1Regression" name="test_v1_courses_shape" time="0.694" /><testcase classname="tests.test_iter65_cache_and_v2.TestV1Regression" name="test_v1_course_243" time="1.088" /><testcase classname="tests.test_iter65_cache_and_v2.TestV1Regression" name="test_progress_not_cached" time="8.728" /></testsuite></testsuites>