<?xml version="1.0" encoding="utf-8"?><testsuites name="pytest tests"><testsuite name="pytest" errors="0" failures="2" skipped="0" tests="55" time="25.936" timestamp="2026-07-06T08:32:54.519768+00:00" hostname="agent-env-5dae153e-be68-452c-9cf0-d868811c3d07"><testcase classname="tests.test_iteration30_sprint" name="test_frontend_typecheck_passes" time="9.353" /><testcase classname="tests.test_iteration30_sprint" name="test_no_window_confirm_calls_left" time="0.003" /><testcase classname="tests.test_iteration30_sprint" name="test_revocation_history_records_events" time="1.036" /><testcase classname="tests.test_iteration30_sprint" name="test_revocation_history_requires_admin" time="0.101" /><testcase classname="tests.test_iteration30_sprint" name="test_revoke_emits_webhook_delivery" time="0.837" /><testcase classname="tests.test_iteration30_sprint" name="test_streak_digest_worker_queues_emails" time="0.479" /><testcase classname="tests.test_iteration30_sprint" name="test_bulk_revoke_endpoint" time="0.540" /><testcase classname="tests.test_iteration30_sprint" name="test_admin_certs_list" time="0.045" /><testcase classname="tests.test_iteration30_sprint" name="test_admin_certs_status_filter" time="0.094" /><testcase classname="tests.test_iteration30_sprint" name="test_admin_certs_csv_export" time="0.046" /><testcase classname="tests.test_iteration30_sprint" name="test_admin_certs_list_requires_admin" time="0.047" /><testcase classname="tests.test_iteration31_sprint" name="test_no_window_prompt_calls_left_in_admin_cert_flow" time="0.000" /><testcase classname="tests.test_iteration31_sprint" name="test_preferences_default_true" time="0.382" /><testcase classname="tests.test_iteration31_sprint" name="test_preferences_toggle_roundtrip" time="0.195" /><testcase classname="tests.test_iteration31_sprint" name="test_preferences_requires_auth" time="0.091" /><testcase classname="tests.test_iteration31_sprint" name="test_streak_digest_worker_honours_opt_out" time="0.339" /><testcase classname="tests.test_iteration31_sprint" name="test_bulk_unrevoke_endpoint" time="0.550" /><testcase classname="tests.test_iteration31_sprint" name="test_bulk_unrevoke_requires_admin" time="0.046" /><testcase classname="tests.test_iteration31_sprint" name="test_bulk_email_endpoint" time="0.145" /><testcase classname="tests.test_iteration31_sprint" name="test_bulk_email_requires_admin" time="0.045" /><testcase classname="tests.test_iteration31_sprint" name="test_bulk_zip_endpoint" time="0.274" /><testcase classname="tests.test_iteration31_sprint" name="test_bulk_zip_cap_100" time="0.045" /><testcase classname="tests.test_iteration31_sprint" name="test_bulk_zip_requires_admin" time="0.047" /><testcase classname="tests.test_iteration31_sprint" name="test_compliance_report_no_recipient_is_noop" time="0.001" /><testcase classname="tests.test_iteration31_sprint" name="test_compliance_report_queues_email" time="0.016" /><testcase classname="tests.test_iteration31_sprint" name="test_compliance_cadence_env_defaults" time="0.000" /><testcase classname="tests.test_iteration31_sprint" name="test_webhook_events_doc_exists" time="0.002" /><testcase classname="tests.test_iteration32_sprint" name="test_login_response_carries_must_change_flag" time="0.582" /><testcase classname="tests.test_iteration32_sprint" name="test_learner_no_must_change" time="0.331" /><testcase classname="tests.test_iteration32_sprint" name="test_forgot_password_unknown_email_returns_200" time="0.092"><failure message="assert 429 == 200&#10; +  where 429 = &lt;Response [429]&gt;.status_code">tests/test_iteration32_sprint.py:64: in test_forgot_password_unknown_email_returns_200
    assert r.status_code == 200
E   assert 429 == 200
E    +  where 429 = &lt;Response [429]&gt;.status_code</failure></testcase><testcase classname="tests.test_iteration32_sprint" name="test_forgot_password_real_user_queues_email" time="0.103"><failure message="assert 429 == 200&#10; +  where 429 = &lt;Response [429]&gt;.status_code">tests/test_iteration32_sprint.py:74: in test_forgot_password_real_user_queues_email
    assert r.status_code == 200
E   assert 429 == 200
E    +  where 429 = &lt;Response [429]&gt;.status_code</failure></testcase><testcase classname="tests.test_iteration32_sprint" name="test_reset_password_bad_token_400" time="0.094" /><testcase classname="tests.test_iteration32_sprint" name="test_reset_password_end_to_end" time="0.940" /><testcase classname="tests.test_iteration32_sprint" name="test_change_password_verifies_current" time="1.672" /><testcase classname="tests.test_iteration32_sprint" name="test_security_headers_on_every_response" time="0.094" /><testcase classname="tests.test_iteration32_sprint" name="test_hsts_only_over_https" time="0.089" /><testcase classname="tests.test_iteration32_sprint" name="test_sentry_noop_when_dsn_unset" time="0.660" /><testcase classname="tests.test_iteration32_sprint" name="test_precheck_fail_closed_on_unset_environment" time="0.030" /><testcase classname="tests.test_iteration32_sprint" name="test_precheck_soft_advisor_when_dev_explicit" time="0.854" /><testcase classname="tests.test_iteration32_sprint" name="test_log_records_have_cid_field" time="0.000" /><testcase classname="tests.test_iteration32_sprint" name="test_correlation_id_propagates_to_sentry_scope" time="0.110" /><testcase classname="tests.test_iteration33_sprint" name="test_new_registration_starts_unverified" time="0.672" /><testcase classname="tests.test_iteration33_sprint" name="test_registration_queues_verification_email" time="0.350" /><testcase classname="tests.test_iteration33_sprint" name="test_verify_email_endpoint_end_to_end" time="0.562" /><testcase classname="tests.test_iteration33_sprint" name="test_verify_email_bad_token" time="0.092" /><testcase classname="tests.test_iteration33_sprint" name="test_data_export_returns_full_bundle" time="0.403" /><testcase classname="tests.test_iteration33_sprint" name="test_data_export_requires_auth" time="0.098" /><testcase classname="tests.test_iteration33_sprint" name="test_delete_request_queues_email" time="0.730" /><testcase classname="tests.test_iteration33_sprint" name="test_delete_end_to_end_anonymises_row" time="0.790" /><testcase classname="tests.test_iteration33_sprint" name="test_delete_wrong_code_rejected" time="0.781" /><testcase classname="tests.test_iteration33_sprint" name="test_forgot_password_rate_limit_by_email" time="0.821" /><testcase classname="tests.test_iteration33_sprint" name="test_hardcoded_password_lint_passes" time="0.076" /><testcase classname="tests.test_iteration33_sprint" name="test_seed_admin_password_helper_prefers_env_var" time="0.001" /><testcase classname="tests.test_iteration33_sprint" name="test_seed_admin_password_hard_fails_in_prod" time="0.000" /><testcase classname="tests.test_iteration33_sprint" name="test_precheck_blocks_missing_seed_password" time="0.030" /></testsuite></testsuites>