<?xml version="1.0" encoding="utf-8"?><testsuites name="pytest tests"><testsuite name="pytest" errors="0" failures="1" skipped="0" tests="9" time="9.683" timestamp="2026-08-11T03:21:17.819015+00:00" hostname="agent-env-53ecc2f9-4e2b-4cc1-952d-fd88955e2973"><testcase classname="tests.test_iteration56_qa_pass.TestPhase1a_LearnerRBAC" name="test_csv_learner_forbidden" time="0.533" /><testcase classname="tests.test_iteration56_qa_pass.TestPhase1a_LearnerRBAC" name="test_json_insights_learner_forbidden" time="0.101" /><testcase classname="tests.test_iteration56_qa_pass.TestPhase1a_LearnerRBAC" name="test_exam_detail_correct_answer_leak_check" time="0.109" /><testcase classname="tests.test_iteration56_qa_pass.TestPhase1b_AdminCSV" name="test_csv_admin_and_cross_validate" time="0.575" /><testcase classname="tests.test_iteration56_qa_pass.TestPhase3a_AttemptExhaustionAndReset" name="test_attempt_exhausted_blocked" time="0.212" /><testcase classname="tests.test_iteration56_qa_pass.TestPhase3a_AttemptExhaustionAndReset" name="test_reset_by_admin" time="0.571" /><testcase classname="tests.test_iteration56_qa_pass.TestPhase2_MissAlertsAndRearm" name="test_fail_fail_pass_then_verify_alerts_and_dedup" time="3.420"><failure message="AssertionError: expected at least 1 NEW miss notification&#10;assert 0 &gt;= 1&#10; +  where 0 = len([])">backend/tests/test_iteration56_qa_pass.py:322: in test_fail_fail_pass_then_verify_alerts_and_dedup
    assert len(new_miss_notifs) &gt;= 1, "expected at least 1 NEW miss notification"
E   AssertionError: expected at least 1 NEW miss notification
E   assert 0 &gt;= 1
E    +  where 0 = len([])</failure></testcase><testcase classname="tests.test_iteration56_qa_pass.TestPhase2_MissAlertsAndRearm" name="test_rearm_on_edit_q13" time="3.888" /><testcase classname="tests.test_iteration56_qa_pass.TestPhase3b_DataIntegrity" name="test_distribution_sums_and_top_distractor" time="0.108" /></testsuite></testsuites>