<?xml version="1.0" encoding="utf-8"?><testsuites name="pytest tests"><testsuite name="pytest" errors="0" failures="0" skipped="0" tests="24" time="7.127" timestamp="2026-06-08T13:41:48.241466+00:00" hostname="agent-env-5dae153e-be68-452c-9cf0-d868811c3d07"><testcase classname="tests.test_iteration7.TestBadgeTiers" name="test_list_default_seed" time="1.524" /><testcase classname="tests.test_iteration7.TestBadgeTiers" name="test_list_forbidden_for_learner" time="0.435" /><testcase classname="tests.test_iteration7.TestBadgeTiers" name="test_create_update_delete_cycle" time="0.364" /><testcase classname="tests.test_iteration7.TestBadgeTiers" name="test_patch_unknown_id_returns_404" time="0.050" /><testcase classname="tests.test_iteration7.TestBadgeTiers" name="test_delete_unknown_id_returns_404" time="0.052" /><testcase classname="tests.test_iteration7.TestBadgeTiers" name="test_reorder_changes_order_index" time="0.229" /><testcase classname="tests.test_iteration7.TestGamification" name="test_me_returns_badges" time="0.058" /><testcase classname="tests.test_iteration7.TestSmtp" name="test_get_smtp_no_password_in_response" time="0.058" /><testcase classname="tests.test_iteration7.TestSmtp" name="test_put_smtp_persists_with_encrypted_password" time="0.499" /><testcase classname="tests.test_iteration7.TestSmtp" name="test_smtp_test_requires_to" time="0.051" /><testcase classname="tests.test_iteration7.TestBulkInvite" name="test_bulk_invite_mixed_validity" time="0.179" /><testcase classname="tests.test_iteration7.TestBulkInvite" name="test_bulk_invite_cap_at_500" time="0.064" /><testcase classname="tests.test_iteration7.TestAcademySeedsTiers" name="test_create_academy_seeds_5_default_tiers" time="0.067" /><testcase classname="tests.test_iteration6" name="test_themes_list_requires_auth" time="0.127" /><testcase classname="tests.test_iteration6" name="test_themes_list_returns_5" time="0.471" /><testcase classname="tests.test_iteration6" name="test_apply_theme_unknown_slug_404" time="0.131" /><testcase classname="tests.test_iteration6" name="test_apply_theme_non_admin_403" time="0.478" /><testcase classname="tests.test_iteration6" name="test_apply_theme_conservatoire_then_restore_classic" time="0.511" /><testcase classname="tests.test_iteration6" name="test_courses_reorder_and_listing_order" time="0.360" /><testcase classname="tests.test_iteration6" name="test_courses_reorder_learner_forbidden" time="0.096" /><testcase classname="tests.test_iteration6" name="test_academies_requires_super_admin" time="0.112" /><testcase classname="tests.test_iteration6" name="test_academies_search_and_sort" time="0.734" /><testcase classname="tests.test_iteration6" name="test_upload_image_nested_key_serves" time="0.201" /><testcase classname="tests.test_iteration6" name="test_cert_preview_returns_pdf" time="0.198" /></testsuite></testsuites>