<?xml version="1.0" encoding="utf-8"?><testsuites name="pytest tests"><testsuite name="pytest" errors="0" failures="0" skipped="3" tests="314" time="176.193" timestamp="2026-07-01T16:03:03.184206+00:00" hostname="agent-env-5dae153e-be68-452c-9cf0-d868811c3d07"><testcase classname="tests.test_ifpi_api.TestHealth" name="test_health" time="0.329" /><testcase classname="tests.test_ifpi_api.TestHealth" name="test_root" time="0.100" /><testcase classname="tests.test_ifpi_api.TestAuth" name="test_login_admin" time="0.366" /><testcase classname="tests.test_ifpi_api.TestAuth" name="test_login_learner" time="0.359" /><testcase classname="tests.test_ifpi_api.TestAuth" name="test_login_bad_credentials" time="0.354" /><testcase classname="tests.test_ifpi_api.TestAuth" name="test_register_creates_learner_only" time="0.349" /><testcase classname="tests.test_ifpi_api.TestAuth" name="test_me_endpoint" time="0.405" /><testcase classname="tests.test_ifpi_api.TestAuth" name="test_sso_disabled" time="0.109" /><testcase classname="tests.test_ifpi_api.TestCatalog" name="test_catalog_public" time="0.112" /><testcase classname="tests.test_ifpi_api.TestCourses" name="test_list_courses_admin" time="0.431" /><testcase classname="tests.test_ifpi_api.TestCourses" name="test_list_courses_learner" time="0.069" /><testcase classname="tests.test_ifpi_api.TestCourses" name="test_create_course_unauthenticated_blocked" time="0.121" /><testcase classname="tests.test_ifpi_api.TestCourses" name="test_create_course_learner_forbidden" time="0.058" /><testcase classname="tests.test_ifpi_api.TestCourses" name="test_create_update_get_delete_course_admin" time="0.368" /><testcase classname="tests.test_ifpi_api.TestCourses" name="test_enrol_free_course_learner" time="0.059" /><testcase classname="tests.test_ifpi_api.TestExams" name="test_list_exams_admin" time="0.053" /><testcase classname="tests.test_ifpi_api.TestExams" name="test_get_exam_1_learner" time="0.059" /><testcase classname="tests.test_ifpi_api.TestExams" name="test_take_exam_and_grading" time="0.128"><skipped type="pytest.skip" message="Learner has consumed all attempts for seeded exam">/app/backend/tests/test_ifpi_api.py:212: Learner has consumed all attempts for seeded exam</skipped></testcase><testcase classname="tests.test_ifpi_api.TestLearnerFlow" name="test_complete_course_and_get_certificate" time="0.249" /><testcase classname="tests.test_ifpi_api.TestLeaderboard" name="test_leaderboard" time="0.068" /><testcase classname="tests.test_ifpi_api.TestLeaderboard" name="test_my_gamification" time="0.053" /><testcase classname="tests.test_ifpi_api.TestAdmin" name="test_analytics" time="0.065" /><testcase classname="tests.test_ifpi_api.TestAdmin" name="test_analytics_learner_forbidden" time="0.054" /><testcase classname="tests.test_ifpi_api.TestAdmin" name="test_admin_users" time="0.085" /><testcase classname="tests.test_ifpi_api.TestBilling" name="test_my_subscriptions" time="0.056" /><testcase classname="tests.test_ifpi_api.TestBilling" name="test_subscribe_stub" time="0.224" /><testcase classname="tests.test_ifpi_api.TestAIBuilder" name="test_ai_course_builder" time="17.300" /><testcase classname="tests.test_iteration10.TestOrgCohortSettings" name="test_get_org_includes_cohort_fields" time="1.956" /><testcase classname="tests.test_iteration10.TestOrgCohortSettings" name="test_put_cohort_settings_persists" time="0.108" /><testcase classname="tests.test_iteration10.TestOrgCohortSettings" name="test_empty_webhook_stored_as_null" time="0.107" /><testcase classname="tests.test_iteration10.TestOrgCohortSettings" name="test_threshold_out_of_range_returns_422" time="0.094" /><testcase classname="tests.test_iteration10.TestCohortCelebrationsIdempotency" name="test_lowering_threshold_does_not_refire_existing" time="0.587" /><testcase classname="tests.test_iteration10.TestLeaderboardCohort" name="test_no_param_returns_all" time="0.067" /><testcase classname="tests.test_iteration10.TestLeaderboardCohort" name="test_with_cohort_filters" time="0.193" /><testcase classname="tests.test_iteration10.TestAIQuiz" name="test_generate_returns_valid_payload" time="4.627" /><testcase classname="tests.test_iteration10.TestAIQuiz" name="test_audit_row_created" time="0.061" /><testcase classname="tests.test_iteration10.TestAIQuiz" name="test_course_not_found_for_other_org" time="0.047" /><testcase classname="tests.test_iteration10.TestAIQuiz" name="test_num_questions_zero_returns_400_or_422" time="0.048" /><testcase classname="tests.test_iteration10.TestAIQuiz" name="test_num_questions_21_returns_400_or_422" time="0.059" /><testcase classname="tests.test_iteration10.TestAppendQuestions" name="test_append_preserves_old" time="0.314" /><testcase classname="tests.test_iteration10.TestWorkflowYaml" name="test_workflow_file_exists_and_valid" time="0.006" /><testcase classname="tests.test_iteration11.TestAIQuizQuestionTypes" name="test_true_false_returns_two_options" time="4.949" /><testcase classname="tests.test_iteration11.TestAIQuizQuestionTypes" name="test_short_answer_returns_empty_options" time="3.345" /><testcase classname="tests.test_iteration11.TestAIQuizQuestionTypes" name="test_mixed_returns_blend" time="8.107" /><testcase classname="tests.test_iteration11.TestAIQuizQuestionTypes" name="test_avoid_topics_honored" time="2.431" /><testcase classname="tests.test_iteration11.TestExamQuestionRowTypes" name="test_put_accepts_tf_and_sa" time="0.470" /><testcase classname="tests.test_iteration11.TestLeaderboardCSV" name="test_csv_format" time="0.130" /><testcase classname="tests.test_iteration11.TestLeaderboardCSV" name="test_csv_cohort_filter" time="0.213" /><testcase classname="tests.test_iteration11.TestLeaderboardCSV" name="test_csv_non_admin_forbidden" time="0.471" /><testcase classname="tests.test_iteration11.TestAuditDigest" name="test_basic_response_shape" time="2.297" /><testcase classname="tests.test_iteration11.TestAuditDigest" name="test_days_clamp_low" time="2.020" /><testcase classname="tests.test_iteration11.TestAuditDigest" name="test_days_clamp_high" time="1.794" /><testcase classname="tests.test_iteration11.TestAuditDigest" name="test_non_admin_forbidden" time="0.100" /><testcase classname="tests.test_iteration11.TestAuditDigest" name="test_deterministic_fallback_when_no_llm" time="1.909" /><testcase classname="tests.test_iteration11.TestAuditDigest" name="test_deterministic_fallback_unit" time="0.707" /><testcase classname="tests.test_iteration12.TestWebhookTestEndpoint" name="test_rejects_non_http_url" time="2.033" /><testcase classname="tests.test_iteration12.TestWebhookTestEndpoint" name="test_rejects_empty_url" time="0.066" /><testcase classname="tests.test_iteration12.TestWebhookTestEndpoint" name="test_learner_forbidden" time="1.908" /><testcase classname="tests.test_iteration12.TestWebhookTestEndpoint" name="test_unreachable_host_returns_ok_false" time="0.125" /><testcase classname="tests.test_iteration12.TestWebhookTestEndpoint" name="test_discord_provider_detected" time="0.246" /><testcase classname="tests.test_iteration12.TestWebhookTestEndpoint" name="test_slack_provider_detected" time="0.227" /><testcase classname="tests.test_iteration12.TestWebhookTestEndpoint" name="test_audit_row_written" time="0.134" /><testcase classname="tests.test_iteration13.TestDigestSettings" name="test_get_org_includes_new_fields" time="1.912" /><testcase classname="tests.test_iteration13.TestDigestSettings" name="test_put_persists_digest_toggle" time="0.274" /><testcase classname="tests.test_iteration13.TestDigestSettings" name="test_put_without_digest_field_does_not_change_it" time="0.174" /><testcase classname="tests.test_iteration13.TestSendNow" name="test_learner_forbidden" time="1.958" /><testcase classname="tests.test_iteration13.TestSendNow" name="test_admin_send_now_returns_counts" time="0.075" /><testcase classname="tests.test_iteration13.TestSendNow" name="test_last_sent_at_updated" time="0.115" /><testcase classname="tests.test_iteration13.TestSendNow" name="test_audit_row_written" time="0.129" /><testcase classname="tests.test_iteration13.TestDigestService" name="test_compute_buckets_cohorts" time="0.007" /><testcase classname="tests.test_iteration13.TestDigestService" name="test_weekly_digest_skips_disabled_org" time="0.054" /><testcase classname="tests.test_iteration13.TestDigestService" name="test_weekly_digest_dedupes_recent_sends" time="0.053" /><testcase classname="tests.test_iteration14.TestSSOStatus" name="test_enabled_after_patch" time="1.687" /><testcase classname="tests.test_iteration14.TestSSOExchange" name="test_happy_path_new_user_jit_provisioned" time="0.273" /><testcase classname="tests.test_iteration14.TestSSOExchange" name="test_idempotent_second_exchange_reuses_user" time="0.291" /><testcase classname="tests.test_iteration14.TestSSOExchange" name="test_unknown_role_falls_back_to_learner" time="0.140" /><testcase classname="tests.test_iteration14.TestSSOSecurityHardening" name="test_bad_signature" time="0.103" /><testcase classname="tests.test_iteration14.TestSSOSecurityHardening" name="test_wrong_issuer" time="0.100" /><testcase classname="tests.test_iteration14.TestSSOSecurityHardening" name="test_wrong_audience" time="0.103" /><testcase classname="tests.test_iteration14.TestSSOSecurityHardening" name="test_expired_token" time="0.100" /><testcase classname="tests.test_iteration14.TestSSOSecurityHardening" name="test_iat_too_old" time="0.102" /><testcase classname="tests.test_iteration14.TestSSOSecurityHardening" name="test_missing_jti" time="0.097" /><testcase classname="tests.test_iteration14.TestSSOSecurityHardening" name="test_replay_same_jti_twice" time="0.283" /><testcase classname="tests.test_iteration14.TestSSOAudit" name="test_audit_rows_written" time="2.350" /><testcase classname="tests.test_iteration15.TestSubscriptionCRUD" name="test_learner_forbidden" time="1.901" /><testcase classname="tests.test_iteration15.TestSubscriptionCRUD" name="test_create_with_auto_secret" time="1.916" /><testcase classname="tests.test_iteration15.TestSubscriptionCRUD" name="test_list_includes_new_sub" time="0.050" /><testcase classname="tests.test_iteration15.TestSubscriptionCRUD" name="test_update_changes_events" time="0.126" /><testcase classname="tests.test_iteration15.TestSubscriptionCRUD" name="test_delete_removes" time="0.167" /><testcase classname="tests.test_iteration15.TestSignAndDeliver" name="test_test_endpoint_fires_real_http" time="0.322" /><testcase classname="tests.test_iteration15.TestSignAndDeliver" name="test_5xx_marks_failed_with_retry" time="0.242" /><testcase classname="tests.test_iteration15.TestServiceFilter" name="test_emit_only_matches_listed_events" time="0.085" /><testcase classname="tests.test_iteration15.TestServiceFilter" name="test_course_completion_emits_webhook" time="1.673" /><testcase classname="tests.test_iteration15_gaps.TestPinnedDeps" name="test_all_five_modules_importable_with_correct_versions" time="1.776" /><testcase classname="tests.test_iteration15_gaps.TestPinnedDeps" name="test_requirements_txt_pins_all_five" time="0.002" /><testcase classname="tests.test_iteration15_gaps.TestPinnedDeps" name="test_bulk_import_module_loads" time="0.002" /><testcase classname="tests.test_iteration15_gaps.TestSanitizer" name="test_script_tag_stripped" time="0.008" /><testcase classname="tests.test_iteration15_gaps.TestSanitizer" name="test_plain_text_strips_all_tags" time="0.000" /><testcase classname="tests.test_iteration15_gaps.TestSeedTemplates" name="test_seed_org_1_idempotent" time="0.949" /><testcase classname="tests.test_iteration15_gaps.TestSeedTemplates" name="test_templates_visible_via_api_with_correct_shape" time="1.080" /><testcase classname="tests.test_iteration15_gaps.TestSeedTemplates" name="test_seed_unknown_org_exits_nonzero" time="0.464" /><testcase classname="tests.test_iteration16.TestSanitizer" name="test_strips_script_tag" time="0.001" /><testcase classname="tests.test_iteration16.TestSanitizer" name="test_keeps_safe_html" time="0.000" /><testcase classname="tests.test_iteration16.TestSanitizer" name="test_strips_onclick_handler" time="0.001" /><testcase classname="tests.test_iteration16.TestSanitizer" name="test_strips_javascript_url" time="0.000" /><testcase classname="tests.test_iteration16.TestSanitizer" name="test_plain_text_strips_all_tags" time="0.000" /><testcase classname="tests.test_iteration16.TestBulkImport" name="test_full_run_creates_courses_slides_path" time="0.120" /><testcase classname="tests.test_iteration16.TestBulkImport" name="test_idempotent_rerun" time="0.191" /><testcase classname="tests.test_iteration16.TestExtendedUpload" name="test_pdf_upload_accepted" time="2.004" /><testcase classname="tests.test_iteration16.TestExtendedUpload" name="test_video_upload_accepted" time="0.112" /><testcase classname="tests.test_iteration16.TestExtendedUpload" name="test_unsupported_mime_rejected" time="0.110" /><testcase classname="tests.test_iteration16.TestExtendedUpload" name="test_learner_forbidden" time="1.951" /><testcase classname="tests.test_iteration16.TestImportJobsHTTP" name="test_learner_forbidden" time="0.116" /><testcase classname="tests.test_iteration16.TestImportJobsHTTP" name="test_run_with_missing_path_returns_400" time="0.112" /><testcase classname="tests.test_iteration16.TestImportJobsHTTP" name="test_run_with_real_path_kicks_off_job" time="0.922" /><testcase classname="tests.test_iteration17" name="test_alembic_head_includes_iteration17" time="0.282" /><testcase classname="tests.test_iteration17" name="test_sso_jti_seen_table_exists" time="0.001" /><testcase classname="tests.test_iteration17" name="test_storage_info_admin_only" time="0.462" /><testcase classname="tests.test_iteration17" name="test_storage_info_blocks_anonymous" time="0.107" /><testcase classname="tests.test_iteration17" name="test_upload_zip_extracts_and_imports" time="0.265" /><testcase classname="tests.test_iteration17" name="test_upload_zip_rejects_non_zip" time="0.046" /><testcase classname="tests.test_iteration17" name="test_upload_zip_rejects_traversal" time="0.045" /><testcase classname="tests.test_iteration17" name="test_sso_replay_protection_persists_across_sessions" time="0.143"><skipped type="pytest.skip" message="SSO disabled on this server (SSO_ENABLED != true)">/app/backend/tests/test_iteration17.py:147: SSO disabled on this server (SSO_ENABLED != true)</skipped></testcase><testcase classname="tests.test_iteration18_20" name="test_openapi_lists_all_expected_routes" time="0.590" /><testcase classname="tests.test_iteration18_20" name="test_scorm_upload_parses_and_serves" time="0.198" /><testcase classname="tests.test_iteration18_20" name="test_scorm_upload_rejects_non_scorm_zip" time="0.047" /><testcase classname="tests.test_iteration18_20" name="test_scorm_upload_rejects_traversal" time="0.047" /><testcase classname="tests.test_iteration18_20" name="test_xapi_post_and_list" time="0.116" /><testcase classname="tests.test_iteration18_20" name="test_slide_versioning_snapshot_and_restore" time="0.400" /><testcase classname="tests.test_iteration18_20" name="test_rich_text_sanitizer_strips_script_and_js_uris" time="0.058" /><testcase classname="tests.test_iteration18_20" name="test_rich_text_requires_admin" time="0.107" /><testcase classname="tests.test_iteration18_20" name="test_import_rollback_deletes_created_courses" time="0.386" /><testcase classname="tests.test_iteration18_20" name="test_rollback_rejected_on_pending" time="0.053"><skipped type="pytest.skip" message="no PENDING/RUNNING job available to test rejection path">/app/backend/tests/test_iteration18_20.py:246: no PENDING/RUNNING job available to test rejection path</skipped></testcase><testcase classname="tests.test_iteration2.TestAlembicSchema" name="test_all_tables_present" time="0.001" /><testcase classname="tests.test_iteration2.TestAlembicSchema" name="test_alembic_version_marked" time="0.001" /><testcase classname="tests.test_iteration2.TestAlembicSchema" name="test_seed_users_have_person_rows" time="0.001" /><testcase classname="tests.test_iteration2.TestPersonAutoCreate" name="test_register_creates_person" time="0.354" /><testcase classname="tests.test_iteration2.TestPublishWorkflow" name="test_publish_empty_course_rejected" time="0.521" /><testcase classname="tests.test_iteration2.TestPublishWorkflow" name="test_publish_with_slide_then_unpublish" time="0.295" /><testcase classname="tests.test_iteration2.TestCertificatePDF" name="test_owner_pdf_download" time="0.538" /><testcase classname="tests.test_iteration2.TestCertificatePDF" name="test_admin_can_download_any_pdf" time="0.068" /><testcase classname="tests.test_iteration2.TestCertificatePDF" name="test_other_user_forbidden" time="0.480" /><testcase classname="tests.test_iteration2.TestLearningPaths" name="test_full_crud_and_enroll_flow" time="0.666" /><testcase classname="tests.test_iteration2.TestLearningPaths" name="test_learner_sees_only_published" time="0.217" /><testcase classname="tests.test_iteration21" name="test_api_token_create_list_revoke_delete" time="0.848" /><testcase classname="tests.test_iteration21" name="test_api_token_blocks_invalid_secret" time="0.125" /><testcase classname="tests.test_iteration21" name="test_xapi_completed_verb_auto_completes_enrollment" time="0.862" /><testcase classname="tests.test_iteration21" name="test_xapi_non_completion_verb_does_not_autocomplete" time="0.066" /><testcase classname="tests.test_iteration21" name="test_xapi_unknown_course_auto_complete_no_op" time="0.057" /><testcase classname="tests.test_iteration22" name="test_ai_infra_tables_exist" time="0.001" /><testcase classname="tests.test_iteration22" name="test_organizations_has_ai_budget_column" time="0.001" /><testcase classname="tests.test_iteration22" name="test_authoring_status_admin_can_access" time="0.411" /><testcase classname="tests.test_iteration22" name="test_authoring_status_learner_blocked" time="0.435" /><testcase classname="tests.test_iteration22" name="test_authoring_status_anonymous_blocked" time="0.118" /><testcase classname="tests.test_iteration22" name="test_pii_redactor_catches_email_phone_id" time="0.001" /><testcase classname="tests.test_iteration22" name="test_pii_redactor_dedup_same_email" time="0.000" /><testcase classname="tests.test_iteration22" name="test_redaction_preview_endpoint" time="0.062" /><testcase classname="tests.test_iteration22" name="test_redaction_preview_blocks_learner" time="0.062" /><testcase classname="tests.test_iteration22" name="test_budget_snapshot" time="0.049" /><testcase classname="tests.test_iteration22" name="test_budget_update_admin_ok" time="0.237" /><testcase classname="tests.test_iteration22" name="test_budget_update_learner_blocked" time="0.058" /><testcase classname="tests.test_iteration22" name="test_budget_gate_raises_429_when_over" time="0.034" /><testcase classname="tests.test_iteration22" name="test_public_branding_no_auth_required" time="0.125" /><testcase classname="tests.test_iteration22" name="test_public_branding_slug_lookup" time="0.115" /><testcase classname="tests.test_iteration22" name="test_public_branding_does_not_leak_secrets" time="0.115" /><testcase classname="tests.test_iteration23" name="test_chunker_splits_long_text" time="0.001" /><testcase classname="tests.test_iteration23" name="test_chunker_handles_short_input" time="0.000" /><testcase classname="tests.test_iteration23" name="test_cosine_similarity_basics" time="0.000" /><testcase classname="tests.test_iteration23" name="test_source_upload_and_list_and_delete" time="0.885" /><testcase classname="tests.test_iteration23" name="test_source_upload_learner_blocked" time="0.394" /><testcase classname="tests.test_iteration23" name="test_source_upload_rejects_no_text_or_file" time="0.052" /><testcase classname="tests.test_iteration23" name="test_semantic_search_returns_matching_chunks" time="0.668" /><testcase classname="tests.test_iteration23" name="test_tutor_answer_cites_sources" time="4.127" /><testcase classname="tests.test_iteration23" name="test_tutor_refuses_when_no_sources_match" time="3.008" /><testcase classname="tests.test_iteration23" name="test_tutor_learner_blocked" time="0.053" /><testcase classname="tests.test_iteration23" name="test_tutor_pii_redact_disable_admin_ok" time="3.284" /><testcase classname="tests.test_iteration23" name="test_research_start_returns_job_id_when_tavily_key_present" time="0.068" /><testcase classname="tests.test_iteration23" name="test_research_start_learner_blocked" time="0.130" /><testcase classname="tests.test_iteration25" name="test_sm2_correct_answer_progresses_interval" time="0.001" /><testcase classname="tests.test_iteration25" name="test_sm2_second_correct_review_is_six_days" time="0.001" /><testcase classname="tests.test_iteration25" name="test_sm2_third_correct_multiplies_by_ease" time="0.000" /><testcase classname="tests.test_iteration25" name="test_sm2_wrong_answer_resets_repetitions" time="0.000" /><testcase classname="tests.test_iteration25" name="test_sm2_ease_floor_is_1_3" time="0.001" /><testcase classname="tests.test_iteration25" name="test_learner_cannot_authoring_generate" time="0.782" /><testcase classname="tests.test_iteration25" name="test_learner_cannot_bulk_save" time="0.404" /><testcase classname="tests.test_iteration25" name="test_admin_can_list_flashcards_by_course" time="0.422" /><testcase classname="tests.test_iteration25" name="test_bulk_save_and_learner_review_flow" time="1.038" /><testcase classname="tests.test_iteration25" name="test_stats_endpoint" time="0.429" /><testcase classname="tests.test_iteration25" name="test_admin_generate_returns_valid_shape" time="2.634" /><testcase classname="tests.test_iteration26" name="test_courses_uq_org_title_returns_409" time="0.472" /><testcase classname="tests.test_iteration26" name="test_streak_endpoint_shape" time="0.516" /><testcase classname="tests.test_iteration26" name="test_review_awards_xp_and_returns_streak" time="0.994" /><testcase classname="tests.test_iteration26" name="test_low_quality_review_does_not_award_xp" time="1.024" /><testcase classname="tests.test_iteration26" name="test_narration_generate_and_clear" time="3.267" /><testcase classname="tests.test_iteration26" name="test_narration_rejects_invalid_voice" time="0.487" /><testcase classname="tests.test_iteration26" name="test_narration_learner_blocked" time="0.798" /><testcase classname="tests.test_iteration26" name="test_narration_rejects_short_text" time="0.458" /><testcase classname="tests.test_iteration26" name="test_tts_chunker_short" time="0.001" /><testcase classname="tests.test_iteration26" name="test_tts_chunker_long_splits_on_sentence" time="0.001" /><testcase classname="tests.test_iteration26" name="test_tts_cost_estimate" time="0.000" /><testcase classname="tests.test_iteration27" name="test_video_learner_blocked" time="0.395" /><testcase classname="tests.test_iteration27" name="test_video_invalid_size_rejected" time="0.463" /><testcase classname="tests.test_iteration27" name="test_video_invalid_duration_rejected" time="0.414" /><testcase classname="tests.test_iteration27" name="test_video_invalid_model_rejected" time="0.420" /><testcase classname="tests.test_iteration27" name="test_video_start_returns_202_with_job_id" time="0.435" /><testcase classname="tests.test_iteration27" name="test_video_history_lists_started_job" time="0.406" /><testcase classname="tests.test_iteration27" name="test_video_cost_scales_with_model_and_duration" time="0.001" /><testcase classname="tests.test_iteration27" name="test_visuals_learner_blocked" time="0.388" /><testcase classname="tests.test_iteration27" name="test_visuals_prompt_too_short_rejected" time="0.424" /><testcase classname="tests.test_iteration27" name="test_visuals_generate_returns_image_url" time="7.353" /><testcase classname="tests.test_iteration27" name="test_visuals_attach_to_slide_updates_media_url" time="6.801" /><testcase classname="tests.test_iteration27" name="test_visuals_cost_estimate" time="0.001" /><testcase classname="tests.test_iteration3" name="test_alembic_head_is_iteration3" time="0.301" /><testcase classname="tests.test_iteration3" name="test_new_tables_exist" time="0.001" /><testcase classname="tests.test_iteration3" name="test_self_prereq_400" time="0.453" /><testcase classname="tests.test_iteration3" name="test_prereq_enforcement_412" time="0.766" /><testcase classname="tests.test_iteration3" name="test_prereq_cleared_after_completion" time="0.408" /><testcase classname="tests.test_iteration3" name="test_invitation_create_list_and_outbox" time="0.171" /><testcase classname="tests.test_iteration3" name="test_reinvite_revokes_prior_pending" time="0.233" /><testcase classname="tests.test_iteration3" name="test_revoke_invite_and_double_revoke" time="0.171" /><testcase classname="tests.test_iteration3" name="test_invitation_accept_flow" time="0.554" /><testcase classname="tests.test_iteration3" name="test_cert_email_outbox_no_duplicate" time="0.467" /><testcase classname="tests.test_iteration3" name="test_org_get_and_patch_logo" time="0.366" /><testcase classname="tests.test_iteration3" name="test_slides_reorder" time="0.221" /><testcase classname="tests.test_iteration3" name="test_path_items_reorder" time="0.413" /><testcase classname="tests.test_iteration3" name="test_lead_capture_idempotent_no_downgrade" time="0.264" /><testcase classname="tests.test_iteration3" name="test_embed_js" time="0.151" /><testcase classname="tests.test_iteration4" name="test_alembic_head_iteration4" time="0.286" /><testcase classname="tests.test_iteration4" name="test_org_cert_branding_columns_exist" time="0.001" /><testcase classname="tests.test_iteration4" name="test_outbox_pagination_shape" time="0.396" /><testcase classname="tests.test_iteration4" name="test_outbox_pagination_page_2_differs" time="0.099" /><testcase classname="tests.test_iteration4" name="test_outbox_pagination_out_of_range" time="0.052" /><testcase classname="tests.test_iteration4" name="test_outbox_filter_status_stub" time="0.052" /><testcase classname="tests.test_iteration4" name="test_outbox_filter_search" time="0.052" /><testcase classname="tests.test_iteration4" name="test_outbox_filter_template" time="0.050" /><testcase classname="tests.test_iteration4" name="test_outbox_stats" time="0.055" /><testcase classname="tests.test_iteration4" name="test_course_duplicate_as_admin" time="0.232" /><testcase classname="tests.test_iteration4" name="test_course_duplicate_forbidden_for_learner" time="0.437" /><testcase classname="tests.test_iteration4" name="test_course_duplicate_404" time="0.050" /><testcase classname="tests.test_iteration4" name="test_prereq_crud" time="0.387" /><testcase classname="tests.test_iteration4" name="test_org_patch_branding_fields" time="0.206" /><testcase classname="tests.test_iteration4" name="test_pdf_cert_with_branding_and_bad_color" time="0.333" /><testcase classname="tests.test_iteration4" name="test_outbox_worker_drains_queued" time="2.494" /><testcase classname="tests.test_iteration5" name="test_admin_login_returns_user_and_cookies" time="0.391" /><testcase classname="tests.test_iteration5" name="test_public_portal_no_auth" time="0.123" /><testcase classname="tests.test_iteration5" name="test_public_portal_unknown_slug" time="0.121" /><testcase classname="tests.test_iteration5" name="test_slide_comments_crud" time="0.566" /><testcase classname="tests.test_iteration5" name="test_slide_comment_empty_body_400" time="0.052" /><testcase classname="tests.test_iteration5" name="test_slide_comment_invalid_slide_404" time="0.049" /><testcase classname="tests.test_iteration5" name="test_cert_preview_admin_returns_pdf" time="0.483" /><testcase classname="tests.test_iteration5" name="test_cert_preview_learner_forbidden" time="0.051" /><testcase classname="tests.test_iteration5" name="test_image_upload_admin_then_serve" time="0.156" /><testcase classname="tests.test_iteration5" name="test_image_upload_rejects_non_image" time="0.048" /><testcase classname="tests.test_iteration5" name="test_image_upload_rejects_too_large" time="0.290" /><testcase classname="tests.test_iteration5" name="test_image_upload_learner_forbidden" time="0.051" /><testcase classname="tests.test_iteration5" name="test_academies_list_as_super_admin" time="0.072" /><testcase classname="tests.test_iteration5" name="test_academies_list_as_learner_forbidden" time="0.047" /><testcase classname="tests.test_iteration5" name="test_create_academy_queues_invitation" time="0.132" /><testcase classname="tests.test_iteration5" name="test_outbox_stats_endpoint" time="0.053" /><testcase classname="tests.test_iteration5" name="test_outbox_retry_and_worker_drains" time="2.084" /><testcase classname="tests.test_iteration5" name="test_course_duplicate_regression" time="0.144" /><testcase classname="tests.test_iteration5" name="test_course_publish_unpublish_regression" time="0.123" /><testcase classname="tests.test_iteration5" name="test_prerequisites_regression" time="0.047" /><testcase classname="tests.test_iteration6" name="test_themes_list_requires_auth" time="0.098" /><testcase classname="tests.test_iteration6" name="test_themes_list_returns_5" time="0.449" /><testcase classname="tests.test_iteration6" name="test_apply_theme_unknown_slug_404" time="0.120" /><testcase classname="tests.test_iteration6" name="test_apply_theme_non_admin_403" time="0.455" /><testcase classname="tests.test_iteration6" name="test_apply_theme_conservatoire_then_restore_classic" time="0.537" /><testcase classname="tests.test_iteration6" name="test_courses_reorder_and_listing_order" time="0.377" /><testcase classname="tests.test_iteration6" name="test_courses_reorder_learner_forbidden" time="0.105" /><testcase classname="tests.test_iteration6" name="test_academies_requires_super_admin" time="0.102" /><testcase classname="tests.test_iteration6" name="test_academies_search_and_sort" time="0.744" /><testcase classname="tests.test_iteration6" name="test_upload_image_nested_key_serves" time="0.230" /><testcase classname="tests.test_iteration6" name="test_cert_preview_returns_pdf" time="0.111" /><testcase classname="tests.test_iteration7.TestBadgeTiers" name="test_list_default_seed" time="0.409" /><testcase classname="tests.test_iteration7.TestBadgeTiers" name="test_list_forbidden_for_learner" time="0.415" /><testcase classname="tests.test_iteration7.TestBadgeTiers" name="test_create_update_delete_cycle" time="0.348" /><testcase classname="tests.test_iteration7.TestBadgeTiers" name="test_patch_unknown_id_returns_404" time="0.050" /><testcase classname="tests.test_iteration7.TestBadgeTiers" name="test_delete_unknown_id_returns_404" time="0.046" /><testcase classname="tests.test_iteration7.TestBadgeTiers" name="test_reorder_changes_order_index" time="0.233" /><testcase classname="tests.test_iteration7.TestGamification" name="test_me_returns_badges" time="0.053" /><testcase classname="tests.test_iteration7.TestSmtp" name="test_get_smtp_no_password_in_response" time="0.060" /><testcase classname="tests.test_iteration7.TestSmtp" name="test_put_smtp_persists_with_encrypted_password" time="0.507" /><testcase classname="tests.test_iteration7.TestSmtp" name="test_smtp_test_requires_to" time="0.049" /><testcase classname="tests.test_iteration7.TestBulkInvite" name="test_bulk_invite_mixed_validity" time="0.162" /><testcase classname="tests.test_iteration7.TestBulkInvite" name="test_bulk_invite_cap_at_500" time="0.060" /><testcase classname="tests.test_iteration7.TestAcademySeedsTiers" name="test_create_academy_seeds_5_default_tiers" time="0.083" /><testcase classname="tests.test_iteration8.TestAuditLog" name="test_admin_audit_log_shape" time="0.415" /><testcase classname="tests.test_iteration8.TestAuditLog" name="test_learner_forbidden" time="0.400" /><testcase classname="tests.test_iteration8.TestAuditLog" name="test_audit_filter_by_action" time="0.052" /><testcase classname="tests.test_iteration8.TestBulkInviteAudit" name="test_bulk_invite_writes_audit_with_cohort" time="0.538" /><testcase classname="tests.test_iteration8.TestThemeAudit" name="test_theme_apply_audit" time="0.406" /><testcase classname="tests.test_iteration8.TestBadgeTierAudit" name="test_create_update_delete_writes_audit" time="0.548" /><testcase classname="tests.test_iteration8.TestBadgeTierAudit" name="test_reorder_writes_audit" time="0.544" /><testcase classname="tests.test_iteration8.TestSmtpAudit" name="test_smtp_put_writes_audit" time="0.484" /><testcase classname="tests.test_iteration8.TestAcademyAudit" name="test_create_academy_writes_audit" time="0.434" /><testcase classname="tests.test_iteration8.TestCohorts" name="test_list_cohorts_endpoint" time="0.053" /><testcase classname="tests.test_iteration8.TestCohorts" name="test_cohort_stats_no_filter" time="0.058" /><testcase classname="tests.test_iteration8.TestCohorts" name="test_cohort_stats_with_filter" time="0.051" /><testcase classname="tests.test_iteration8.TestCohortPropagation" name="test_cohort_propagates_on_accept" time="0.769" /><testcase classname="tests.test_iteration8.TestTranscript" name="test_anonymous_unauthorized" time="0.109" /><testcase classname="tests.test_iteration8.TestTranscript" name="test_learner_can_download_pdf" time="0.070" /><testcase classname="tests.test_iteration8.TestTranscript" name="test_admin_can_download_pdf" time="0.062" /><testcase classname="tests.test_iteration9.TestCohortReportEndpoints" name="test_cohorts_list" time="0.405" /><testcase classname="tests.test_iteration9.TestCohortReportEndpoints" name="test_cohort_stats_unfiltered" time="0.054" /><testcase classname="tests.test_iteration9.TestCohortReportEndpoints" name="test_cohort_stats_agent008" time="0.050" /><testcase classname="tests.test_iteration9.TestCohortReportEndpoints" name="test_cohort_stats_unknown_returns_zeros" time="0.053" /><testcase classname="tests.test_iteration9.TestCohortReportEndpoints" name="test_analytics_still_works" time="0.064" /><testcase classname="tests.test_iteration9.TestCohortCelebrations" name="test_check_cohorts_idempotent_or_first_fire" time="0.016" /><testcase classname="tests.test_iteration9.TestAlembic" name="test_current_head" time="0.502" /><testcase classname="tests.test_iteration9.TestAlembic" name="test_upgrade_head_idempotent" time="0.498" /><testcase classname="tests.test_iteration9.TestAlembic" name="test_downgrade_one_then_upgrade" time="1.588" /><testcase classname="tests.test_iteration9.TestLogins" name="test_admin_login" time="0.050" /><testcase classname="tests.test_iteration9.TestLogins" name="test_learner_login" time="1.662" /></testsuite></testsuites>