<?xml version="1.0" encoding="utf-8"?><testsuites name="pytest tests"><testsuite name="pytest" errors="0" failures="0" skipped="0" tests="20" time="3.635" timestamp="2026-07-03T11:01:38.444284+00:00" hostname="agent-env-5dae153e-be68-452c-9cf0-d868811c3d07"><testcase classname="tests.test_iteration23_recurrence_reminders" name="test_create_weekly_recurrence_materialises_children" time="0.615" /><testcase classname="tests.test_iteration23_recurrence_reminders" name="test_recurrence_capped_at_26_instances" time="0.099" /><testcase classname="tests.test_iteration23_recurrence_reminders" name="test_invalid_rrule_falls_back_to_single_session" time="0.098" /><testcase classname="tests.test_iteration23_recurrence_reminders" name="test_reminder_worker_sends_emails_in_14_16_min_window" time="0.502" /><testcase classname="tests.test_iteration23_recurrence_reminders" name="test_reminder_worker_skips_cancelled_rsvps" time="0.066" /><testcase classname="tests.test_iteration23_test_debris_cleanup" name="test_cleanup_removes_debris_courses" time="0.041" /><testcase classname="tests.test_iteration23_test_debris_cleanup" name="test_cleanup_removes_debris_live_sessions" time="0.031" /><testcase classname="tests.test_iteration23_test_debris_cleanup" name="test_cleanup_preserves_current_terms_versions" time="0.030" /><testcase classname="tests.test_iteration23_test_debris_cleanup" name="test_cleanup_dry_run_makes_no_changes" time="0.026" /><testcase classname="tests.test_iteration23_test_debris_cleanup" name="test_cleanup_is_idempotent" time="0.008" /><testcase classname="tests.test_iteration22_marketplace" name="test_catalog_returns_pagination_shape" time="0.124" /><testcase classname="tests.test_iteration22_marketplace" name="test_catalog_search_q_filters_results" time="0.106" /><testcase classname="tests.test_iteration22_marketplace" name="test_catalog_featured_returns_top_courses" time="0.103" /><testcase classname="tests.test_iteration22_marketplace" name="test_catalog_detail_returns_syllabus_preview" time="0.114" /><testcase classname="tests.test_iteration22_marketplace" name="test_catalog_detail_404_for_unknown_course" time="0.102" /><testcase classname="tests.test_iteration22_marketplace" name="test_marketplace_opt_in_toggle_hides_org_courses" time="0.757" /><testcase classname="tests.test_iteration22_marketplace" name="test_catalog_sort_price_asc_returns_cheapest_first" time="0.234" /><testcase classname="tests.test_iteration22_marketplace" name="test_catalog_sort_price_desc_returns_most_expensive_first" time="0.107" /><testcase classname="tests.test_iteration22_marketplace" name="test_catalog_sort_most_enrolled_returns_high_first" time="0.099" /><testcase classname="tests.test_iteration22_marketplace" name="test_catalog_sort_invalid_rejected" time="0.093" /></testsuite></testsuites>