<?xml version="1.0" encoding="utf-8"?><testsuites name="pytest tests"><testsuite name="pytest" errors="1" failures="0" skipped="3" tests="276" time="178.716" timestamp="2026-07-06T11:38:03.300480+00:00" hostname="agent-env-5dae153e-be68-452c-9cf0-d868811c3d07"><testcase classname="tests.test_docs_completeness" name="test_docs_have_no_drift" time="1.461" /><testcase classname="tests.test_docs_completeness" name="test_every_api_route_mentioned_in_a_manual" time="0.507" /><testcase classname="tests.test_docs_completeness" name="test_every_router_file_indexed" time="0.001" /><testcase classname="tests.test_ifpi_api.TestHealth" name="test_health" time="0.117" /><testcase classname="tests.test_ifpi_api.TestHealth" name="test_root" time="0.107" /><testcase classname="tests.test_ifpi_api.TestAuth" name="test_login_admin" time="0.353" /><testcase classname="tests.test_ifpi_api.TestAuth" name="test_login_learner" time="0.356" /><testcase classname="tests.test_ifpi_api.TestAuth" name="test_login_bad_credentials" time="0.324" /><testcase classname="tests.test_ifpi_api.TestAuth" name="test_register_creates_learner_only" time="0.345" /><testcase classname="tests.test_ifpi_api.TestAuth" name="test_me_endpoint" time="0.386" /><testcase classname="tests.test_ifpi_api.TestAuth" name="test_sso_disabled" time="0.101" /><testcase classname="tests.test_ifpi_api.TestCatalog" name="test_catalog_public" time="0.100" /><testcase classname="tests.test_ifpi_api.TestCourses" name="test_list_courses_admin" time="0.381" /><testcase classname="tests.test_ifpi_api.TestCourses" name="test_list_courses_learner" time="0.051" /><testcase classname="tests.test_ifpi_api.TestCourses" name="test_create_course_unauthenticated_blocked" time="0.122" /><testcase classname="tests.test_ifpi_api.TestCourses" name="test_create_course_learner_forbidden" time="0.046" /><testcase classname="tests.test_ifpi_api.TestCourses" name="test_create_update_get_delete_course_admin" time="0.315" /><testcase classname="tests.test_ifpi_api.TestCourses" name="test_enrol_free_course_learner" time="0.052" /><testcase classname="tests.test_ifpi_api.TestExams" name="test_list_exams_admin" time="0.052" /><testcase classname="tests.test_ifpi_api.TestExams" name="test_get_exam_1_learner" time="0.054" /><testcase classname="tests.test_ifpi_api.TestExams" name="test_take_exam_and_grading" time="0.102"><skipped type="pytest.skip" message="Learner has consumed all attempts for seeded exam">/app/backend/tests/test_ifpi_api.py:217: Learner has consumed all attempts for seeded exam</skipped></testcase><testcase classname="tests.test_ifpi_api.TestLearnerFlow" name="test_complete_course_and_get_certificate" time="0.195" /><testcase classname="tests.test_ifpi_api.TestLeaderboard" name="test_leaderboard" time="0.065" /><testcase classname="tests.test_ifpi_api.TestLeaderboard" name="test_my_gamification" time="0.056" /><testcase classname="tests.test_ifpi_api.TestAdmin" name="test_analytics" time="0.066" /><testcase classname="tests.test_ifpi_api.TestAdmin" name="test_analytics_learner_forbidden" time="0.052" /><testcase classname="tests.test_ifpi_api.TestAdmin" name="test_admin_users" time="0.179" /><testcase classname="tests.test_ifpi_api.TestBilling" name="test_my_subscriptions" time="0.051" /><testcase classname="tests.test_ifpi_api.TestBilling" name="test_subscribe_stub" time="0.165" /><testcase classname="tests.test_ifpi_api.TestAIBuilder" name="test_ai_course_builder" time="10.735" /><testcase classname="tests.test_iteration10.TestOrgCohortSettings" name="test_get_org_includes_cohort_fields" time="1.903" /><testcase classname="tests.test_iteration10.TestOrgCohortSettings" name="test_put_cohort_settings_persists" time="0.099" /><testcase classname="tests.test_iteration10.TestOrgCohortSettings" name="test_empty_webhook_stored_as_null" time="0.097" /><testcase classname="tests.test_iteration10.TestOrgCohortSettings" name="test_threshold_out_of_range_returns_422" time="0.095" /><testcase classname="tests.test_iteration10.TestCohortCelebrationsIdempotency" name="test_lowering_threshold_does_not_refire_existing" time="0.157" /><testcase classname="tests.test_iteration10.TestLeaderboardCohort" name="test_no_param_returns_all" time="0.060" /><testcase classname="tests.test_iteration10.TestLeaderboardCohort" name="test_with_cohort_filters" time="0.303" /><testcase classname="tests.test_iteration10.TestAIQuiz" name="test_generate_returns_valid_payload" time="4.450" /><testcase classname="tests.test_iteration10.TestAIQuiz" name="test_audit_row_created" time="0.057" /><testcase classname="tests.test_iteration10.TestAIQuiz" name="test_course_not_found_for_other_org" time="0.048" /><testcase classname="tests.test_iteration10.TestAIQuiz" name="test_num_questions_zero_returns_400_or_422" time="0.053" /><testcase classname="tests.test_iteration10.TestAIQuiz" name="test_num_questions_21_returns_400_or_422" time="0.047" /><testcase classname="tests.test_iteration10.TestAppendQuestions" name="test_append_preserves_old" time="0.269" /><testcase classname="tests.test_iteration10.TestWorkflowYaml" name="test_workflow_file_exists_and_valid" time="0.004" /><testcase classname="tests.test_iteration11.TestAIQuizQuestionTypes" name="test_true_false_returns_two_options" time="4.690" /><testcase classname="tests.test_iteration11.TestAIQuizQuestionTypes" name="test_short_answer_returns_empty_options" time="3.659" /><testcase classname="tests.test_iteration11.TestAIQuizQuestionTypes" name="test_mixed_returns_blend" time="7.391" /><testcase classname="tests.test_iteration11.TestAIQuizQuestionTypes" name="test_avoid_topics_honored" time="2.417" /><testcase classname="tests.test_iteration11.TestExamQuestionRowTypes" name="test_put_accepts_tf_and_sa" time="0.397" /><testcase classname="tests.test_iteration11.TestLeaderboardCSV" name="test_csv_format" time="0.256" /><testcase classname="tests.test_iteration11.TestLeaderboardCSV" name="test_csv_cohort_filter" time="0.213" /><testcase classname="tests.test_iteration11.TestLeaderboardCSV" name="test_csv_non_admin_forbidden" time="0.428" /><testcase classname="tests.test_iteration11.TestAuditDigest" name="test_basic_response_shape" time="6.848" /><testcase classname="tests.test_iteration11.TestAuditDigest" name="test_days_clamp_low" time="1.655" /><testcase classname="tests.test_iteration11.TestAuditDigest" name="test_days_clamp_high" time="4.001" /><testcase classname="tests.test_iteration11.TestAuditDigest" name="test_non_admin_forbidden" time="0.111" /><testcase classname="tests.test_iteration11.TestAuditDigest" name="test_deterministic_fallback_when_no_llm" time="3.133" /><testcase classname="tests.test_iteration11.TestAuditDigest" name="test_deterministic_fallback_unit" time="0.829" /><testcase classname="tests.test_iteration12.TestWebhookTestEndpoint" name="test_rejects_non_http_url" time="1.903" /><testcase classname="tests.test_iteration12.TestWebhookTestEndpoint" name="test_rejects_empty_url" time="0.045" /><testcase classname="tests.test_iteration12.TestWebhookTestEndpoint" name="test_learner_forbidden" time="1.885" /><testcase classname="tests.test_iteration12.TestWebhookTestEndpoint" name="test_unreachable_host_returns_ok_false" time="0.079" /><testcase classname="tests.test_iteration12.TestWebhookTestEndpoint" name="test_discord_provider_detected" time="0.196" /><testcase classname="tests.test_iteration12.TestWebhookTestEndpoint" name="test_slack_provider_detected" time="0.176" /><testcase classname="tests.test_iteration12.TestWebhookTestEndpoint" name="test_audit_row_written" time="0.103" /><testcase classname="tests.test_iteration13.TestDigestSettings" name="test_get_org_includes_new_fields" time="1.884" /><testcase classname="tests.test_iteration13.TestDigestSettings" name="test_put_persists_digest_toggle" time="0.209" /><testcase classname="tests.test_iteration13.TestDigestSettings" name="test_put_without_digest_field_does_not_change_it" time="0.159" /><testcase classname="tests.test_iteration13.TestSendNow" name="test_learner_forbidden" time="1.891" /><testcase classname="tests.test_iteration13.TestSendNow" name="test_admin_send_now_returns_counts" time="0.100" /><testcase classname="tests.test_iteration13.TestSendNow" name="test_last_sent_at_updated" time="0.143" /><testcase classname="tests.test_iteration13.TestSendNow" name="test_audit_row_written" time="0.139" /><testcase classname="tests.test_iteration13.TestDigestService" name="test_compute_buckets_cohorts" time="0.093" /><testcase classname="tests.test_iteration13.TestDigestService" name="test_weekly_digest_skips_disabled_org" time="0.646" /><testcase classname="tests.test_iteration13.TestDigestService" name="test_weekly_digest_dedupes_recent_sends" time="0.666" /><testcase classname="tests.test_iteration14.TestSSOStatus" name="test_enabled_after_patch" time="2.399" /><testcase classname="tests.test_iteration14.TestSSOExchange" name="test_happy_path_new_user_jit_provisioned" time="0.231" /><testcase classname="tests.test_iteration14.TestSSOExchange" name="test_idempotent_second_exchange_reuses_user" time="0.265" /><testcase classname="tests.test_iteration14.TestSSOExchange" name="test_unknown_role_falls_back_to_learner" time="0.133" /><testcase classname="tests.test_iteration14.TestSSOSecurityHardening" name="test_bad_signature" time="0.093" /><testcase classname="tests.test_iteration14.TestSSOSecurityHardening" name="test_wrong_issuer" time="0.099" /><testcase classname="tests.test_iteration14.TestSSOSecurityHardening" name="test_wrong_audience" time="0.101" /><testcase classname="tests.test_iteration14.TestSSOSecurityHardening" name="test_expired_token" time="0.135" /><testcase classname="tests.test_iteration14.TestSSOSecurityHardening" name="test_iat_too_old" time="0.112" /><testcase classname="tests.test_iteration14.TestSSOSecurityHardening" name="test_missing_jti" time="0.096" /><testcase classname="tests.test_iteration14.TestSSOSecurityHardening" name="test_replay_same_jti_twice" time="0.214" /><testcase classname="tests.test_iteration14.TestSSOAudit" name="test_audit_rows_written" time="3.015" /><testcase classname="tests.test_iteration15.TestSubscriptionCRUD" name="test_learner_forbidden" time="1.949" /><testcase classname="tests.test_iteration15.TestSubscriptionCRUD" name="test_create_with_auto_secret" time="1.917" /><testcase classname="tests.test_iteration15.TestSubscriptionCRUD" name="test_list_includes_new_sub" time="0.050" /><testcase classname="tests.test_iteration15.TestSubscriptionCRUD" name="test_update_changes_events" time="0.106" /><testcase classname="tests.test_iteration15.TestSubscriptionCRUD" name="test_delete_removes" time="0.400" /><testcase classname="tests.test_iteration15.TestSignAndDeliver" name="test_test_endpoint_fires_real_http" time="0.311" /><testcase classname="tests.test_iteration15.TestSignAndDeliver" name="test_5xx_marks_failed_with_retry" time="0.216" /><testcase classname="tests.test_iteration15.TestServiceFilter" name="test_emit_only_matches_listed_events" time="0.136" /><testcase classname="tests.test_iteration15.TestServiceFilter" name="test_course_completion_emits_webhook" time="1.812" /><testcase classname="tests.test_iteration15_gaps.TestPinnedDeps" name="test_all_five_modules_importable_with_correct_versions" time="0.328" /><testcase classname="tests.test_iteration15_gaps.TestPinnedDeps" name="test_requirements_txt_pins_all_five" time="0.000" /><testcase classname="tests.test_iteration15_gaps.TestPinnedDeps" name="test_bulk_import_module_loads" time="0.001" /><testcase classname="tests.test_iteration15_gaps.TestSanitizer" name="test_script_tag_stripped" time="0.008" /><testcase classname="tests.test_iteration15_gaps.TestSanitizer" name="test_plain_text_strips_all_tags" time="0.000" /><testcase classname="tests.test_iteration15_gaps.TestSeedTemplates" name="test_seed_org_1_idempotent" time="1.041" /><testcase classname="tests.test_iteration15_gaps.TestSeedTemplates" name="test_templates_visible_via_api_with_correct_shape" time="1.088" /><testcase classname="tests.test_iteration15_gaps.TestSeedTemplates" name="test_seed_unknown_org_exits_nonzero" time="0.541" /><testcase classname="tests.test_iteration16.TestSanitizer" name="test_strips_script_tag" time="0.001" /><testcase classname="tests.test_iteration16.TestSanitizer" name="test_keeps_safe_html" time="0.001" /><testcase classname="tests.test_iteration16.TestSanitizer" name="test_strips_onclick_handler" time="0.001" /><testcase classname="tests.test_iteration16.TestSanitizer" name="test_strips_javascript_url" time="0.001" /><testcase classname="tests.test_iteration16.TestSanitizer" name="test_plain_text_strips_all_tags" time="0.001" /><testcase classname="tests.test_iteration16.TestBulkImport" name="test_full_run_creates_courses_slides_path" time="0.172" /><testcase classname="tests.test_iteration16.TestBulkImport" name="test_idempotent_rerun" time="0.110" /><testcase classname="tests.test_iteration16.TestExtendedUpload" name="test_pdf_upload_accepted" time="1.937" /><testcase classname="tests.test_iteration16.TestExtendedUpload" name="test_video_upload_accepted" time="0.104" /><testcase classname="tests.test_iteration16.TestExtendedUpload" name="test_unsupported_mime_rejected" time="0.097" /><testcase classname="tests.test_iteration16.TestExtendedUpload" name="test_learner_forbidden" time="1.966" /><testcase classname="tests.test_iteration16.TestImportJobsHTTP" name="test_learner_forbidden" time="0.098" /><testcase classname="tests.test_iteration16.TestImportJobsHTTP" name="test_run_with_missing_path_returns_400" time="0.100" /><testcase classname="tests.test_iteration16.TestImportJobsHTTP" name="test_run_with_real_path_kicks_off_job" time="0.815" /><testcase classname="tests.test_iteration17" name="test_alembic_head_includes_iteration17" time="0.316" /><testcase classname="tests.test_iteration17" name="test_sso_jti_seen_table_exists" time="0.002" /><testcase classname="tests.test_iteration17" name="test_storage_info_admin_only" time="0.385" /><testcase classname="tests.test_iteration17" name="test_storage_info_blocks_anonymous" time="0.091" /><testcase classname="tests.test_iteration17" name="test_upload_zip_extracts_and_imports" time="0.109" /><testcase classname="tests.test_iteration17" name="test_upload_zip_rejects_non_zip" time="0.046" /><testcase classname="tests.test_iteration17" name="test_upload_zip_rejects_traversal" time="0.048" /><testcase classname="tests.test_iteration17" name="test_sso_replay_protection_persists_across_sessions" time="0.139"><skipped type="pytest.skip" message="SSO disabled on this server (SSO_ENABLED != true)">/app/backend/tests/test_iteration17.py:149: SSO disabled on this server (SSO_ENABLED != true)</skipped></testcase><testcase classname="tests.test_iteration18_20" name="test_openapi_lists_all_expected_routes" time="0.553" /><testcase classname="tests.test_iteration18_20" name="test_scorm_upload_parses_and_serves" time="0.163" /><testcase classname="tests.test_iteration18_20" name="test_scorm_upload_rejects_non_scorm_zip" time="0.050" /><testcase classname="tests.test_iteration18_20" name="test_scorm_upload_rejects_traversal" time="0.048" /><testcase classname="tests.test_iteration18_20" name="test_xapi_post_and_list" time="0.112" /><testcase classname="tests.test_iteration18_20" name="test_slide_versioning_snapshot_and_restore" time="0.379" /><testcase classname="tests.test_iteration18_20" name="test_rich_text_sanitizer_strips_script_and_js_uris" time="0.051" /><testcase classname="tests.test_iteration18_20" name="test_rich_text_requires_admin" time="0.088" /><testcase classname="tests.test_iteration18_20" name="test_import_rollback_deletes_created_courses" time="0.272" /><testcase classname="tests.test_iteration18_20" name="test_rollback_rejected_on_pending" time="0.052"><skipped type="pytest.skip" message="no PENDING/RUNNING job available to test rejection path">/app/backend/tests/test_iteration18_20.py:248: no PENDING/RUNNING job available to test rejection path</skipped></testcase><testcase classname="tests.test_iteration2.TestAlembicSchema" name="test_all_tables_present" time="0.001" /><testcase classname="tests.test_iteration2.TestAlembicSchema" name="test_alembic_version_marked" time="0.003" /><testcase classname="tests.test_iteration2.TestAlembicSchema" name="test_seed_users_have_person_rows" time="0.001" /><testcase classname="tests.test_iteration2.TestPersonAutoCreate" name="test_register_creates_person" time="0.353" /><testcase classname="tests.test_iteration2.TestPublishWorkflow" name="test_publish_empty_course_rejected" time="0.478" /><testcase classname="tests.test_iteration2.TestPublishWorkflow" name="test_publish_with_slide_then_unpublish" time="0.309" /><testcase classname="tests.test_iteration2.TestCertificatePDF" name="test_owner_pdf_download" time="0.603" /><testcase classname="tests.test_iteration2.TestCertificatePDF" name="test_admin_can_download_any_pdf" time="0.137" /><testcase classname="tests.test_iteration2.TestCertificatePDF" name="test_other_user_forbidden" time="0.440" /><testcase classname="tests.test_iteration2.TestLearningPaths" name="test_full_crud_and_enroll_flow" time="0.569" /><testcase classname="tests.test_iteration2.TestLearningPaths" name="test_learner_sees_only_published" time="0.200" /><testcase classname="tests.test_iteration20_retest" name="test_public_verify_rate_limiter_triggers_429" time="4.039" /><testcase classname="tests.test_iteration20_retest" name="test_public_catalog_requires_token" time="0.091" /><testcase classname="tests.test_iteration20_retest" name="test_public_catalog_with_valid_token" time="0.582" /><testcase classname="tests.test_iteration20_retest" name="test_admin_route_ok[/api/courses]" time="0.387" /><testcase classname="tests.test_iteration20_retest" name="test_admin_route_ok[/api/certificates]" time="0.381" /><testcase classname="tests.test_iteration20_retest" name="test_admin_route_ok[/api/admin/users]" time="0.534" /><testcase classname="tests.test_iteration20_retest" name="test_admin_route_ok[/api/admin/api-tokens]" time="0.397" /><testcase classname="tests.test_iteration20_retest" name="test_admin_route_ok[/api/admin/api-tokens/analytics/spend?days=14]" time="0.389" /><testcase classname="tests.test_iteration20_retest" name="test_admin_route_ok[/api/learning-paths]" time="0.392" /><testcase classname="tests.test_iteration20_retest" name="test_learner_route_ok[/api/courses]" time="0.373" /><testcase classname="tests.test_iteration20_retest" name="test_learner_route_ok[/api/certificates]" time="0.457" /><testcase classname="tests.test_iteration20_retest" name="test_learner_route_ok[/api/learning-paths]" time="0.376" /><testcase classname="tests.test_iteration20_retest" name="test_learner_denied_on_admin_routes" time="0.429" /><testcase classname="tests.test_iteration21" name="test_api_token_create_list_revoke_delete" time="0.719" /><testcase classname="tests.test_iteration21" name="test_api_token_blocks_invalid_secret" time="0.096" /><testcase classname="tests.test_iteration21" name="test_xapi_completed_verb_auto_completes_enrollment" time="0.782" /><testcase classname="tests.test_iteration21" name="test_xapi_non_completion_verb_does_not_autocomplete" time="0.120" /><testcase classname="tests.test_iteration21" name="test_xapi_unknown_course_auto_complete_no_op" time="0.057" /><testcase classname="tests.test_iteration21_e2e_public" name="test_health" time="0.100" /><testcase classname="tests.test_iteration21_e2e_public" name="test_login_sets_httponly_cookies" time="0.341" /><testcase classname="tests.test_iteration21_e2e_public" name="test_get_works_without_csrf_header" time="0.383" /><testcase classname="tests.test_iteration21_e2e_public" name="test_mutation_without_csrf_header_returns_403" time="0.385" /><testcase classname="tests.test_iteration21_e2e_public" name="test_mutation_with_matching_csrf_header_passes" time="0.391" /><testcase classname="tests.test_iteration21_e2e_public" name="test_mutation_with_mismatched_csrf_header_returns_403" time="0.384" /><testcase classname="tests.test_iteration21_e2e_public" name="test_2fa_enroll_login_challenge_teardown" time="2.475" /><testcase classname="tests.test_iteration21_e2e_public" name="test_terms_publish_and_gate" time="0.892" /><testcase classname="tests.test_iteration21_e2e_public" name="test_kiosk_settings" time="0.506" /><testcase classname="tests.test_iteration21_e2e_public" name="test_ai_tutor_ask" time="3.839" /><testcase classname="tests.test_iteration21_e2e_public" name="test_query_builder_build" time="1.746" /><testcase classname="tests.test_iteration21_e2e_public" name="test_query_builder_flashcard_save" time="0.385" /><testcase classname="tests.test_iteration21_e2e_public" name="test_scheduled_reports_crud" time="0.484" /><testcase classname="tests.test_iteration21_e2e_public" name="test_email_diagnostics" time="0.409" /><testcase classname="tests.test_iteration21_e2e_public" name="test_affiliate_create_list" time="0.453" /><testcase classname="tests.test_iteration21_e2e_public" name="test_affiliate_lookup_public" time="0.107" /><testcase classname="tests.test_iteration21_e2e_public" name="test_owner_dashboard" time="0.393" /><testcase classname="tests.test_iteration21_e2e_public" name="test_onboarding_checklist" time="0.388" /><testcase classname="tests.test_iteration22" name="test_ai_infra_tables_exist" time="0.002" /><testcase classname="tests.test_iteration22" name="test_organizations_has_ai_budget_column" time="0.001" /><testcase classname="tests.test_iteration22" name="test_authoring_status_admin_can_access" time="0.379" /><testcase classname="tests.test_iteration22" name="test_authoring_status_learner_blocked" time="0.385" /><testcase classname="tests.test_iteration22" name="test_authoring_status_anonymous_blocked" time="0.115" /><testcase classname="tests.test_iteration22" name="test_pii_redactor_catches_email_phone_id" time="0.000" /><testcase classname="tests.test_iteration22" name="test_pii_redactor_dedup_same_email" time="0.000" /><testcase classname="tests.test_iteration22" name="test_redaction_preview_endpoint" time="0.046" /><testcase classname="tests.test_iteration22" name="test_redaction_preview_blocks_learner" time="0.064" /><testcase classname="tests.test_iteration22" name="test_budget_snapshot" time="0.046" /><testcase classname="tests.test_iteration22" name="test_budget_update_admin_ok" time="0.160" /><testcase classname="tests.test_iteration22" name="test_budget_update_learner_blocked" time="0.049" /><testcase classname="tests.test_iteration22" name="test_budget_gate_raises_429_when_over" time="0.019" /><testcase classname="tests.test_iteration22" name="test_public_branding_no_auth_required" time="0.099" /><testcase classname="tests.test_iteration22" name="test_public_branding_slug_lookup" time="0.102" /><testcase classname="tests.test_iteration22" name="test_public_branding_does_not_leak_secrets" time="0.099" /><testcase classname="tests.test_iteration22_live_sessions" name="test_admin_can_create_session" time="0.556" /><testcase classname="tests.test_iteration22_live_sessions" name="test_list_sessions_returns_created_row" time="0.162" /><testcase classname="tests.test_iteration22_live_sessions" name="test_patch_session_updates_fields" time="0.159" /><testcase classname="tests.test_iteration22_live_sessions" name="test_learner_can_rsvp_and_cancel" time="0.646" /><testcase classname="tests.test_iteration22_live_sessions" name="test_admin_can_bulk_mark_attendance" time="0.314" /><testcase classname="tests.test_iteration22_live_sessions" name="test_learner_cannot_mark_attendance" time="0.151" /><testcase classname="tests.test_iteration22_live_sessions" name="test_learner_upcoming_endpoint_returns_session" time="0.151" /><testcase classname="tests.test_iteration22_live_sessions" name="test_cohort_restricted_session_hidden_from_non_cohort_learner" time="0.154" /><testcase classname="tests.test_iteration22_live_sessions" name="test_ics_download_valid_calendar" time="0.151" /><testcase classname="tests.test_iteration22_live_sessions" name="test_learner_cannot_create_session" time="0.048" /><testcase classname="tests.test_iteration22_live_sessions" name="test_delete_returns_204" time="0.151" /><testcase classname="tests.test_iteration22_marketplace" name="test_catalog_returns_pagination_shape" time="0.120" /><testcase classname="tests.test_iteration22_marketplace" name="test_catalog_search_q_filters_results" time="0.107" /><testcase classname="tests.test_iteration22_marketplace" name="test_catalog_featured_returns_top_courses" time="0.107" /><testcase classname="tests.test_iteration22_marketplace" name="test_catalog_detail_returns_syllabus_preview" time="0.091" /><testcase classname="tests.test_iteration22_marketplace" name="test_catalog_detail_404_for_unknown_course" time="0.097" /><testcase classname="tests.test_iteration22_marketplace" name="test_marketplace_opt_in_toggle_hides_org_courses" time="0.778" /><testcase classname="tests.test_iteration22_marketplace" name="test_catalog_sort_price_asc_returns_cheapest_first" time="0.099" /><testcase classname="tests.test_iteration22_marketplace" name="test_catalog_sort_price_desc_returns_most_expensive_first" time="0.103" /><testcase classname="tests.test_iteration22_marketplace" name="test_catalog_sort_most_enrolled_returns_high_first" time="0.103" /><testcase classname="tests.test_iteration22_marketplace" name="test_catalog_sort_invalid_rejected" time="0.114" /><testcase classname="tests.test_iteration23" name="test_chunker_splits_long_text" time="0.000" /><testcase classname="tests.test_iteration23" name="test_chunker_handles_short_input" time="0.000" /><testcase classname="tests.test_iteration23" name="test_cosine_similarity_basics" time="0.000" /><testcase classname="tests.test_iteration23" name="test_source_upload_and_list_and_delete" time="0.773" /><testcase classname="tests.test_iteration23" name="test_source_upload_learner_blocked" time="0.414" /><testcase classname="tests.test_iteration23" name="test_source_upload_rejects_no_text_or_file" time="0.048" /><testcase classname="tests.test_iteration23" name="test_semantic_search_returns_matching_chunks" time="0.756" /><testcase classname="tests.test_iteration23" name="test_tutor_answer_cites_sources" time="2.110" /><testcase classname="tests.test_iteration23" name="test_tutor_refuses_when_no_sources_match" time="1.470" /><testcase classname="tests.test_iteration23" name="test_tutor_learner_blocked" time="0.057" /><testcase classname="tests.test_iteration23" name="test_tutor_pii_redact_disable_admin_ok" time="2.413" /><testcase classname="tests.test_iteration23" name="test_research_start_returns_job_id_when_tavily_key_present" time="0.060" /><testcase classname="tests.test_iteration23" name="test_research_start_learner_blocked" time="0.115" /><testcase classname="tests.test_iteration23_recurrence_reminders" name="test_create_weekly_recurrence_materialises_children" time="0.622" /><testcase classname="tests.test_iteration23_recurrence_reminders" name="test_recurrence_capped_at_26_instances" time="0.103" /><testcase classname="tests.test_iteration23_recurrence_reminders" name="test_invalid_rrule_falls_back_to_single_session" time="0.100" /><testcase classname="tests.test_iteration23_recurrence_reminders" name="test_reminder_worker_sends_emails_in_14_16_min_window" time="0.488" /><testcase classname="tests.test_iteration23_recurrence_reminders" name="test_reminder_worker_skips_cancelled_rsvps" time="0.074" /><testcase classname="tests.test_iteration23_test_debris_cleanup" name="test_cleanup_removes_debris_courses" time="0.056" /><testcase classname="tests.test_iteration23_test_debris_cleanup" name="test_cleanup_removes_debris_live_sessions" time="0.046" /><testcase classname="tests.test_iteration23_test_debris_cleanup" name="test_cleanup_preserves_current_terms_versions" time="0.041" /><testcase classname="tests.test_iteration23_test_debris_cleanup" name="test_cleanup_dry_run_makes_no_changes" time="0.035" /><testcase classname="tests.test_iteration23_test_debris_cleanup" name="test_cleanup_is_idempotent" time="0.018" /><testcase classname="tests.test_iteration24_exdate_and_subscription" name="test_cancel_occurrence_soft_deletes_and_hides_from_learner" time="1.132" /><testcase classname="tests.test_iteration24_exdate_and_subscription" name="test_uncancel_restores_occurrence" time="0.636" /><testcase classname="tests.test_iteration24_exdate_and_subscription" name="test_head_ics_exports_rrule_and_exdate" time="0.255" /><testcase classname="tests.test_iteration24_exdate_and_subscription" name="test_reminder_worker_skips_cancelled_session" time="0.068" /><testcase classname="tests.test_iteration24_exdate_and_subscription" name="test_admin_can_generate_admin_subscription_url" time="0.049" /><testcase classname="tests.test_iteration24_exdate_and_subscription" name="test_learner_cannot_generate_admin_subscription" time="0.054" /><testcase classname="tests.test_iteration24_exdate_and_subscription" name="test_learner_can_generate_learner_subscription" time="0.081" /><testcase classname="tests.test_iteration24_exdate_and_subscription" name="test_subscription_endpoint_returns_ics_without_auth" time="0.307" /><testcase classname="tests.test_iteration24_exdate_and_subscription" name="test_subscription_bad_token_rejected" time="0.099" /><testcase classname="tests.test_iteration24_exdate_and_subscription" name="test_subscription_tampered_token_rejected" time="0.146" /><testcase classname="tests.test_iteration24_exdate_and_subscription" name="test_subscription_url_idempotent_for_same_user" time="0.090" /><testcase classname="tests.test_iteration24_exdate_and_subscription" name="test_series_rsvp_creates_rsvp_on_head_and_all_children" time="0.309" /><testcase classname="tests.test_iteration24_exdate_and_subscription" name="test_series_rsvp_on_non_series_session_400" time="0.161" /><testcase classname="tests.test_iteration24_exdate_and_subscription" name="test_series_rsvp_skips_cancelled_children" time="0.268" /><testcase classname="tests.test_iteration24_funnel" name="test_track_view_anonymous_creates_row" time="0.128" /><testcase classname="tests.test_iteration24_funnel" name="test_track_view_dedups_same_day_same_viewer" time="0.156" /><testcase classname="tests.test_iteration24_funnel" name="test_track_view_authed_counts_separately_from_anon" time="0.504" /><testcase classname="tests.test_iteration24_funnel" name="test_track_view_unknown_course_silently_drops" time="0.107" /><testcase classname="tests.test_iteration24_funnel" name="test_admin_funnel_returns_expected_shape" time="1.744" /><testcase classname="tests.test_iteration24_funnel" name="test_admin_funnel_days_param_controls_window" time="0.054" /><testcase classname="tests.test_iteration24_funnel" name="test_admin_funnel_rates_are_bounded" time="0.054" /><testcase classname="tests.test_iteration24_funnel" name="test_admin_funnel_learner_role_forbidden" time="0.049" /><testcase classname="tests.test_iteration24_funnel" name="test_admin_funnel_unknown_course_404" time="0.053" /><testcase classname="tests.test_iteration24_funnel" name="test_admin_funnel_rates_clamped_when_enrollments_exceed_views" time="0.166" /><testcase classname="tests.test_iteration25" name="test_sm2_correct_answer_progresses_interval" time="0.001" /><testcase classname="tests.test_iteration25" name="test_sm2_second_correct_review_is_six_days" time="0.000" /><testcase classname="tests.test_iteration25" name="test_sm2_third_correct_multiplies_by_ease" time="0.000" /><testcase classname="tests.test_iteration25" name="test_sm2_wrong_answer_resets_repetitions" time="0.000" /><testcase classname="tests.test_iteration25" name="test_sm2_ease_floor_is_1_3" time="0.000" /><testcase classname="tests.test_iteration25" name="test_learner_cannot_authoring_generate" time="0.390" /><testcase classname="tests.test_iteration25" name="test_learner_cannot_bulk_save" time="0.388" /><testcase classname="tests.test_iteration25" name="test_admin_can_list_flashcards_by_course" time="0.405" /><testcase classname="tests.test_iteration25" name="test_bulk_save_and_learner_review_flow" time="30.362"><error message="failed on setup with &quot;requests.exceptions.ConnectTimeout: HTTPSConnectionPool(host='code-quality-check-31.preview.emergentagent.com', port=443): Max retries exceeded with url: /api/auth/login (Caused by ConnectTimeoutError(&lt;HTTPSConnection(host='code-quality-check-31.preview.emergentagent.com', port=443) at 0xfd316f964210&gt;, 'Connection to code-quality-check-31.preview.emergentagent.com timed out. (connect timeout=15)'))&quot;">/root/.venv/lib/python3.11/site-packages/urllib3/connection.py:204: in _new_conn
    sock = connection.create_connection(
/root/.venv/lib/python3.11/site-packages/urllib3/util/connection.py:85: in create_connection
    raise err
/root/.venv/lib/python3.11/site-packages/urllib3/util/connection.py:73: in create_connection
    sock.connect(sa)
E   TimeoutError: timed out

The above exception was the direct cause of the following exception:
/root/.venv/lib/python3.11/site-packages/urllib3/connectionpool.py:788: in urlopen
    response = self._make_request(
/root/.venv/lib/python3.11/site-packages/urllib3/connectionpool.py:488: in _make_request
    raise new_e
/root/.venv/lib/python3.11/site-packages/urllib3/connectionpool.py:464: in _make_request
    self._validate_conn(conn)
/root/.venv/lib/python3.11/site-packages/urllib3/connectionpool.py:1106: in _validate_conn
    conn.connect()
/root/.venv/lib/python3.11/site-packages/urllib3/connection.py:759: in connect
    self.sock = sock = self._new_conn()
                       ^^^^^^^^^^^^^^^^
/root/.venv/lib/python3.11/site-packages/urllib3/connection.py:213: in _new_conn
    raise ConnectTimeoutError(
E   urllib3.exceptions.ConnectTimeoutError: (&lt;HTTPSConnection(host='code-quality-check-31.preview.emergentagent.com', port=443) at 0xfd316f964210&gt;, 'Connection to code-quality-check-31.preview.emergentagent.com timed out. (connect timeout=15)')

The above exception was the direct cause of the following exception:
/root/.venv/lib/python3.11/site-packages/requests/adapters.py:696: in send
    resp = conn.urlopen(
/root/.venv/lib/python3.11/site-packages/urllib3/connectionpool.py:842: in urlopen
    retries = retries.increment(
/root/.venv/lib/python3.11/site-packages/urllib3/util/retry.py:543: in increment
    raise MaxRetryError(_pool, url, reason) from reason  # type: ignore[arg-type]
    ^^^^^^^^^^^^^^^^^^^^^^^^^^^^^^^^^^^^^^^^^^^^^^^^^^^
E   urllib3.exceptions.MaxRetryError: HTTPSConnectionPool(host='code-quality-check-31.preview.emergentagent.com', port=443): Max retries exceeded with url: /api/auth/login (Caused by ConnectTimeoutError(&lt;HTTPSConnection(host='code-quality-check-31.preview.emergentagent.com', port=443) at 0xfd316f964210&gt;, 'Connection to code-quality-check-31.preview.emergentagent.com timed out. (connect timeout=15)'))

During handling of the above exception, another exception occurred:
tests/test_iteration25.py:37: in learner
    return _login("learner@ifpi.org", "learner123")
           ^^^^^^^^^^^^^^^^^^^^^^^^^^^^^^^^^^^^^^^^
tests/test_iteration25.py:22: in _login
    r = s.post(f"{BASE_URL}/api/auth/login",
/root/.venv/lib/python3.11/site-packages/requests/sessions.py:712: in post
    return self.request("POST", url, data=data, json=json, **kwargs)
           ^^^^^^^^^^^^^^^^^^^^^^^^^^^^^^^^^^^^^^^^^^^^^^^^^^^^^^^^^
tests/conftest.py:171: in _patched_session_request
    return _orig_session_request(self, method, url, **kwargs)
           ^^^^^^^^^^^^^^^^^^^^^^^^^^^^^^^^^^^^^^^^^^^^^^^^^^
/root/.venv/lib/python3.11/site-packages/requests/sessions.py:651: in request
    resp = self.send(prep, **send_kwargs)
           ^^^^^^^^^^^^^^^^^^^^^^^^^^^^^^
/root/.venv/lib/python3.11/site-packages/requests/sessions.py:784: in send
    r = adapter.send(request, **kwargs)
        ^^^^^^^^^^^^^^^^^^^^^^^^^^^^^^^
/root/.venv/lib/python3.11/site-packages/requests/adapters.py:717: in send
    raise ConnectTimeout(e, request=request)
E   requests.exceptions.ConnectTimeout: HTTPSConnectionPool(host='code-quality-check-31.preview.emergentagent.com', port=443): Max retries exceeded with url: /api/auth/login (Caused by ConnectTimeoutError(&lt;HTTPSConnection(host='code-quality-check-31.preview.emergentagent.com', port=443) at 0xfd316f964210&gt;, 'Connection to code-quality-check-31.preview.emergentagent.com timed out. (connect timeout=15)'))</error></testcase></testsuite></testsuites>