<?xml version="1.0" encoding="utf-8"?><testsuites name="pytest tests"><testsuite name="pytest" errors="0" failures="0" skipped="0" tests="10" time="10.761" timestamp="2026-07-02T08:09:22.137170+00:00" hostname="agent-env-5dae153e-be68-452c-9cf0-d868811c3d07"><testcase classname="backend.tests.test_iteration30" name="test_spend_learner_blocked" time="0.795" /><testcase classname="backend.tests.test_iteration30" name="test_spend_returns_zero_filled_series" time="0.379" /><testcase classname="backend.tests.test_iteration30" name="test_languages_endpoint" time="0.374" /><testcase classname="backend.tests.test_iteration30" name="test_narration_rejects_invalid_language" time="0.445" /><testcase classname="backend.tests.test_iteration30" name="test_narration_accepts_valid_language" time="4.126" /><testcase classname="backend.tests.test_iteration30" name="test_narration_language_translate_first_optional" time="2.545" /><testcase classname="backend.tests.test_iteration30" name="test_cert_pdf_contains_verify_url" time="0.453" /><testcase classname="backend.tests.test_iteration30b" name="test_mindmap_thumbnail_persists_and_shows_on_summary" time="0.635" /><testcase classname="backend.tests.test_iteration30b" name="test_mindmap_thumbnail_rejects_oversized_payload" time="0.501" /><testcase classname="backend.tests.test_iteration30b" name="test_cert_pdf_contains_verify_link_text" time="0.435" /></testsuite></testsuites>