<?xml version="1.0" encoding="utf-8"?><testsuites name="pytest tests"><testsuite name="pytest" errors="0" failures="1" skipped="0" tests="51" time="21.887" timestamp="2026-07-01T15:12:50.583214+00:00" hostname="agent-env-5dae153e-be68-452c-9cf0-d868811c3d07"><testcase classname="tests.test_iteration26" name="test_courses_uq_org_title_returns_409" time="0.637" /><testcase classname="tests.test_iteration26" name="test_streak_endpoint_shape" time="0.430" /><testcase classname="tests.test_iteration26" name="test_review_awards_xp_and_returns_streak" time="1.088" /><testcase classname="tests.test_iteration26" name="test_low_quality_review_does_not_award_xp" time="0.886" /><testcase classname="tests.test_iteration26" name="test_narration_generate_and_clear" time="2.477" /><testcase classname="tests.test_iteration26" name="test_narration_rejects_invalid_voice" time="0.494" /><testcase classname="tests.test_iteration26" name="test_narration_learner_blocked" time="0.390" /><testcase classname="tests.test_iteration26" name="test_narration_rejects_short_text" time="0.463" /><testcase classname="tests.test_iteration26" name="test_tts_chunker_short" time="0.275" /><testcase classname="tests.test_iteration26" name="test_tts_chunker_long_splits_on_sentence" time="0.001" /><testcase classname="tests.test_iteration26" name="test_tts_cost_estimate" time="0.000" /><testcase classname="tests.test_iteration25" name="test_sm2_correct_answer_progresses_interval" time="0.001" /><testcase classname="tests.test_iteration25" name="test_sm2_second_correct_review_is_six_days" time="0.000" /><testcase classname="tests.test_iteration25" name="test_sm2_third_correct_multiplies_by_ease" time="0.000" /><testcase classname="tests.test_iteration25" name="test_sm2_wrong_answer_resets_repetitions" time="0.000" /><testcase classname="tests.test_iteration25" name="test_sm2_ease_floor_is_1_3" time="0.000" /><testcase classname="tests.test_iteration25" name="test_learner_cannot_authoring_generate" time="0.420" /><testcase classname="tests.test_iteration25" name="test_learner_cannot_bulk_save" time="0.401" /><testcase classname="tests.test_iteration25" name="test_admin_can_list_flashcards_by_course" time="0.397" /><testcase classname="tests.test_iteration25" name="test_bulk_save_and_learner_review_flow" time="1.012" /><testcase classname="tests.test_iteration25" name="test_stats_endpoint" time="0.391" /><testcase classname="tests.test_iteration25" name="test_admin_generate_returns_valid_shape" time="4.769" /><testcase classname="tests.test_iteration23" name="test_chunker_splits_long_text" time="0.184" /><testcase classname="tests.test_iteration23" name="test_chunker_handles_short_input" time="0.000" /><testcase classname="tests.test_iteration23" name="test_cosine_similarity_basics" time="0.000" /><testcase classname="tests.test_iteration23" name="test_source_upload_and_list_and_delete" time="0.874" /><testcase classname="tests.test_iteration23" name="test_source_upload_learner_blocked" time="0.405" /><testcase classname="tests.test_iteration23" name="test_source_upload_rejects_no_text_or_file" time="0.048" /><testcase classname="tests.test_iteration23" name="test_semantic_search_returns_matching_chunks" time="0.628" /><testcase classname="tests.test_iteration23" name="test_tutor_answer_cites_sources" time="1.249" /><testcase classname="tests.test_iteration23" name="test_tutor_refuses_when_no_sources_match" time="0.880" /><testcase classname="tests.test_iteration23" name="test_tutor_learner_blocked" time="0.051" /><testcase classname="tests.test_iteration23" name="test_tutor_pii_redact_disable_admin_ok" time="0.986" /><testcase classname="tests.test_iteration23" name="test_research_start_returns_job_id_when_tavily_key_present" time="0.058" /><testcase classname="tests.test_iteration23" name="test_research_start_learner_blocked" time="0.118" /><testcase classname="tests.test_iteration22" name="test_ai_infra_tables_exist" time="0.001" /><testcase classname="tests.test_iteration22" name="test_organizations_has_ai_budget_column" time="0.001" /><testcase classname="tests.test_iteration22" name="test_authoring_status_admin_can_access" time="0.448"><failure message="AssertionError: tts_enabled should be off (future iter)&#10;assert True is False">tests/test_iteration22.py:82: in test_authoring_status_admin_can_access
    assert flags[k] is False, f"{k} should be off (future iter)"
E   AssertionError: tts_enabled should be off (future iter)
E   assert True is False</failure></testcase><testcase classname="tests.test_iteration22" name="test_authoring_status_learner_blocked" time="0.402" /><testcase classname="tests.test_iteration22" name="test_authoring_status_anonymous_blocked" time="0.107" /><testcase classname="tests.test_iteration22" name="test_pii_redactor_catches_email_phone_id" time="0.001" /><testcase classname="tests.test_iteration22" name="test_pii_redactor_dedup_same_email" time="0.000" /><testcase classname="tests.test_iteration22" name="test_redaction_preview_endpoint" time="0.050" /><testcase classname="tests.test_iteration22" name="test_redaction_preview_blocks_learner" time="0.048" /><testcase classname="tests.test_iteration22" name="test_budget_snapshot" time="0.048" /><testcase classname="tests.test_iteration22" name="test_budget_update_admin_ok" time="0.180" /><testcase classname="tests.test_iteration22" name="test_budget_update_learner_blocked" time="0.048" /><testcase classname="tests.test_iteration22" name="test_budget_gate_raises_429_when_over" time="0.070" /><testcase classname="tests.test_iteration22" name="test_public_branding_no_auth_required" time="0.106" /><testcase classname="tests.test_iteration22" name="test_public_branding_slug_lookup" time="0.106" /><testcase classname="tests.test_iteration22" name="test_public_branding_does_not_leak_secrets" time="0.115" /></testsuite></testsuites>