<?xml version="1.0" encoding="utf-8"?><testsuites name="pytest tests"><testsuite name="pytest" errors="0" failures="0" skipped="1" tests="17" time="13.090" timestamp="2026-07-03T09:17:14.142699+00:00" hostname="agent-env-5dae153e-be68-452c-9cf0-d868811c3d07"><testcase classname="tests.test_iteration21_e2e_public" name="test_health" time="0.215" /><testcase classname="tests.test_iteration21_e2e_public" name="test_login_sets_httponly_cookies" time="0.425" /><testcase classname="tests.test_iteration21_e2e_public" name="test_get_works_without_csrf_header" time="0.380" /><testcase classname="tests.test_iteration21_e2e_public" name="test_mutation_without_csrf_header_returns_403" time="0.383" /><testcase classname="tests.test_iteration21_e2e_public" name="test_mutation_with_matching_csrf_header_passes" time="0.390" /><testcase classname="tests.test_iteration21_e2e_public" name="test_mutation_with_mismatched_csrf_header_returns_403" time="0.364" /><testcase classname="tests.test_iteration21_e2e_public" name="test_2fa_enroll_login_challenge_teardown" time="2.755" /><testcase classname="tests.test_iteration21_e2e_public" name="test_terms_publish_and_gate" time="0.870" /><testcase classname="tests.test_iteration21_e2e_public" name="test_kiosk_settings" time="0.486" /><testcase classname="tests.test_iteration21_e2e_public" name="test_ai_tutor_ask" time="4.212" /><testcase classname="tests.test_iteration21_e2e_public" name="test_query_builder_build" time="0.395"><skipped type="pytest.skip" message="query-builder non-200: 422 {&quot;detail&quot;:[{&quot;type&quot;:&quot;missing&quot;,&quot;loc&quot;:[&quot;body&quot;,&quot;question&quot;],&quot;msg&quot;:&quot;Field required&quot;,&quot;input&quot;:{&quot;prompt&quot;:&quot;top 5 learners by completed courses&quot;}}]}">/app/backend/tests/test_iteration21_e2e_public.py:274: query-builder non-200: 422 {"detail":[{"type":"missing","loc":["body","question"],"msg":"Field required","input":{"prompt":"top 5 learners by completed courses"}}]}</skipped></testcase><testcase classname="tests.test_iteration21_e2e_public" name="test_scheduled_reports_crud" time="0.472" /><testcase classname="tests.test_iteration21_e2e_public" name="test_email_diagnostics" time="0.379" /><testcase classname="tests.test_iteration21_e2e_public" name="test_affiliate_create_list" time="0.426" /><testcase classname="tests.test_iteration21_e2e_public" name="test_affiliate_lookup_public" time="0.111" /><testcase classname="tests.test_iteration21_e2e_public" name="test_owner_dashboard" time="0.381" /><testcase classname="tests.test_iteration21_e2e_public" name="test_onboarding_checklist" time="0.391" /></testsuite></testsuites>