<?xml version="1.0" encoding="utf-8"?><testsuites name="pytest tests"><testsuite name="pytest" errors="0" failures="0" skipped="3" tests="489" time="298.431" timestamp="2026-07-03T10:13:18.328276+00:00" hostname="agent-env-5dae153e-be68-452c-9cf0-d868811c3d07"><testcase classname="tests.test_docs_completeness" name="test_docs_have_no_drift" time="1.271" /><testcase classname="tests.test_docs_completeness" name="test_every_api_route_mentioned_in_a_manual" time="0.491" /><testcase classname="tests.test_docs_completeness" name="test_every_router_file_indexed" time="0.001" /><testcase classname="tests.test_ifpi_api.TestHealth" name="test_health" time="0.119" /><testcase classname="tests.test_ifpi_api.TestHealth" name="test_root" time="0.091" /><testcase classname="tests.test_ifpi_api.TestAuth" name="test_login_admin" time="0.327" /><testcase classname="tests.test_ifpi_api.TestAuth" name="test_login_learner" time="0.358" /><testcase classname="tests.test_ifpi_api.TestAuth" name="test_login_bad_credentials" time="0.359" /><testcase classname="tests.test_ifpi_api.TestAuth" name="test_register_creates_learner_only" time="0.328" /><testcase classname="tests.test_ifpi_api.TestAuth" name="test_me_endpoint" time="0.372" /><testcase classname="tests.test_ifpi_api.TestAuth" name="test_sso_disabled" time="0.091" /><testcase classname="tests.test_ifpi_api.TestCatalog" name="test_catalog_public" time="0.130" /><testcase classname="tests.test_ifpi_api.TestCourses" name="test_list_courses_admin" time="0.412" /><testcase classname="tests.test_ifpi_api.TestCourses" name="test_list_courses_learner" time="0.070" /><testcase classname="tests.test_ifpi_api.TestCourses" name="test_create_course_unauthenticated_blocked" time="0.118" /><testcase classname="tests.test_ifpi_api.TestCourses" name="test_create_course_learner_forbidden" time="0.050" /><testcase classname="tests.test_ifpi_api.TestCourses" name="test_create_update_get_delete_course_admin" time="0.312" /><testcase classname="tests.test_ifpi_api.TestCourses" name="test_enrol_free_course_learner" time="0.048" /><testcase classname="tests.test_ifpi_api.TestExams" name="test_list_exams_admin" time="0.054" /><testcase classname="tests.test_ifpi_api.TestExams" name="test_get_exam_1_learner" time="0.048" /><testcase classname="tests.test_ifpi_api.TestExams" name="test_take_exam_and_grading" time="0.092"><skipped type="pytest.skip" message="Learner has consumed all attempts for seeded exam">/app/backend/tests/test_ifpi_api.py:217: Learner has consumed all attempts for seeded exam</skipped></testcase><testcase classname="tests.test_ifpi_api.TestLearnerFlow" name="test_complete_course_and_get_certificate" time="0.286" /><testcase classname="tests.test_ifpi_api.TestLeaderboard" name="test_leaderboard" time="0.061" /><testcase classname="tests.test_ifpi_api.TestLeaderboard" name="test_my_gamification" time="0.049" /><testcase classname="tests.test_ifpi_api.TestAdmin" name="test_analytics" time="0.057" /><testcase classname="tests.test_ifpi_api.TestAdmin" name="test_analytics_learner_forbidden" time="0.045" /><testcase classname="tests.test_ifpi_api.TestAdmin" name="test_admin_users" time="0.104" /><testcase classname="tests.test_ifpi_api.TestBilling" name="test_my_subscriptions" time="0.049" /><testcase classname="tests.test_ifpi_api.TestBilling" name="test_subscribe_stub" time="0.166" /><testcase classname="tests.test_ifpi_api.TestAIBuilder" name="test_ai_course_builder" time="13.448" /><testcase classname="tests.test_iteration10.TestOrgCohortSettings" name="test_get_org_includes_cohort_fields" time="1.895" /><testcase classname="tests.test_iteration10.TestOrgCohortSettings" name="test_put_cohort_settings_persists" time="0.095" /><testcase classname="tests.test_iteration10.TestOrgCohortSettings" name="test_empty_webhook_stored_as_null" time="0.091" /><testcase classname="tests.test_iteration10.TestOrgCohortSettings" name="test_threshold_out_of_range_returns_422" time="0.122" /><testcase classname="tests.test_iteration10.TestCohortCelebrationsIdempotency" name="test_lowering_threshold_does_not_refire_existing" time="0.134" /><testcase classname="tests.test_iteration10.TestLeaderboardCohort" name="test_no_param_returns_all" time="0.057" /><testcase classname="tests.test_iteration10.TestLeaderboardCohort" name="test_with_cohort_filters" time="0.212" /><testcase classname="tests.test_iteration10.TestAIQuiz" name="test_generate_returns_valid_payload" time="4.193" /><testcase classname="tests.test_iteration10.TestAIQuiz" name="test_audit_row_created" time="0.053" /><testcase classname="tests.test_iteration10.TestAIQuiz" name="test_course_not_found_for_other_org" time="0.043" /><testcase classname="tests.test_iteration10.TestAIQuiz" name="test_num_questions_zero_returns_400_or_422" time="0.043" /><testcase classname="tests.test_iteration10.TestAIQuiz" name="test_num_questions_21_returns_400_or_422" time="0.043" /><testcase classname="tests.test_iteration10.TestAppendQuestions" name="test_append_preserves_old" time="0.254" /><testcase classname="tests.test_iteration10.TestWorkflowYaml" name="test_workflow_file_exists_and_valid" time="0.004" /><testcase classname="tests.test_iteration11.TestAIQuizQuestionTypes" name="test_true_false_returns_two_options" time="3.953" /><testcase classname="tests.test_iteration11.TestAIQuizQuestionTypes" name="test_short_answer_returns_empty_options" time="3.053" /><testcase classname="tests.test_iteration11.TestAIQuizQuestionTypes" name="test_mixed_returns_blend" time="6.585" /><testcase classname="tests.test_iteration11.TestAIQuizQuestionTypes" name="test_avoid_topics_honored" time="7.692" /><testcase classname="tests.test_iteration11.TestExamQuestionRowTypes" name="test_put_accepts_tf_and_sa" time="0.441" /><testcase classname="tests.test_iteration11.TestLeaderboardCSV" name="test_csv_format" time="0.163" /><testcase classname="tests.test_iteration11.TestLeaderboardCSV" name="test_csv_cohort_filter" time="0.240" /><testcase classname="tests.test_iteration11.TestLeaderboardCSV" name="test_csv_non_admin_forbidden" time="0.431" /><testcase classname="tests.test_iteration11.TestAuditDigest" name="test_basic_response_shape" time="5.839" /><testcase classname="tests.test_iteration11.TestAuditDigest" name="test_days_clamp_low" time="2.638" /><testcase classname="tests.test_iteration11.TestAuditDigest" name="test_days_clamp_high" time="6.427" /><testcase classname="tests.test_iteration11.TestAuditDigest" name="test_non_admin_forbidden" time="0.159" /><testcase classname="tests.test_iteration11.TestAuditDigest" name="test_deterministic_fallback_when_no_llm" time="1.860" /><testcase classname="tests.test_iteration11.TestAuditDigest" name="test_deterministic_fallback_unit" time="0.678" /><testcase classname="tests.test_iteration12.TestWebhookTestEndpoint" name="test_rejects_non_http_url" time="1.870" /><testcase classname="tests.test_iteration12.TestWebhookTestEndpoint" name="test_rejects_empty_url" time="0.044" /><testcase classname="tests.test_iteration12.TestWebhookTestEndpoint" name="test_learner_forbidden" time="1.896" /><testcase classname="tests.test_iteration12.TestWebhookTestEndpoint" name="test_unreachable_host_returns_ok_false" time="0.076" /><testcase classname="tests.test_iteration12.TestWebhookTestEndpoint" name="test_discord_provider_detected" time="0.208" /><testcase classname="tests.test_iteration12.TestWebhookTestEndpoint" name="test_slack_provider_detected" time="0.182" /><testcase classname="tests.test_iteration12.TestWebhookTestEndpoint" name="test_audit_row_written" time="0.095" /><testcase classname="tests.test_iteration13.TestDigestSettings" name="test_get_org_includes_new_fields" time="1.875" /><testcase classname="tests.test_iteration13.TestDigestSettings" name="test_put_persists_digest_toggle" time="0.185" /><testcase classname="tests.test_iteration13.TestDigestSettings" name="test_put_without_digest_field_does_not_change_it" time="0.139" /><testcase classname="tests.test_iteration13.TestSendNow" name="test_learner_forbidden" time="1.882" /><testcase classname="tests.test_iteration13.TestSendNow" name="test_admin_send_now_returns_counts" time="0.084" /><testcase classname="tests.test_iteration13.TestSendNow" name="test_last_sent_at_updated" time="0.115" /><testcase classname="tests.test_iteration13.TestSendNow" name="test_audit_row_written" time="0.121" /><testcase classname="tests.test_iteration13.TestDigestService" name="test_compute_buckets_cohorts" time="0.017" /><testcase classname="tests.test_iteration13.TestDigestService" name="test_weekly_digest_skips_disabled_org" time="0.304" /><testcase classname="tests.test_iteration13.TestDigestService" name="test_weekly_digest_dedupes_recent_sends" time="0.313" /><testcase classname="tests.test_iteration14.TestSSOStatus" name="test_enabled_after_patch" time="2.271" /><testcase classname="tests.test_iteration14.TestSSOExchange" name="test_happy_path_new_user_jit_provisioned" time="0.217" /><testcase classname="tests.test_iteration14.TestSSOExchange" name="test_idempotent_second_exchange_reuses_user" time="0.231" /><testcase classname="tests.test_iteration14.TestSSOExchange" name="test_unknown_role_falls_back_to_learner" time="0.109" /><testcase classname="tests.test_iteration14.TestSSOSecurityHardening" name="test_bad_signature" time="0.095" /><testcase classname="tests.test_iteration14.TestSSOSecurityHardening" name="test_wrong_issuer" time="0.097" /><testcase classname="tests.test_iteration14.TestSSOSecurityHardening" name="test_wrong_audience" time="0.094" /><testcase classname="tests.test_iteration14.TestSSOSecurityHardening" name="test_expired_token" time="0.087" /><testcase classname="tests.test_iteration14.TestSSOSecurityHardening" name="test_iat_too_old" time="0.092" /><testcase classname="tests.test_iteration14.TestSSOSecurityHardening" name="test_missing_jti" time="0.115" /><testcase classname="tests.test_iteration14.TestSSOSecurityHardening" name="test_replay_same_jti_twice" time="0.201" /><testcase classname="tests.test_iteration14.TestSSOAudit" name="test_audit_rows_written" time="2.856" /><testcase classname="tests.test_iteration15.TestSubscriptionCRUD" name="test_learner_forbidden" time="1.945" /><testcase classname="tests.test_iteration15.TestSubscriptionCRUD" name="test_create_with_auto_secret" time="1.891" /><testcase classname="tests.test_iteration15.TestSubscriptionCRUD" name="test_list_includes_new_sub" time="0.048" /><testcase classname="tests.test_iteration15.TestSubscriptionCRUD" name="test_update_changes_events" time="0.104" /><testcase classname="tests.test_iteration15.TestSubscriptionCRUD" name="test_delete_removes" time="0.148" /><testcase classname="tests.test_iteration15.TestSignAndDeliver" name="test_test_endpoint_fires_real_http" time="0.309" /><testcase classname="tests.test_iteration15.TestSignAndDeliver" name="test_5xx_marks_failed_with_retry" time="0.195" /><testcase classname="tests.test_iteration15.TestServiceFilter" name="test_emit_only_matches_listed_events" time="0.156" /><testcase classname="tests.test_iteration15.TestServiceFilter" name="test_course_completion_emits_webhook" time="1.739" /><testcase classname="tests.test_iteration15_gaps.TestPinnedDeps" name="test_all_five_modules_importable_with_correct_versions" time="0.320" /><testcase classname="tests.test_iteration15_gaps.TestPinnedDeps" name="test_requirements_txt_pins_all_five" time="0.000" /><testcase classname="tests.test_iteration15_gaps.TestPinnedDeps" name="test_bulk_import_module_loads" time="0.001" /><testcase classname="tests.test_iteration15_gaps.TestSanitizer" name="test_script_tag_stripped" time="0.008" /><testcase classname="tests.test_iteration15_gaps.TestSanitizer" name="test_plain_text_strips_all_tags" time="0.000" /><testcase classname="tests.test_iteration15_gaps.TestSeedTemplates" name="test_seed_org_1_idempotent" time="0.971" /><testcase classname="tests.test_iteration15_gaps.TestSeedTemplates" name="test_templates_visible_via_api_with_correct_shape" time="0.994" /><testcase classname="tests.test_iteration15_gaps.TestSeedTemplates" name="test_seed_unknown_org_exits_nonzero" time="0.463" /><testcase classname="tests.test_iteration16.TestSanitizer" name="test_strips_script_tag" time="0.001" /><testcase classname="tests.test_iteration16.TestSanitizer" name="test_keeps_safe_html" time="0.001" /><testcase classname="tests.test_iteration16.TestSanitizer" name="test_strips_onclick_handler" time="0.001" /><testcase classname="tests.test_iteration16.TestSanitizer" name="test_strips_javascript_url" time="0.000" /><testcase classname="tests.test_iteration16.TestSanitizer" name="test_plain_text_strips_all_tags" time="0.001" /><testcase classname="tests.test_iteration16.TestBulkImport" name="test_full_run_creates_courses_slides_path" time="0.070" /><testcase classname="tests.test_iteration16.TestBulkImport" name="test_idempotent_rerun" time="0.104" /><testcase classname="tests.test_iteration16.TestExtendedUpload" name="test_pdf_upload_accepted" time="1.944" /><testcase classname="tests.test_iteration16.TestExtendedUpload" name="test_video_upload_accepted" time="0.111" /><testcase classname="tests.test_iteration16.TestExtendedUpload" name="test_unsupported_mime_rejected" time="0.158" /><testcase classname="tests.test_iteration16.TestExtendedUpload" name="test_learner_forbidden" time="1.957" /><testcase classname="tests.test_iteration16.TestImportJobsHTTP" name="test_learner_forbidden" time="0.104" /><testcase classname="tests.test_iteration16.TestImportJobsHTTP" name="test_run_with_missing_path_returns_400" time="0.101" /><testcase classname="tests.test_iteration16.TestImportJobsHTTP" name="test_run_with_real_path_kicks_off_job" time="0.815" /><testcase classname="tests.test_iteration17" name="test_alembic_head_includes_iteration17" time="0.258" /><testcase classname="tests.test_iteration17" name="test_sso_jti_seen_table_exists" time="0.001" /><testcase classname="tests.test_iteration17" name="test_storage_info_admin_only" time="0.399" /><testcase classname="tests.test_iteration17" name="test_storage_info_blocks_anonymous" time="0.095" /><testcase classname="tests.test_iteration17" name="test_upload_zip_extracts_and_imports" time="0.116" /><testcase classname="tests.test_iteration17" name="test_upload_zip_rejects_non_zip" time="0.050" /><testcase classname="tests.test_iteration17" name="test_upload_zip_rejects_traversal" time="0.049" /><testcase classname="tests.test_iteration17" name="test_sso_replay_protection_persists_across_sessions" time="0.107"><skipped type="pytest.skip" message="SSO disabled on this server (SSO_ENABLED != true)">/app/backend/tests/test_iteration17.py:149: SSO disabled on this server (SSO_ENABLED != true)</skipped></testcase><testcase classname="tests.test_iteration18_20" name="test_openapi_lists_all_expected_routes" time="0.687" /><testcase classname="tests.test_iteration18_20" name="test_scorm_upload_parses_and_serves" time="0.160" /><testcase classname="tests.test_iteration18_20" name="test_scorm_upload_rejects_non_scorm_zip" time="0.058" /><testcase classname="tests.test_iteration18_20" name="test_scorm_upload_rejects_traversal" time="0.043" /><testcase classname="tests.test_iteration18_20" name="test_xapi_post_and_list" time="0.097" /><testcase classname="tests.test_iteration18_20" name="test_slide_versioning_snapshot_and_restore" time="0.333" /><testcase classname="tests.test_iteration18_20" name="test_rich_text_sanitizer_strips_script_and_js_uris" time="0.044" /><testcase classname="tests.test_iteration18_20" name="test_rich_text_requires_admin" time="0.099" /><testcase classname="tests.test_iteration18_20" name="test_import_rollback_deletes_created_courses" time="0.234" /><testcase classname="tests.test_iteration18_20" name="test_rollback_rejected_on_pending" time="0.046"><skipped type="pytest.skip" message="no PENDING/RUNNING job available to test rejection path">/app/backend/tests/test_iteration18_20.py:248: no PENDING/RUNNING job available to test rejection path</skipped></testcase><testcase classname="tests.test_iteration2.TestAlembicSchema" name="test_all_tables_present" time="0.002" /><testcase classname="tests.test_iteration2.TestAlembicSchema" name="test_alembic_version_marked" time="0.001" /><testcase classname="tests.test_iteration2.TestAlembicSchema" name="test_seed_users_have_person_rows" time="0.001" /><testcase classname="tests.test_iteration2.TestPersonAutoCreate" name="test_register_creates_person" time="0.342" /><testcase classname="tests.test_iteration2.TestPublishWorkflow" name="test_publish_empty_course_rejected" time="0.508" /><testcase classname="tests.test_iteration2.TestPublishWorkflow" name="test_publish_with_slide_then_unpublish" time="0.268" /><testcase classname="tests.test_iteration2.TestCertificatePDF" name="test_owner_pdf_download" time="0.636" /><testcase classname="tests.test_iteration2.TestCertificatePDF" name="test_admin_can_download_any_pdf" time="0.139" /><testcase classname="tests.test_iteration2.TestCertificatePDF" name="test_other_user_forbidden" time="0.466" /><testcase classname="tests.test_iteration2.TestLearningPaths" name="test_full_crud_and_enroll_flow" time="0.597" /><testcase classname="tests.test_iteration2.TestLearningPaths" name="test_learner_sees_only_published" time="0.222" /><testcase classname="tests.test_iteration20_retest" name="test_public_verify_rate_limiter_triggers_429" time="3.513" /><testcase classname="tests.test_iteration20_retest" name="test_public_catalog_requires_token" time="0.093" /><testcase classname="tests.test_iteration20_retest" name="test_public_catalog_with_valid_token" time="0.542" /><testcase classname="tests.test_iteration20_retest" name="test_admin_route_ok[/api/courses]" time="0.408" /><testcase classname="tests.test_iteration20_retest" name="test_admin_route_ok[/api/certificates]" time="0.396" /><testcase classname="tests.test_iteration20_retest" name="test_admin_route_ok[/api/admin/users]" time="0.431" /><testcase classname="tests.test_iteration20_retest" name="test_admin_route_ok[/api/admin/api-tokens]" time="0.380" /><testcase classname="tests.test_iteration20_retest" name="test_admin_route_ok[/api/admin/api-tokens/analytics/spend?days=14]" time="15.411" /><testcase classname="tests.test_iteration20_retest" name="test_admin_route_ok[/api/learning-paths]" time="0.439" /><testcase classname="tests.test_iteration20_retest" name="test_learner_route_ok[/api/courses]" time="0.405" /><testcase classname="tests.test_iteration20_retest" name="test_learner_route_ok[/api/certificates]" time="0.391" /><testcase classname="tests.test_iteration20_retest" name="test_learner_route_ok[/api/learning-paths]" time="0.374" /><testcase classname="tests.test_iteration20_retest" name="test_learner_denied_on_admin_routes" time="0.426" /><testcase classname="tests.test_iteration21" name="test_api_token_create_list_revoke_delete" time="0.682" /><testcase classname="tests.test_iteration21" name="test_api_token_blocks_invalid_secret" time="0.090" /><testcase classname="tests.test_iteration21" name="test_xapi_completed_verb_auto_completes_enrollment" time="0.750" /><testcase classname="tests.test_iteration21" name="test_xapi_non_completion_verb_does_not_autocomplete" time="0.048" /><testcase classname="tests.test_iteration21" name="test_xapi_unknown_course_auto_complete_no_op" time="0.049" /><testcase classname="tests.test_iteration21_e2e_public" name="test_health" time="0.095" /><testcase classname="tests.test_iteration21_e2e_public" name="test_login_sets_httponly_cookies" time="0.328" /><testcase classname="tests.test_iteration21_e2e_public" name="test_get_works_without_csrf_header" time="0.373" /><testcase classname="tests.test_iteration21_e2e_public" name="test_mutation_without_csrf_header_returns_403" time="0.369" /><testcase classname="tests.test_iteration21_e2e_public" name="test_mutation_with_matching_csrf_header_passes" time="0.376" /><testcase classname="tests.test_iteration21_e2e_public" name="test_mutation_with_mismatched_csrf_header_returns_403" time="0.394" /><testcase classname="tests.test_iteration21_e2e_public" name="test_2fa_enroll_login_challenge_teardown" time="2.445" /><testcase classname="tests.test_iteration21_e2e_public" name="test_terms_publish_and_gate" time="0.857" /><testcase classname="tests.test_iteration21_e2e_public" name="test_kiosk_settings" time="0.487" /><testcase classname="tests.test_iteration21_e2e_public" name="test_ai_tutor_ask" time="3.982" /><testcase classname="tests.test_iteration21_e2e_public" name="test_query_builder_build" time="2.206" /><testcase classname="tests.test_iteration21_e2e_public" name="test_query_builder_flashcard_save" time="0.387" /><testcase classname="tests.test_iteration21_e2e_public" name="test_scheduled_reports_crud" time="0.514" /><testcase classname="tests.test_iteration21_e2e_public" name="test_email_diagnostics" time="0.378" /><testcase classname="tests.test_iteration21_e2e_public" name="test_affiliate_create_list" time="0.431" /><testcase classname="tests.test_iteration21_e2e_public" name="test_affiliate_lookup_public" time="0.098" /><testcase classname="tests.test_iteration21_e2e_public" name="test_owner_dashboard" time="0.391" /><testcase classname="tests.test_iteration21_e2e_public" name="test_onboarding_checklist" time="0.383" /><testcase classname="tests.test_iteration22" name="test_ai_infra_tables_exist" time="0.002" /><testcase classname="tests.test_iteration22" name="test_organizations_has_ai_budget_column" time="0.001" /><testcase classname="tests.test_iteration22" name="test_authoring_status_admin_can_access" time="0.379" /><testcase classname="tests.test_iteration22" name="test_authoring_status_learner_blocked" time="0.388" /><testcase classname="tests.test_iteration22" name="test_authoring_status_anonymous_blocked" time="0.095" /><testcase classname="tests.test_iteration22" name="test_pii_redactor_catches_email_phone_id" time="0.000" /><testcase classname="tests.test_iteration22" name="test_pii_redactor_dedup_same_email" time="0.000" /><testcase classname="tests.test_iteration22" name="test_redaction_preview_endpoint" time="0.045" /><testcase classname="tests.test_iteration22" name="test_redaction_preview_blocks_learner" time="0.042" /><testcase classname="tests.test_iteration22" name="test_budget_snapshot" time="0.043" /><testcase classname="tests.test_iteration22" name="test_budget_update_admin_ok" time="0.151" /><testcase classname="tests.test_iteration22" name="test_budget_update_learner_blocked" time="0.041" /><testcase classname="tests.test_iteration22" name="test_budget_gate_raises_429_when_over" time="0.017" /><testcase classname="tests.test_iteration22" name="test_public_branding_no_auth_required" time="0.096" /><testcase classname="tests.test_iteration22" name="test_public_branding_slug_lookup" time="0.138" /><testcase classname="tests.test_iteration22" name="test_public_branding_does_not_leak_secrets" time="0.101" /><testcase classname="tests.test_iteration22_live_sessions" name="test_admin_can_create_session" time="0.557" /><testcase classname="tests.test_iteration22_live_sessions" name="test_list_sessions_returns_created_row" time="0.167" /><testcase classname="tests.test_iteration22_live_sessions" name="test_patch_session_updates_fields" time="0.164" /><testcase classname="tests.test_iteration22_live_sessions" name="test_learner_can_rsvp_and_cancel" time="0.669" /><testcase classname="tests.test_iteration22_live_sessions" name="test_admin_can_bulk_mark_attendance" time="0.308" /><testcase classname="tests.test_iteration22_live_sessions" name="test_learner_cannot_mark_attendance" time="0.156" /><testcase classname="tests.test_iteration22_live_sessions" name="test_learner_upcoming_endpoint_returns_session" time="0.165" /><testcase classname="tests.test_iteration22_live_sessions" name="test_cohort_restricted_session_hidden_from_non_cohort_learner" time="0.158" /><testcase classname="tests.test_iteration22_live_sessions" name="test_ics_download_valid_calendar" time="0.160" /><testcase classname="tests.test_iteration22_live_sessions" name="test_learner_cannot_create_session" time="0.046" /><testcase classname="tests.test_iteration22_live_sessions" name="test_delete_returns_204" time="0.158" /><testcase classname="tests.test_iteration22_marketplace" name="test_catalog_returns_pagination_shape" time="0.110" /><testcase classname="tests.test_iteration22_marketplace" name="test_catalog_search_q_filters_results" time="0.099" /><testcase classname="tests.test_iteration22_marketplace" name="test_catalog_featured_returns_top_courses" time="0.107" /><testcase classname="tests.test_iteration22_marketplace" name="test_catalog_detail_returns_syllabus_preview" time="0.099" /><testcase classname="tests.test_iteration22_marketplace" name="test_catalog_detail_404_for_unknown_course" time="0.104" /><testcase classname="tests.test_iteration22_marketplace" name="test_marketplace_opt_in_toggle_hides_org_courses" time="0.787" /><testcase classname="tests.test_iteration23" name="test_chunker_splits_long_text" time="0.000" /><testcase classname="tests.test_iteration23" name="test_chunker_handles_short_input" time="0.000" /><testcase classname="tests.test_iteration23" name="test_cosine_similarity_basics" time="0.001" /><testcase classname="tests.test_iteration23" name="test_source_upload_and_list_and_delete" time="0.985" /><testcase classname="tests.test_iteration23" name="test_source_upload_learner_blocked" time="0.387" /><testcase classname="tests.test_iteration23" name="test_source_upload_rejects_no_text_or_file" time="0.044" /><testcase classname="tests.test_iteration23" name="test_semantic_search_returns_matching_chunks" time="0.834" /><testcase classname="tests.test_iteration23" name="test_tutor_answer_cites_sources" time="2.535" /><testcase classname="tests.test_iteration23" name="test_tutor_refuses_when_no_sources_match" time="1.102" /><testcase classname="tests.test_iteration23" name="test_tutor_learner_blocked" time="0.047" /><testcase classname="tests.test_iteration23" name="test_tutor_pii_redact_disable_admin_ok" time="1.743" /><testcase classname="tests.test_iteration23" name="test_research_start_returns_job_id_when_tavily_key_present" time="0.056" /><testcase classname="tests.test_iteration23" name="test_research_start_learner_blocked" time="0.098" /><testcase classname="tests.test_iteration25" name="test_sm2_correct_answer_progresses_interval" time="0.000" /><testcase classname="tests.test_iteration25" name="test_sm2_second_correct_review_is_six_days" time="0.000" /><testcase classname="tests.test_iteration25" name="test_sm2_third_correct_multiplies_by_ease" time="0.000" /><testcase classname="tests.test_iteration25" name="test_sm2_wrong_answer_resets_repetitions" time="0.000" /><testcase classname="tests.test_iteration25" name="test_sm2_ease_floor_is_1_3" time="0.000" /><testcase classname="tests.test_iteration25" name="test_learner_cannot_authoring_generate" time="0.438" /><testcase classname="tests.test_iteration25" name="test_learner_cannot_bulk_save" time="0.383" /><testcase classname="tests.test_iteration25" name="test_admin_can_list_flashcards_by_course" time="0.394" /><testcase classname="tests.test_iteration25" name="test_bulk_save_and_learner_review_flow" time="0.934" /><testcase classname="tests.test_iteration25" name="test_stats_endpoint" time="0.419" /><testcase classname="tests.test_iteration25" name="test_admin_generate_returns_valid_shape" time="2.981" /><testcase classname="tests.test_iteration26" name="test_courses_uq_org_title_returns_409" time="0.401" /><testcase classname="tests.test_iteration26" name="test_streak_endpoint_shape" time="0.393" /><testcase classname="tests.test_iteration26" name="test_review_awards_xp_and_returns_streak" time="0.887" /><testcase classname="tests.test_iteration26" name="test_low_quality_review_does_not_award_xp" time="0.805" /><testcase classname="tests.test_iteration26" name="test_narration_generate_and_clear" time="3.349" /><testcase classname="tests.test_iteration26" name="test_narration_rejects_invalid_voice" time="0.474" /><testcase classname="tests.test_iteration26" name="test_narration_learner_blocked" time="0.382" /><testcase classname="tests.test_iteration26" name="test_narration_rejects_short_text" time="0.420" /><testcase classname="tests.test_iteration26" name="test_tts_chunker_short" time="0.001" /><testcase classname="tests.test_iteration26" name="test_tts_chunker_long_splits_on_sentence" time="0.001" /><testcase classname="tests.test_iteration26" name="test_tts_cost_estimate" time="0.000" /><testcase classname="tests.test_iteration27" name="test_video_learner_blocked" time="0.388" /><testcase classname="tests.test_iteration27" name="test_video_invalid_size_rejected" time="0.371" /><testcase classname="tests.test_iteration27" name="test_video_invalid_duration_rejected" time="0.376" /><testcase classname="tests.test_iteration27" name="test_video_invalid_model_rejected" time="0.401" /><testcase classname="tests.test_iteration27" name="test_video_start_returns_202_with_job_id" time="0.387" /><testcase classname="tests.test_iteration27" name="test_video_history_lists_started_job" time="0.391" /><testcase classname="tests.test_iteration27" name="test_video_cost_scales_with_model_and_duration" time="0.001" /><testcase classname="tests.test_iteration27" name="test_visuals_learner_blocked" time="0.374" /><testcase classname="tests.test_iteration27" name="test_visuals_prompt_too_short_rejected" time="0.377" /><testcase classname="tests.test_iteration27" name="test_visuals_generate_returns_image_url" time="6.943" /><testcase classname="tests.test_iteration27" name="test_visuals_attach_to_slide_updates_media_url" time="6.111" /><testcase classname="tests.test_iteration27" name="test_visuals_cost_estimate" time="0.001" /><testcase classname="tests.test_iteration28" name="test_mindmap_learner_blocked" time="0.393" /><testcase classname="tests.test_iteration28" name="test_mindmap_missing_course_404" time="0.389" /><testcase classname="tests.test_iteration28" name="test_mindmap_generate_shape" time="4.794" /><testcase classname="tests.test_iteration28" name="test_pptx_learner_blocked" time="0.411" /><testcase classname="tests.test_iteration28" name="test_pptx_missing_course_404" time="0.374" /><testcase classname="tests.test_iteration28" name="test_pptx_export_returns_pptx_bytes" time="0.393" /><testcase classname="tests.test_iteration28" name="test_token_analytics_learner_blocked" time="0.389" /><testcase classname="tests.test_iteration28" name="test_token_analytics_returns_series" time="0.390" /><testcase classname="tests.test_iteration28" name="test_token_analytics_records_a_call" time="0.559" /><testcase classname="tests.test_iteration28" name="test_scorm_runtime_js_served" time="0.095" /><testcase classname="tests.test_iteration28" name="test_cert_verify_anon_404_on_junk" time="0.099" /><testcase classname="tests.test_iteration28" name="test_cert_verify_anon_returns_pii_safe_shape" time="0.103" /><testcase classname="tests.test_iteration28" name="test_catalog_requires_authorization" time="0.094" /><testcase classname="tests.test_iteration28" name="test_catalog_authd_admin" time="0.381" /><testcase classname="tests.test_iteration28" name="test_catalog_api_token_needs_read_catalog_scope" time="0.643" /><testcase classname="tests.test_iteration28" name="test_catalog_search_filters_results" time="0.379" /><testcase classname="tests.test_iteration29" name="test_verify_rate_limit_kicks_in_after_30_calls" time="2.971" /><testcase classname="tests.test_iteration29" name="test_video_preview_learner_blocked" time="0.431" /><testcase classname="tests.test_iteration29" name="test_video_preview_returns_cost_and_budget" time="0.429" /><testcase classname="tests.test_iteration29" name="test_video_preview_rejects_invalid" time="0.426" /><testcase classname="tests.test_iteration29" name="test_mindmap_layout_roundtrip" time="0.588" /><testcase classname="tests.test_iteration29" name="test_mindmap_layout_learner_blocked" time="0.426" /><testcase classname="tests.test_iteration29" name="test_mindmap_layout_404_on_missing_course" time="0.429" /><testcase classname="tests.test_iteration29" name="test_video_start_still_returns_202_with_dedicated_worker" time="0.458" /><testcase classname="tests.test_iteration3" name="test_alembic_head_is_iteration3" time="0.278" /><testcase classname="tests.test_iteration3" name="test_new_tables_exist" time="0.002" /><testcase classname="tests.test_iteration3" name="test_self_prereq_400" time="0.399" /><testcase classname="tests.test_iteration3" name="test_prereq_enforcement_412" time="0.726" /><testcase classname="tests.test_iteration3" name="test_prereq_cleared_after_completion" time="0.450" /><testcase classname="tests.test_iteration3" name="test_invitation_create_list_and_outbox" time="0.196" /><testcase classname="tests.test_iteration3" name="test_reinvite_revokes_prior_pending" time="0.173" /><testcase classname="tests.test_iteration3" name="test_revoke_invite_and_double_revoke" time="0.177" /><testcase classname="tests.test_iteration3" name="test_invitation_accept_flow" time="0.545" /><testcase classname="tests.test_iteration3" name="test_cert_email_outbox_no_duplicate" time="0.509" /><testcase classname="tests.test_iteration3" name="test_org_get_and_patch_logo" time="0.424" /><testcase classname="tests.test_iteration3" name="test_slides_reorder" time="0.225" /><testcase classname="tests.test_iteration3" name="test_path_items_reorder" time="0.338" /><testcase classname="tests.test_iteration3" name="test_lead_capture_idempotent_no_downgrade" time="0.203" /><testcase classname="tests.test_iteration3" name="test_embed_js" time="0.171" /><testcase classname="tests.test_iteration30" name="test_spend_learner_blocked" time="0.375" /><testcase classname="tests.test_iteration30" name="test_spend_returns_zero_filled_series" time="0.380" /><testcase classname="tests.test_iteration30" name="test_languages_endpoint" time="0.380" /><testcase classname="tests.test_iteration30" name="test_narration_rejects_invalid_language" time="0.461" /><testcase classname="tests.test_iteration30" name="test_narration_accepts_valid_language" time="1.856" /><testcase classname="tests.test_iteration30" name="test_narration_language_translate_first_optional" time="2.436" /><testcase classname="tests.test_iteration30" name="test_cert_pdf_contains_verify_url" time="0.563" /><testcase classname="tests.test_iteration30b" name="test_mindmap_thumbnail_persists_and_shows_on_summary" time="0.680" /><testcase classname="tests.test_iteration30b" name="test_mindmap_thumbnail_rejects_oversized_payload" time="0.508" /><testcase classname="tests.test_iteration30b" name="test_cert_pdf_contains_verify_link_text" time="0.513" /><testcase classname="tests.test_iteration30d" name="test_correlation_id_echoes_incoming_header" time="0.090" /><testcase classname="tests.test_iteration30d" name="test_correlation_id_auto_generated_when_missing" time="0.091" /><testcase classname="tests.test_iteration30d" name="test_correlation_id_truncates_pathological_input" time="0.088" /><testcase classname="tests.test_iteration30d" name="test_404_returns_envelope" time="0.091" /><testcase classname="tests.test_iteration30d" name="test_401_returns_envelope_with_code" time="0.101" /><testcase classname="tests.test_iteration30d" name="test_login_brute_force_locks_out_after_5_failures" time="0.679" /><testcase classname="tests.test_iteration30d" name="test_login_brute_force_resets_on_successful_login" time="1.693" /><testcase classname="tests.test_iteration30e" name="test_docs_manifest_lists_all_four_manuals" time="0.406" /><testcase classname="tests.test_iteration30e" name="test_learner_cannot_access_docs_library" time="0.389" /><testcase classname="tests.test_iteration30e" name="test_admin_can_download_setup_manual_pdf" time="0.397" /><testcase classname="tests.test_iteration30e" name="test_admin_can_download_all_four_pdfs" time="2.471" /><testcase classname="tests.test_iteration30e" name="test_admin_can_download_raw_markdown" time="0.408" /><testcase classname="tests.test_iteration30e" name="test_unknown_slug_returns_404_envelope" time="0.408" /><testcase classname="tests.test_iteration30e" name="test_pdf_cached_between_requests" time="0.460" /><testcase classname="tests.test_iteration30e" name="test_preview_returns_inline_content_disposition" time="0.385" /><testcase classname="tests.test_iteration30e" name="test_download_records_audit_log_entry" time="0.471" /><testcase classname="tests.test_iteration30e" name="test_preview_records_distinct_audit_action" time="0.435" /><testcase classname="tests.test_iteration30h_csrf" name="test_csrf_get_requests_pass_through" time="0.004" /><testcase classname="tests.test_iteration30h_csrf" name="test_csrf_login_path_is_exempt" time="0.003" /><testcase classname="tests.test_iteration30h_csrf" name="test_csrf_bearer_auth_is_exempt" time="0.002" /><testcase classname="tests.test_iteration30h_csrf" name="test_csrf_missing_token_returns_403" time="0.002" /><testcase classname="tests.test_iteration30h_csrf" name="test_csrf_mismatched_token_returns_403" time="0.002" /><testcase classname="tests.test_iteration30h_csrf" name="test_csrf_matching_token_passes" time="0.003" /><testcase classname="tests.test_iteration30h_csrf" name="test_csrf_no_cookie_session_passes" time="0.002" /><testcase classname="tests.test_iteration30h_csrf" name="test_csrf_disabled_flag_bypasses_middleware" time="0.002" /><testcase classname="tests.test_iteration30h_csrf" name="test_login_sets_csrf_cookie" time="0.664" /><testcase classname="tests.test_iteration30h_csrf" name="test_bearer_flows_unaffected_by_csrf" time="0.378" /><testcase classname="tests.test_iteration30i_totp" name="test_status_initially_disabled" time="0.371" /><testcase classname="tests.test_iteration30i_totp" name="test_setup_init_returns_secret_and_qr" time="0.374" /><testcase classname="tests.test_iteration30i_totp" name="test_full_enable_login_disable_cycle" time="3.793" /><testcase classname="tests.test_iteration30i_totp" name="test_setup_rejects_bad_code" time="0.421" /><testcase classname="tests.test_iteration30i_totp" name="test_status_survives_page_refresh" time="0.369" /><testcase classname="tests.test_iteration30i_totp" name="test_challenge_expired_returns_401" time="0.094" /><testcase classname="tests.test_iteration30i_totp" name="test_challenge_max_attempts_locks_out" time="5.021" /><testcase classname="tests.test_iteration30k_owner" name="test_widget_shape_and_admin_gate" time="0.751" /><testcase classname="tests.test_iteration30k_owner" name="test_widget_item_shape" time="0.386" /><testcase classname="tests.test_iteration30k_owner" name="test_limit_enforced" time="0.391" /><testcase classname="tests.test_iteration30k_owner" name="test_ordering_by_priority" time="0.527" /><testcase classname="tests.test_iteration30l_terms_kiosk" name="test_publish_terms_then_current_shows_it" time="0.907" /><testcase classname="tests.test_iteration30l_terms_kiosk" name="test_publish_flips_previous_current" time="0.480" /><testcase classname="tests.test_iteration30l_terms_kiosk" name="test_learner_cannot_publish_terms" time="0.399" /><testcase classname="tests.test_iteration30l_terms_kiosk" name="test_acceptance_audit_shows_ip_and_agent" time="0.806" /><testcase classname="tests.test_iteration30l_terms_kiosk" name="test_kiosk_default_settings" time="0.391" /><testcase classname="tests.test_iteration30l_terms_kiosk" name="test_kiosk_update_then_unlock_with_pin" time="0.642" /><testcase classname="tests.test_iteration30l_terms_kiosk" name="test_kiosk_unlock_password_fallback" time="0.600" /><testcase classname="tests.test_iteration30l_terms_kiosk" name="test_flags_default_registry" time="0.388" /><testcase classname="tests.test_iteration30l_terms_kiosk" name="test_flags_override_then_read_back" time="0.478" /><testcase classname="tests.test_iteration30l_terms_kiosk" name="test_unknown_flag_key_rejected" time="0.376" /><testcase classname="tests.test_iteration30l_terms_kiosk" name="test_learner_cannot_set_flag" time="0.380" /><testcase classname="tests.test_iteration30m_tutor" name="test_list_sessions_empty_ok" time="0.371" /><testcase classname="tests.test_iteration30m_tutor" name="test_get_missing_session_returns_404" time="0.387" /><testcase classname="tests.test_iteration30m_tutor" name="test_ask_rejects_missing_course_404" time="0.417" /><testcase classname="tests.test_iteration30m_tutor" name="test_ask_rejects_empty_question" time="0.369" /><testcase classname="tests.test_iteration30m_tutor" name="test_ask_creates_session_and_persists_turns" time="2.013" /><testcase classname="tests.test_iteration30m_tutor" name="test_ask_continues_existing_session" time="3.547" /><testcase classname="tests.test_iteration30m_tutor" name="test_pii_is_always_redacted_before_llm" time="1.836" /><testcase classname="tests.test_iteration30m_tutor" name="test_cross_org_session_isolation" time="0.400" /><testcase classname="tests.test_iteration30m_tutor" name="test_archive_session_removes_from_list" time="0.374" /><testcase classname="tests.test_iteration30n_factories" name="test_org_factory_creates_row" time="0.007" /><testcase classname="tests.test_iteration30n_factories" name="test_user_factory_creates_row_with_password" time="0.235" /><testcase classname="tests.test_iteration30n_factories" name="test_course_factory_belongs_to_org" time="0.008" /><testcase classname="tests.test_iteration30n_factories" name="test_enrollment_factory_wires_user_and_course" time="0.250" /><testcase classname="tests.test_iteration30n_factories" name="test_factory_composition" time="0.250" /><testcase classname="tests.test_iteration30op_onboarding_reports" name="test_onboarding_shape" time="0.377" /><testcase classname="tests.test_iteration30op_onboarding_reports" name="test_onboarding_step_keys_stable" time="0.385" /><testcase classname="tests.test_iteration30op_onboarding_reports" name="test_onboarding_learner_forbidden" time="0.390" /><testcase classname="tests.test_iteration30op_onboarding_reports" name="test_scheduled_reports_crud_cycle" time="0.552" /><testcase classname="tests.test_iteration30op_onboarding_reports" name="test_scheduled_reports_reject_unknown_kind" time="0.405" /><testcase classname="tests.test_iteration30op_onboarding_reports" name="test_scheduled_reports_reject_bad_email" time="0.374" /><testcase classname="tests.test_iteration30op_onboarding_reports" name="test_scheduled_reports_run_now_enqueues" time="0.483" /><testcase classname="tests.test_iteration30op_onboarding_reports" name="test_scheduled_reports_learner_forbidden" time="0.410" /><testcase classname="tests.test_iteration30q_query_flashcard" name="test_query_builder_returns_count" time="2.192" /><testcase classname="tests.test_iteration30q_query_flashcard" name="test_query_builder_handles_join" time="2.697" /><testcase classname="tests.test_iteration30q_query_flashcard" name="test_query_builder_rejects_learner" time="0.407" /><testcase classname="tests.test_iteration30q_query_flashcard" name="test_save_as_flashcard_from_tutor" time="2.772" /><testcase classname="tests.test_iteration30q_query_flashcard" name="test_save_as_flashcard_rejects_someone_elses_message" time="0.377" /><testcase classname="tests.test_iteration30r_email" name="test_transport_status_shape" time="0.379" /><testcase classname="tests.test_iteration30r_email" name="test_transport_status_reports_stub_by_default" time="0.377" /><testcase classname="tests.test_iteration30r_email" name="test_send_test_returns_status_and_notes" time="0.394" /><testcase classname="tests.test_iteration30r_email" name="test_send_test_rejects_bad_email" time="0.378" /><testcase classname="tests.test_iteration30r_email" name="test_send_test_learner_forbidden" time="0.416" /><testcase classname="tests.test_iteration30s_affiliate" name="test_create_code_auto_generates" time="0.386" /><testcase classname="tests.test_iteration30s_affiliate" name="test_create_code_with_custom_string" time="0.378" /><testcase classname="tests.test_iteration30s_affiliate" name="test_reject_out_of_bounds_reward" time="0.426" /><testcase classname="tests.test_iteration30s_affiliate" name="test_public_lookup_returns_referrer_name" time="0.485" /><testcase classname="tests.test_iteration30s_affiliate" name="test_public_lookup_missing_code_404" time="0.095" /><testcase classname="tests.test_iteration30s_affiliate" name="test_deactivate_code_hides_from_lookup" time="0.528" /><testcase classname="tests.test_iteration30s_affiliate" name="test_earnings_shape" time="0.376" /><testcase classname="tests.test_iteration30s_affiliate" name="test_referrals_list_shape" time="0.377" /><testcase classname="tests.test_iteration30s_affiliate" name="test_learner_forbidden" time="0.426" /><testcase classname="tests.test_iteration4" name="test_alembic_head_iteration4" time="0.282" /><testcase classname="tests.test_iteration4" name="test_org_cert_branding_columns_exist" time="0.001" /><testcase classname="tests.test_iteration4" name="test_outbox_pagination_shape" time="0.373" /><testcase classname="tests.test_iteration4" name="test_outbox_pagination_page_2_differs" time="0.088" /><testcase classname="tests.test_iteration4" name="test_outbox_pagination_out_of_range" time="0.047" /><testcase classname="tests.test_iteration4" name="test_outbox_filter_status_stub" time="0.047" /><testcase classname="tests.test_iteration4" name="test_outbox_filter_search" time="0.047" /><testcase classname="tests.test_iteration4" name="test_outbox_filter_template" time="0.044" /><testcase classname="tests.test_iteration4" name="test_outbox_stats" time="0.044" /><testcase classname="tests.test_iteration4" name="test_course_duplicate_as_admin" time="0.187" /><testcase classname="tests.test_iteration4" name="test_course_duplicate_forbidden_for_learner" time="0.402" /><testcase classname="tests.test_iteration4" name="test_course_duplicate_404" time="0.047" /><testcase classname="tests.test_iteration4" name="test_prereq_crud" time="0.321" /><testcase classname="tests.test_iteration4" name="test_org_patch_branding_fields" time="0.179" /><testcase classname="tests.test_iteration4" name="test_pdf_cert_with_branding_and_bad_color" time="0.381" /><testcase classname="tests.test_iteration4" name="test_outbox_worker_drains_queued" time="4.546" /><testcase classname="tests.test_iteration5" name="test_admin_login_returns_user_and_cookies" time="0.362" /><testcase classname="tests.test_iteration5" name="test_public_portal_no_auth" time="0.101" /><testcase classname="tests.test_iteration5" name="test_public_portal_unknown_slug" time="0.092" /><testcase classname="tests.test_iteration5" name="test_slide_comments_crud" time="0.536" /><testcase classname="tests.test_iteration5" name="test_slide_comment_empty_body_400" time="0.044" /><testcase classname="tests.test_iteration5" name="test_slide_comment_invalid_slide_404" time="0.045" /><testcase classname="tests.test_iteration5" name="test_cert_preview_admin_returns_pdf" time="0.390" /><testcase classname="tests.test_iteration5" name="test_cert_preview_learner_forbidden" time="0.042" /><testcase classname="tests.test_iteration5" name="test_image_upload_admin_then_serve" time="0.147" /><testcase classname="tests.test_iteration5" name="test_image_upload_rejects_non_image" time="0.044" /><testcase classname="tests.test_iteration5" name="test_image_upload_rejects_too_large" time="0.292" /><testcase classname="tests.test_iteration5" name="test_image_upload_learner_forbidden" time="0.046" /><testcase classname="tests.test_iteration5" name="test_academies_list_as_super_admin" time="0.104" /><testcase classname="tests.test_iteration5" name="test_academies_list_as_learner_forbidden" time="0.043" /><testcase classname="tests.test_iteration5" name="test_create_academy_queues_invitation" time="0.116" /><testcase classname="tests.test_iteration5" name="test_outbox_stats_endpoint" time="0.050" /><testcase classname="tests.test_iteration5" name="test_outbox_retry_and_worker_drains" time="3.060" /><testcase classname="tests.test_iteration5" name="test_course_duplicate_regression" time="0.104" /><testcase classname="tests.test_iteration5" name="test_course_publish_unpublish_regression" time="0.104" /><testcase classname="tests.test_iteration5" name="test_prerequisites_regression" time="0.051" /><testcase classname="tests.test_iteration6" name="test_themes_list_requires_auth" time="0.164" /><testcase classname="tests.test_iteration6" name="test_themes_list_returns_5" time="0.436" /><testcase classname="tests.test_iteration6" name="test_apply_theme_unknown_slug_404" time="0.093" /><testcase classname="tests.test_iteration6" name="test_apply_theme_non_admin_403" time="0.432" /><testcase classname="tests.test_iteration6" name="test_apply_theme_conservatoire_then_restore_classic" time="0.388" /><testcase classname="tests.test_iteration6" name="test_courses_reorder_and_listing_order" time="0.358" /><testcase classname="tests.test_iteration6" name="test_courses_reorder_learner_forbidden" time="0.094" /><testcase classname="tests.test_iteration6" name="test_academies_requires_super_admin" time="0.090" /><testcase classname="tests.test_iteration6" name="test_academies_search_and_sort" time="0.825" /><testcase classname="tests.test_iteration6" name="test_upload_image_nested_key_serves" time="0.202" /><testcase classname="tests.test_iteration6" name="test_cert_preview_returns_pdf" time="0.118" /><testcase classname="tests.test_iteration7.TestBadgeTiers" name="test_list_default_seed" time="0.374" /><testcase classname="tests.test_iteration7.TestBadgeTiers" name="test_list_forbidden_for_learner" time="0.376" /><testcase classname="tests.test_iteration7.TestBadgeTiers" name="test_create_update_delete_cycle" time="0.281" /><testcase classname="tests.test_iteration7.TestBadgeTiers" name="test_patch_unknown_id_returns_404" time="0.045" /><testcase classname="tests.test_iteration7.TestBadgeTiers" name="test_delete_unknown_id_returns_404" time="0.042" /><testcase classname="tests.test_iteration7.TestBadgeTiers" name="test_reorder_changes_order_index" time="0.182" /><testcase classname="tests.test_iteration7.TestGamification" name="test_me_returns_badges" time="0.050" /><testcase classname="tests.test_iteration7.TestSmtp" name="test_get_smtp_no_password_in_response" time="0.053" /><testcase classname="tests.test_iteration7.TestSmtp" name="test_put_smtp_persists_with_encrypted_password" time="0.435" /><testcase classname="tests.test_iteration7.TestSmtp" name="test_smtp_test_requires_to" time="0.042" /><testcase classname="tests.test_iteration7.TestBulkInvite" name="test_bulk_invite_mixed_validity" time="0.124" /><testcase classname="tests.test_iteration7.TestBulkInvite" name="test_bulk_invite_cap_at_500" time="0.053" /><testcase classname="tests.test_iteration7.TestAcademySeedsTiers" name="test_create_academy_seeds_5_default_tiers" time="0.059" /><testcase classname="tests.test_iteration8.TestAuditLog" name="test_admin_audit_log_shape" time="0.412" /><testcase classname="tests.test_iteration8.TestAuditLog" name="test_learner_forbidden" time="0.384" /><testcase classname="tests.test_iteration8.TestAuditLog" name="test_audit_filter_by_action" time="0.048" /><testcase classname="tests.test_iteration8.TestBulkInviteAudit" name="test_bulk_invite_writes_audit_with_cohort" time="0.510" /><testcase classname="tests.test_iteration8.TestThemeAudit" name="test_theme_apply_audit" time="0.396" /><testcase classname="tests.test_iteration8.TestBadgeTierAudit" name="test_create_update_delete_writes_audit" time="0.516" /><testcase classname="tests.test_iteration8.TestBadgeTierAudit" name="test_reorder_writes_audit" time="0.483" /><testcase classname="tests.test_iteration8.TestSmtpAudit" name="test_smtp_put_writes_audit" time="0.437" /><testcase classname="tests.test_iteration8.TestAcademyAudit" name="test_create_academy_writes_audit" time="0.400" /><testcase classname="tests.test_iteration8.TestCohorts" name="test_list_cohorts_endpoint" time="0.049" /><testcase classname="tests.test_iteration8.TestCohorts" name="test_cohort_stats_no_filter" time="0.064" /><testcase classname="tests.test_iteration8.TestCohorts" name="test_cohort_stats_with_filter" time="0.044" /><testcase classname="tests.test_iteration8.TestCohortPropagation" name="test_cohort_propagates_on_accept" time="0.682" /><testcase classname="tests.test_iteration8.TestTranscript" name="test_anonymous_unauthorized" time="0.087" /><testcase classname="tests.test_iteration8.TestTranscript" name="test_learner_can_download_pdf" time="0.062" /><testcase classname="tests.test_iteration8.TestTranscript" name="test_admin_can_download_pdf" time="0.057" /><testcase classname="tests.test_iteration9.TestCohortReportEndpoints" name="test_cohorts_list" time="0.388" /><testcase classname="tests.test_iteration9.TestCohortReportEndpoints" name="test_cohort_stats_unfiltered" time="0.051" /><testcase classname="tests.test_iteration9.TestCohortReportEndpoints" name="test_cohort_stats_agent008" time="0.047" /><testcase classname="tests.test_iteration9.TestCohortReportEndpoints" name="test_cohort_stats_unknown_returns_zeros" time="0.047" /><testcase classname="tests.test_iteration9.TestCohortReportEndpoints" name="test_analytics_still_works" time="0.057" /><testcase classname="tests.test_iteration9.TestCohortCelebrations" name="test_check_cohorts_idempotent_or_first_fire" time="0.033" /><testcase classname="tests.test_iteration9.TestAlembic" name="test_current_head" time="0.486" /><testcase classname="tests.test_iteration9.TestAlembic" name="test_upgrade_head_idempotent" time="0.447" /><testcase classname="tests.test_iteration9.TestAlembic" name="test_downgrade_one_then_upgrade" time="1.445" /><testcase classname="tests.test_iteration9.TestLogins" name="test_admin_login" time="0.046" /><testcase classname="tests.test_iteration9.TestLogins" name="test_learner_login" time="1.612" /></testsuite></testsuites>