<?xml version="1.0" encoding="utf-8"?><testsuites name="pytest tests"><testsuite name="pytest" errors="0" failures="0" skipped="0" tests="15" time="3.140" timestamp="2026-07-30T12:26:35.820859+00:00" hostname="agent-env-b2ffa7b3-1e28-4823-82a7-d97b84dd8746"><testcase classname="backend.tests.test_iteration44_feedback_ratings" name="test_feedback_submit_success" time="0.594" /><testcase classname="backend.tests.test_iteration44_feedback_ratings" name="test_feedback_bad_category" time="0.047" /><testcase classname="backend.tests.test_iteration44_feedback_ratings" name="test_feedback_short_message" time="0.047" /><testcase classname="backend.tests.test_iteration44_feedback_ratings" name="test_feedback_unauthenticated" time="0.105" /><testcase classname="backend.tests.test_iteration44_feedback_ratings" name="test_feedback_admin_list" time="0.440" /><testcase classname="backend.tests.test_iteration44_feedback_ratings" name="test_feedback_admin_status_toggle" time="0.204" /><testcase classname="backend.tests.test_iteration44_feedback_ratings" name="test_feedback_admin_learner_forbidden" time="0.044" /><testcase classname="backend.tests.test_iteration44_feedback_ratings" name="test_feedback_org_isolation" time="0.425" /><testcase classname="backend.tests.test_iteration44_feedback_ratings" name="test_rating_before_completion_forbidden" time="0.220" /><testcase classname="backend.tests.test_iteration44_feedback_ratings" name="test_rating_invalid_values" time="0.326" /><testcase classname="backend.tests.test_iteration44_feedback_ratings" name="test_rating_after_completion_and_upsert" time="0.325" /><testcase classname="backend.tests.test_iteration44_feedback_ratings" name="test_catalog_includes_rating_fields" time="0.108" /><testcase classname="backend.tests.test_iteration44_feedback_ratings" name="test_weekly_completions_metric" time="0.049" /><testcase classname="backend.tests.test_iteration44_feedback_ratings" name="test_weekly_enrollments_metric_default" time="0.046" /><testcase classname="backend.tests.test_iteration44_feedback_ratings" name="test_weekly_bogus_metric_422" time="0.112" /></testsuite></testsuites>