<?xml version="1.0" encoding="utf-8"?><testsuites name="pytest tests"><testsuite name="pytest" errors="0" failures="0" skipped="0" tests="13" time="5.262" timestamp="2026-07-01T12:37:49.613626+00:00" hostname="agent-env-5dae153e-be68-452c-9cf0-d868811c3d07"><testcase classname="tests.test_iteration15_gaps.TestPinnedDeps" name="test_all_five_modules_importable_with_correct_versions" time="0.345" /><testcase classname="tests.test_iteration15_gaps.TestPinnedDeps" name="test_requirements_txt_pins_all_five" time="0.000" /><testcase classname="tests.test_iteration15_gaps.TestPinnedDeps" name="test_bulk_import_module_loads" time="0.283" /><testcase classname="tests.test_iteration15_gaps.TestSanitizer" name="test_script_tag_stripped" time="0.009" /><testcase classname="tests.test_iteration15_gaps.TestSanitizer" name="test_plain_text_strips_all_tags" time="0.000" /><testcase classname="tests.test_iteration15_gaps.TestSeedTemplates" name="test_seed_org_1_idempotent" time="0.905" /><testcase classname="tests.test_iteration15_gaps.TestSeedTemplates" name="test_templates_visible_via_api_with_correct_shape" time="1.222" /><testcase classname="tests.test_iteration15_gaps.TestSeedTemplates" name="test_seed_unknown_org_exits_nonzero" time="0.452" /><testcase classname="tests.test_iteration21" name="test_api_token_create_list_revoke_delete" time="0.808" /><testcase classname="tests.test_iteration21" name="test_api_token_blocks_invalid_secret" time="0.141" /><testcase classname="tests.test_iteration21" name="test_xapi_completed_verb_auto_completes_enrollment" time="0.877" /><testcase classname="tests.test_iteration21" name="test_xapi_non_completion_verb_does_not_autocomplete" time="0.067" /><testcase classname="tests.test_iteration21" name="test_xapi_unknown_course_auto_complete_no_op" time="0.057" /></testsuite></testsuites>