<?xml version="1.0" encoding="utf-8"?><testsuites name="pytest tests"><testsuite name="pytest" errors="0" failures="0" skipped="0" tests="5" time="3.147" timestamp="2026-08-07T05:47:15.284590+00:00" hostname="agent-env-53ecc2f9-4e2b-4cc1-952d-fd88955e2973"><testcase classname="tests.test_iteration55_miss_alerts" name="test_insights_include_distractor_fields" time="0.505" /><testcase classname="tests.test_iteration55_miss_alerts" name="test_csv_export_admin" time="0.101" /><testcase classname="tests.test_iteration55_miss_alerts" name="test_csv_export_learner_forbidden" time="0.436" /><testcase classname="tests.test_iteration55_miss_alerts" name="test_learner_fail_and_alert_flow" time="1.573" /><testcase classname="tests.test_iteration55_miss_alerts" name="test_re_arm_on_question_edit" time="0.407" /></testsuite></testsuites>