<?xml version="1.0" encoding="utf-8"?><testsuites name="pytest tests"><testsuite name="pytest" errors="0" failures="0" skipped="0" tests="8" time="2.331" timestamp="2026-08-12T04:01:07.841885+00:00" hostname="agent-env-53ecc2f9-4e2b-4cc1-952d-fd88955e2973"><testcase classname="tests.test_feedback_screenshot" name="test_screenshot_upload_requires_auth" time="0.236" /><testcase classname="tests.test_feedback_screenshot" name="test_screenshot_upload_rejects_non_image" time="0.471" /><testcase classname="tests.test_feedback_screenshot" name="test_screenshot_upload_success_and_serves" time="0.202" /><testcase classname="tests.test_feedback_screenshot" name="test_submit_feedback_with_screenshot" time="0.216" /><testcase classname="tests.test_feedback_screenshot" name="test_submit_feedback_no_screenshot" time="0.100" /><testcase classname="tests.test_feedback_screenshot" name="test_submit_feedback_invalid_screenshot_url_rejected" time="0.107" /><testcase classname="tests.test_feedback_screenshot" name="test_admin_list_returns_screenshot_url" time="0.640" /><testcase classname="tests.test_feedback_screenshot" name="test_admin_toggle_status" time="0.227" /></testsuite></testsuites>