<?xml version="1.0" encoding="utf-8"?><testsuites name="pytest tests"><testsuite name="pytest" errors="0" failures="0" skipped="0" tests="11" time="2.780" timestamp="2026-07-04T04:26:21.815025+00:00" hostname="agent-env-5dae153e-be68-452c-9cf0-d868811c3d07"><testcase classname="tests.test_iteration28_sprint" name="test_attendance_email_queued_on_marked_attended" time="1.310" /><testcase classname="tests.test_iteration28_sprint" name="test_streak_leaderboard_shape" time="0.116" /><testcase classname="tests.test_iteration28_sprint" name="test_streak_leaderboard_marks_caller" time="0.107" /><testcase classname="tests.test_iteration28_sprint" name="test_sitemap_xml" time="0.169" /><testcase classname="tests.test_iteration28_sprint" name="test_sitemap_per_org" time="0.150" /><testcase classname="tests.test_iteration28_sprint" name="test_sitemap_per_org_404_for_non_opted_in" time="0.110" /><testcase classname="tests.test_iteration28_sprint" name="test_robots_txt" time="0.107" /><testcase classname="tests.test_iteration28_sprint" name="test_certificate_share_html" time="0.162" /><testcase classname="tests.test_iteration28_sprint" name="test_certificate_share_404" time="0.100" /><testcase classname="tests.test_iteration28_sprint" name="test_certificate_og_image_svg" time="0.147" /><testcase classname="tests.test_iteration28_sprint" name="test_bulk_mark_attendance_issues_multiple_certs" time="0.279" /></testsuite></testsuites>