<?xml version="1.0" encoding="utf-8"?><testsuites name="pytest tests"><testsuite name="pytest" errors="0" failures="1" skipped="0" tests="13" time="5.069" timestamp="2026-07-02T08:10:03.876756+00:00" hostname="agent-env-5dae153e-be68-452c-9cf0-d868811c3d07"><testcase classname="backend.tests.test_iteration20_retest" name="test_public_verify_rate_limiter_triggers_429" time="0.439"><failure message="KeyError: 'cert_code'">backend/tests/test_iteration20_retest.py:38: in test_public_verify_rate_limiter_triggers_429
    code = certs[0]["cert_code"] if certs else "BOGUS-CODE"
           ^^^^^^^^^^^^^^^^^^^^^
E   KeyError: 'cert_code'</failure></testcase><testcase classname="backend.tests.test_iteration20_retest" name="test_public_catalog_requires_token" time="0.089" /><testcase classname="backend.tests.test_iteration20_retest" name="test_public_catalog_with_valid_token" time="0.535" /><testcase classname="backend.tests.test_iteration20_retest" name="test_admin_route_ok[/api/courses]" time="0.401" /><testcase classname="backend.tests.test_iteration20_retest" name="test_admin_route_ok[/api/certificates]" time="0.384" /><testcase classname="backend.tests.test_iteration20_retest" name="test_admin_route_ok[/api/admin/users]" time="0.438" /><testcase classname="backend.tests.test_iteration20_retest" name="test_admin_route_ok[/api/admin/api-tokens]" time="0.369" /><testcase classname="backend.tests.test_iteration20_retest" name="test_admin_route_ok[/api/admin/api-tokens/analytics/spend?days=14]" time="0.378" /><testcase classname="backend.tests.test_iteration20_retest" name="test_admin_route_ok[/api/learning-paths]" time="0.394" /><testcase classname="backend.tests.test_iteration20_retest" name="test_learner_route_ok[/api/courses]" time="0.379" /><testcase classname="backend.tests.test_iteration20_retest" name="test_learner_route_ok[/api/certificates]" time="0.372" /><testcase classname="backend.tests.test_iteration20_retest" name="test_learner_route_ok[/api/learning-paths]" time="0.379" /><testcase classname="backend.tests.test_iteration20_retest" name="test_learner_denied_on_admin_routes" time="0.411" /></testsuite></testsuites>