<?xml version="1.0" encoding="utf-8"?><testsuites name="pytest tests"><testsuite name="pytest" errors="0" failures="0" skipped="0" tests="8" time="3.598" timestamp="2026-07-04T05:14:18.653066+00:00" hostname="agent-env-5dae153e-be68-452c-9cf0-d868811c3d07"><testcase classname="tests.test_iteration29_sprint" name="test_rsvp_auto_enrols_learner_in_untouched_course" time="1.273" /><testcase classname="tests.test_iteration29_sprint" name="test_rsvp_no_auto_enrol_when_no_course" time="0.217" /><testcase classname="tests.test_iteration29_sprint" name="test_rsvp_no_re_enrol_if_already_enrolled" time="0.413" /><testcase classname="tests.test_iteration29_sprint" name="test_sitemap_uses_public_base_url" time="0.389" /><testcase classname="tests.test_iteration29_sprint" name="test_revoke_and_unrevoke_lifecycle" time="0.988" /><testcase classname="tests.test_iteration29_sprint" name="test_revoke_requires_admin_role" time="0.087" /><testcase classname="tests.test_iteration29_sprint" name="test_revoke_cross_tenant_is_forbidden" time="0.164" /><testcase classname="tests.test_iteration29_sprint" name="test_certificates_list_surfaces_revoked_state" time="0.047" /></testsuite></testsuites>