<?xml version="1.0" encoding="utf-8"?><testsuites name="pytest tests"><testsuite name="pytest" errors="0" failures="0" skipped="0" tests="23" time="19.925" timestamp="2026-07-02T08:12:56.615268+00:00" hostname="agent-env-5dae153e-be68-452c-9cf0-d868811c3d07"><testcase classname="backend.tests.test_iteration30" name="test_spend_learner_blocked" time="0.464" /><testcase classname="backend.tests.test_iteration30" name="test_spend_returns_zero_filled_series" time="0.378" /><testcase classname="backend.tests.test_iteration30" name="test_languages_endpoint" time="0.371" /><testcase classname="backend.tests.test_iteration30" name="test_narration_rejects_invalid_language" time="0.424" /><testcase classname="backend.tests.test_iteration30" name="test_narration_accepts_valid_language" time="4.346" /><testcase classname="backend.tests.test_iteration30" name="test_narration_language_translate_first_optional" time="3.573" /><testcase classname="backend.tests.test_iteration30" name="test_cert_pdf_contains_verify_url" time="0.471" /><testcase classname="backend.tests.test_iteration30b" name="test_mindmap_thumbnail_persists_and_shows_on_summary" time="0.639" /><testcase classname="backend.tests.test_iteration30b" name="test_mindmap_thumbnail_rejects_oversized_payload" time="0.706" /><testcase classname="backend.tests.test_iteration30b" name="test_cert_pdf_contains_verify_link_text" time="0.445" /><testcase classname="backend.tests.test_iteration20_retest" name="test_public_verify_rate_limiter_triggers_429" time="3.462" /><testcase classname="backend.tests.test_iteration20_retest" name="test_public_catalog_requires_token" time="0.088" /><testcase classname="backend.tests.test_iteration20_retest" name="test_public_catalog_with_valid_token" time="0.533" /><testcase classname="backend.tests.test_iteration20_retest" name="test_admin_route_ok[/api/courses]" time="0.407" /><testcase classname="backend.tests.test_iteration20_retest" name="test_admin_route_ok[/api/certificates]" time="0.379" /><testcase classname="backend.tests.test_iteration20_retest" name="test_admin_route_ok[/api/admin/users]" time="0.434" /><testcase classname="backend.tests.test_iteration20_retest" name="test_admin_route_ok[/api/admin/api-tokens]" time="0.383" /><testcase classname="backend.tests.test_iteration20_retest" name="test_admin_route_ok[/api/admin/api-tokens/analytics/spend?days=14]" time="0.376" /><testcase classname="backend.tests.test_iteration20_retest" name="test_admin_route_ok[/api/learning-paths]" time="0.374" /><testcase classname="backend.tests.test_iteration20_retest" name="test_learner_route_ok[/api/courses]" time="0.401" /><testcase classname="backend.tests.test_iteration20_retest" name="test_learner_route_ok[/api/certificates]" time="0.375" /><testcase classname="backend.tests.test_iteration20_retest" name="test_learner_route_ok[/api/learning-paths]" time="0.373" /><testcase classname="backend.tests.test_iteration20_retest" name="test_learner_denied_on_admin_routes" time="0.421" /></testsuite></testsuites>