<?xml version="1.0" encoding="utf-8"?><testsuites name="pytest tests"><testsuite name="pytest" errors="0" failures="0" skipped="0" tests="16" time="9.703" timestamp="2026-06-08T14:33:15.508612+00:00" hostname="agent-env-5dae153e-be68-452c-9cf0-d868811c3d07"><testcase classname="tests.test_iteration8.TestAuditLog" name="test_admin_audit_log_shape" time="0.912" /><testcase classname="tests.test_iteration8.TestAuditLog" name="test_learner_forbidden" time="0.783" /><testcase classname="tests.test_iteration8.TestAuditLog" name="test_audit_filter_by_action" time="0.122" /><testcase classname="tests.test_iteration8.TestBulkInviteAudit" name="test_bulk_invite_writes_audit_with_cohort" time="0.734" /><testcase classname="tests.test_iteration8.TestThemeAudit" name="test_theme_apply_audit" time="1.059" /><testcase classname="tests.test_iteration8.TestBadgeTierAudit" name="test_create_update_delete_writes_audit" time="0.961" /><testcase classname="tests.test_iteration8.TestBadgeTierAudit" name="test_reorder_writes_audit" time="0.883" /><testcase classname="tests.test_iteration8.TestSmtpAudit" name="test_smtp_put_writes_audit" time="0.774" /><testcase classname="tests.test_iteration8.TestAcademyAudit" name="test_create_academy_writes_audit" time="0.621" /><testcase classname="tests.test_iteration8.TestCohorts" name="test_list_cohorts_endpoint" time="0.153" /><testcase classname="tests.test_iteration8.TestCohorts" name="test_cohort_stats_no_filter" time="0.154" /><testcase classname="tests.test_iteration8.TestCohorts" name="test_cohort_stats_with_filter" time="0.156" /><testcase classname="tests.test_iteration8.TestCohortPropagation" name="test_cohort_propagates_on_accept" time="1.482" /><testcase classname="tests.test_iteration8.TestTranscript" name="test_anonymous_unauthorized" time="0.412" /><testcase classname="tests.test_iteration8.TestTranscript" name="test_learner_can_download_pdf" time="0.218" /><testcase classname="tests.test_iteration8.TestTranscript" name="test_admin_can_download_pdf" time="0.179" /></testsuite></testsuites>