<?xml version="1.0" encoding="utf-8"?><testsuites name="pytest tests"><testsuite name="pytest" errors="0" failures="0" skipped="0" tests="47" time="35.915" timestamp="2026-07-04T05:14:27.449470+00:00" hostname="agent-env-5dae153e-be68-452c-9cf0-d868811c3d07"><testcase classname="tests.test_iteration25" name="test_sm2_correct_answer_progresses_interval" time="0.262" /><testcase classname="tests.test_iteration25" name="test_sm2_second_correct_review_is_six_days" time="0.000" /><testcase classname="tests.test_iteration25" name="test_sm2_third_correct_multiplies_by_ease" time="0.000" /><testcase classname="tests.test_iteration25" name="test_sm2_wrong_answer_resets_repetitions" time="0.000" /><testcase classname="tests.test_iteration25" name="test_sm2_ease_floor_is_1_3" time="0.000" /><testcase classname="tests.test_iteration25" name="test_learner_cannot_authoring_generate" time="0.387" /><testcase classname="tests.test_iteration25" name="test_learner_cannot_bulk_save" time="0.381" /><testcase classname="tests.test_iteration25" name="test_admin_can_list_flashcards_by_course" time="0.397" /><testcase classname="tests.test_iteration25" name="test_bulk_save_and_learner_review_flow" time="0.977" /><testcase classname="tests.test_iteration25" name="test_stats_endpoint" time="0.393" /><testcase classname="tests.test_iteration25" name="test_admin_generate_returns_valid_shape" time="8.410" /><testcase classname="tests.test_iteration26_sprint" name="test_track_slide_view_records_impression" time="1.091" /><testcase classname="tests.test_iteration26_sprint" name="test_track_slide_view_rejects_unknown_slide" time="0.056" /><testcase classname="tests.test_iteration26_sprint" name="test_course_dropoff_endpoint_shape" time="0.097" /><testcase classname="tests.test_iteration26_sprint" name="test_course_dropoff_requires_staff" time="0.053" /><testcase classname="tests.test_iteration26_sprint" name="test_subscribe_url_accepts_my_rsvps_kind" time="0.152" /><testcase classname="tests.test_iteration26_sprint" name="test_subscribe_url_my_rsvps_contains_only_rsvped" time="0.435" /><testcase classname="tests.test_iteration26_sprint" name="test_qr_endpoint_accepts_my_rsvps_kind" time="0.078" /><testcase classname="tests.test_iteration26_sprint" name="test_rate_limit_test_client_ip_pins_bucket" time="3.773" /><testcase classname="tests.test_iteration26_sprint" name="test_learning_streak_endpoint_shape" time="0.048" /><testcase classname="tests.test_iteration26_sprint" name="test_learning_streak_reflects_slide_view" time="0.147" /><testcase classname="tests.test_iteration27_sprint" name="test_mark_attendance_issues_cert" time="1.199" /><testcase classname="tests.test_iteration27_sprint" name="test_mark_attendance_is_idempotent" time="0.351" /><testcase classname="tests.test_iteration27_sprint" name="test_verify_endpoint_shows_session_title" time="10.450" /><testcase classname="tests.test_iteration27_sprint" name="test_catalog_organizations_endpoint" time="0.243" /><testcase classname="tests.test_iteration27_sprint" name="test_catalog_org_filter_narrows_results" time="0.155" /><testcase classname="tests.test_iteration27_sprint" name="test_catalog_search_matches_org_name" time="0.195" /><testcase classname="tests.test_iteration27_sprint" name="test_streak_nudge_worker_notification_lifecycle" time="0.427" /><testcase classname="tests.test_iteration28_sprint" name="test_attendance_email_queued_on_marked_attended" time="1.239" /><testcase classname="tests.test_iteration28_sprint" name="test_streak_leaderboard_shape" time="0.090" /><testcase classname="tests.test_iteration28_sprint" name="test_streak_leaderboard_marks_caller" time="0.087" /><testcase classname="tests.test_iteration28_sprint" name="test_sitemap_xml" time="0.170" /><testcase classname="tests.test_iteration28_sprint" name="test_sitemap_per_org" time="0.153" /><testcase classname="tests.test_iteration28_sprint" name="test_sitemap_per_org_404_for_non_opted_in" time="0.098" /><testcase classname="tests.test_iteration28_sprint" name="test_robots_txt" time="0.100" /><testcase classname="tests.test_iteration28_sprint" name="test_certificate_share_html" time="0.151" /><testcase classname="tests.test_iteration28_sprint" name="test_certificate_share_404" time="0.099" /><testcase classname="tests.test_iteration28_sprint" name="test_certificate_og_image_svg" time="0.146" /><testcase classname="tests.test_iteration28_sprint" name="test_bulk_mark_attendance_issues_multiple_certs" time="0.298" /><testcase classname="tests.test_iteration29_sprint" name="test_rsvp_auto_enrols_learner_in_untouched_course" time="1.184" /><testcase classname="tests.test_iteration29_sprint" name="test_rsvp_no_auto_enrol_when_no_course" time="0.191" /><testcase classname="tests.test_iteration29_sprint" name="test_rsvp_no_re_enrol_if_already_enrolled" time="0.441" /><testcase classname="tests.test_iteration29_sprint" name="test_sitemap_uses_public_base_url" time="0.124" /><testcase classname="tests.test_iteration29_sprint" name="test_revoke_and_unrevoke_lifecycle" time="0.785" /><testcase classname="tests.test_iteration29_sprint" name="test_revoke_requires_admin_role" time="0.107" /><testcase classname="tests.test_iteration29_sprint" name="test_revoke_cross_tenant_is_forbidden" time="0.164" /><testcase classname="tests.test_iteration29_sprint" name="test_certificates_list_surfaces_revoked_state" time="0.058" /></testsuite></testsuites>