<?xml version="1.0" encoding="utf-8"?><testsuites name="pytest tests"><testsuite name="pytest" errors="0" failures="0" skipped="1" tests="38" time="16.158" timestamp="2026-07-14T09:52:11.617769+00:00" hostname="agent-env-5dae153e-be68-452c-9cf0-d868811c3d07"><testcase classname="tests.test_iteration39_admin_org_integrations.TestGetIntegration" name="test_admin_can_read_own_org" time="0.418" /><testcase classname="tests.test_iteration39_admin_org_integrations.TestGetIntegration" name="test_learner_forbidden" time="0.388" /><testcase classname="tests.test_iteration39_admin_org_integrations.TestPatchIntegration" name="test_merge_update_sets_fields" time="0.458" /><testcase classname="tests.test_iteration39_admin_org_integrations.TestPatchIntegration" name="test_partial_update_preserves_unspecified_fields" time="0.515" /><testcase classname="tests.test_iteration39_admin_org_integrations.TestPatchIntegration" name="test_empty_string_clears_field" time="0.506" /><testcase classname="tests.test_iteration39_admin_org_integrations.TestPatchIntegration" name="test_bad_billing_mode_rejected" time="0.387" /><testcase classname="tests.test_iteration39_admin_org_integrations.TestPatchIntegration" name="test_valid_billing_modes_accepted" time="0.516" /><testcase classname="tests.test_iteration39_admin_org_integrations.TestPatchIntegration" name="test_learner_cannot_patch" time="0.392" /><testcase classname="tests.test_iteration39_admin_org_integrations.TestSuperAdminListing" name="test_regular_admin_forbidden_from_list" time="0.386"><skipped type="pytest.skip" message="Preview admin is SUPER_ADMIN; skipping negative test">/app/backend/tests/test_iteration39_admin_org_integrations.py:172: Preview admin is SUPER_ADMIN; skipping negative test</skipped></testcase><testcase classname="tests.test_iteration39_admin_org_integrations.TestV1AliasWorks" name="test_v1_alias_returns_same_shape" time="0.429" /><testcase classname="tests.test_iteration39_admin_entitlement_inspection.TestAdminEntitlementListing" name="test_admin_can_list_target_user_entitlements" time="0.959" /><testcase classname="tests.test_iteration39_admin_entitlement_inspection.TestAdminEntitlementListing" name="test_learner_forbidden" time="0.395" /><testcase classname="tests.test_iteration39_admin_entitlement_inspection.TestAdminEntitlementListing" name="test_cross_tenant_user_returns_410" time="0.405" /><testcase classname="tests.test_iteration39_admin_entitlement_inspection.TestAdminEntitlementListing" name="test_include_free_widens_the_list" time="0.487" /><testcase classname="tests.test_iteration39_admin_entitlement_inspection.TestAdminEntitlementSingle" name="test_single_course_denied_returns_remediation" time="0.405" /><testcase classname="tests.test_iteration39_admin_entitlement_inspection.TestAdminEntitlementSingle" name="test_single_course_missing_returns_404" time="0.396" /><testcase classname="tests.test_iteration39_admin_entitlement_inspection.TestVersionedAliasWorks" name="test_v1_alias_returns_same_shape" time="0.498" /><testcase classname="tests.test_iteration39_api_v1_alias.TestV1Alias" name="test_public_endpoint_reachable_under_v1" time="0.189" /><testcase classname="tests.test_iteration39_api_v1_alias.TestV1Alias" name="test_v1_response_has_x_api_version_header" time="0.131" /><testcase classname="tests.test_iteration39_api_v1_alias.TestV1Alias" name="test_unversioned_response_omits_x_api_version_header" time="0.091" /><testcase classname="tests.test_iteration39_api_v1_alias.TestV1Alias" name="test_nonexistent_v1_path_still_404s" time="0.107" /><testcase classname="tests.test_iteration39_api_v1_alias.TestV1Alias" name="test_v1_and_unversioned_share_route" time="0.195" /><testcase classname="tests.test_iteration39_api_v1_alias.TestV1Alias" name="test_v1_preserves_query_params" time="0.380" /><testcase classname="tests.test_iteration39_api_v1_alias.TestV1Alias" name="test_v1_preserves_authenticated_flow" time="0.461" /><testcase classname="tests.test_iteration39_api_v1_alias.TestV1Alias" name="test_v1_preserves_post_body" time="0.704" /><testcase classname="tests.test_iteration39_entitlement_layer.TestEntitlementServiceUnit" name="test_free_course_no_check_needed" time="0.014" /><testcase classname="tests.test_iteration39_entitlement_layer.TestEntitlementServiceUnit" name="test_paid_course_no_entitlement_raises_402" time="0.014" /><testcase classname="tests.test_iteration39_entitlement_layer.TestEntitlementServiceUnit" name="test_paid_course_active_subscription_grants_access" time="0.024" /><testcase classname="tests.test_iteration39_entitlement_layer.TestEntitlementServiceUnit" name="test_admin_gets_comp_access_to_paid_course" time="0.012" /><testcase classname="tests.test_iteration39_entitlement_layer.TestEntitlementServiceUnit" name="test_cross_tenant_admin_does_not_get_comp_access" time="0.023" /><testcase classname="tests.test_iteration39_entitlement_layer.TestEnrollmentGate" name="test_enroll_paid_without_entitlement_returns_402" time="0.400" /><testcase classname="tests.test_iteration39_stripe_payments.TestCreateCheckoutSession" name="test_learner_can_create_session_for_paid_course" time="0.849" /><testcase classname="tests.test_iteration39_stripe_payments.TestCreateCheckoutSession" name="test_free_course_refuses_checkout" time="0.403" /><testcase classname="tests.test_iteration39_stripe_payments.TestCreateCheckoutSession" name="test_unknown_course_returns_404" time="0.389" /><testcase classname="tests.test_iteration39_stripe_payments.TestCreateCheckoutSession" name="test_transaction_row_written_before_redirect" time="0.824" /><testcase classname="tests.test_iteration39_stripe_payments.TestCheckoutStatusPolling" name="test_status_before_payment_shows_unpaid" time="1.014" /><testcase classname="tests.test_iteration39_stripe_payments.TestCheckoutStatusPolling" name="test_cross_user_status_lookup_refused" time="1.185" /><testcase classname="tests.test_iteration39_stripe_payments.TestV1Alias" name="test_v1_checkout_session_alias" time="0.741" /></testsuite></testsuites>