<?xml version="1.0" encoding="utf-8"?><testsuites name="pytest tests"><testsuite name="pytest" errors="0" failures="0" skipped="0" tests="14" time="10.095" timestamp="2026-06-08T18:25:22.789250+00:00" hostname="agent-env-5dae153e-be68-452c-9cf0-d868811c3d07"><testcase classname="tests.test_iteration10.TestOrgCohortSettings" name="test_get_org_includes_cohort_fields" time="2.074" /><testcase classname="tests.test_iteration10.TestOrgCohortSettings" name="test_put_cohort_settings_persists" time="0.109" /><testcase classname="tests.test_iteration10.TestOrgCohortSettings" name="test_empty_webhook_stored_as_null" time="0.106" /><testcase classname="tests.test_iteration10.TestOrgCohortSettings" name="test_threshold_out_of_range_returns_422" time="0.134" /><testcase classname="tests.test_iteration10.TestCohortCelebrationsIdempotency" name="test_lowering_threshold_does_not_refire_existing" time="0.555" /><testcase classname="tests.test_iteration10.TestLeaderboardCohort" name="test_no_param_returns_all" time="0.064" /><testcase classname="tests.test_iteration10.TestLeaderboardCohort" name="test_with_cohort_filters" time="0.201" /><testcase classname="tests.test_iteration10.TestAIQuiz" name="test_generate_returns_valid_payload" time="6.255" /><testcase classname="tests.test_iteration10.TestAIQuiz" name="test_audit_row_created" time="0.055" /><testcase classname="tests.test_iteration10.TestAIQuiz" name="test_course_not_found_for_other_org" time="0.049" /><testcase classname="tests.test_iteration10.TestAIQuiz" name="test_num_questions_zero_returns_400_or_422" time="0.051" /><testcase classname="tests.test_iteration10.TestAIQuiz" name="test_num_questions_21_returns_400_or_422" time="0.048" /><testcase classname="tests.test_iteration10.TestAppendQuestions" name="test_append_preserves_old" time="0.284" /><testcase classname="tests.test_iteration10.TestWorkflowYaml" name="test_workflow_file_exists_and_valid" time="0.004" /></testsuite></testsuites>