<?xml version="1.0" encoding="utf-8"?><testsuites name="pytest tests"><testsuite name="pytest" errors="0" failures="0" skipped="0" tests="11" time="3.442" timestamp="2026-06-08T12:42:45.129009+00:00" hostname="agent-env-5dae153e-be68-452c-9cf0-d868811c3d07"><testcase classname="tests.test_iteration6" name="test_themes_list_requires_auth" time="0.281" /><testcase classname="tests.test_iteration6" name="test_themes_list_returns_5" time="0.457" /><testcase classname="tests.test_iteration6" name="test_apply_theme_unknown_slug_404" time="0.137" /><testcase classname="tests.test_iteration6" name="test_apply_theme_non_admin_403" time="0.456" /><testcase classname="tests.test_iteration6" name="test_apply_theme_conservatoire_then_restore_classic" time="0.412" /><testcase classname="tests.test_iteration6" name="test_courses_reorder_and_listing_order" time="0.350" /><testcase classname="tests.test_iteration6" name="test_courses_reorder_learner_forbidden" time="0.096" /><testcase classname="tests.test_iteration6" name="test_academies_requires_super_admin" time="0.110" /><testcase classname="tests.test_iteration6" name="test_academies_search_and_sort" time="0.666" /><testcase classname="tests.test_iteration6" name="test_upload_image_nested_key_serves" time="0.239" /><testcase classname="tests.test_iteration6" name="test_cert_preview_returns_pdf" time="0.147" /></testsuite></testsuites>