<?xml version="1.0" encoding="utf-8"?><testsuites name="pytest tests"><testsuite name="pytest" errors="0" failures="0" skipped="0" tests="8" time="3.719" timestamp="2026-07-30T11:12:10.624514+00:00" hostname="agent-env-b2ffa7b3-1e28-4823-82a7-d97b84dd8746"><testcase classname="backend.tests.test_iteration42_covers_featured" name="test_catalog_returns_courses_with_cover_and_featured" time="0.251" /><testcase classname="backend.tests.test_iteration42_covers_featured" name="test_catalog_cover_image_is_public_jpeg" time="0.735" /><testcase classname="backend.tests.test_iteration42_covers_featured" name="test_catalog_featured_flag_first" time="0.150" /><testcase classname="backend.tests.test_iteration42_covers_featured" name="test_toggle_featured_admin_flips_twice" time="0.790" /><testcase classname="backend.tests.test_iteration42_covers_featured" name="test_toggle_featured_learner_forbidden" time="0.386" /><testcase classname="backend.tests.test_iteration42_covers_featured" name="test_toggle_featured_other_org_admin_404" time="0.392" /><testcase classname="backend.tests.test_iteration42_covers_featured" name="test_admin_can_patch_cover_image" time="0.553" /><testcase classname="backend.tests.test_iteration42_covers_featured" name="test_course_222_ends_featured" time="0.425" /></testsuite></testsuites>