<?xml version="1.0" encoding="utf-8"?><testsuites name="pytest tests"><testsuite name="pytest" errors="0" failures="0" skipped="0" tests="14" time="45.218" timestamp="2026-06-09T04:31:26.838707+00:00" hostname="agent-env-5dae153e-be68-452c-9cf0-d868811c3d07"><testcase classname="tests.test_iteration11.TestAIQuizQuestionTypes" name="test_true_false_returns_two_options" time="11.292" /><testcase classname="tests.test_iteration11.TestAIQuizQuestionTypes" name="test_short_answer_returns_empty_options" time="3.958" /><testcase classname="tests.test_iteration11.TestAIQuizQuestionTypes" name="test_mixed_returns_blend" time="9.380" /><testcase classname="tests.test_iteration11.TestAIQuizQuestionTypes" name="test_avoid_topics_honored" time="2.497" /><testcase classname="tests.test_iteration11.TestExamQuestionRowTypes" name="test_put_accepts_tf_and_sa" time="0.426" /><testcase classname="tests.test_iteration11.TestLeaderboardCSV" name="test_csv_format" time="0.137" /><testcase classname="tests.test_iteration11.TestLeaderboardCSV" name="test_csv_cohort_filter" time="0.220" /><testcase classname="tests.test_iteration11.TestLeaderboardCSV" name="test_csv_non_admin_forbidden" time="0.504" /><testcase classname="tests.test_iteration11.TestAuditDigest" name="test_basic_response_shape" time="1.759" /><testcase classname="tests.test_iteration11.TestAuditDigest" name="test_days_clamp_low" time="7.607" /><testcase classname="tests.test_iteration11.TestAuditDigest" name="test_days_clamp_high" time="5.031" /><testcase classname="tests.test_iteration11.TestAuditDigest" name="test_non_admin_forbidden" time="0.112" /><testcase classname="tests.test_iteration11.TestAuditDigest" name="test_deterministic_fallback_when_no_llm" time="1.661" /><testcase classname="tests.test_iteration11.TestAuditDigest" name="test_deterministic_fallback_unit" time="0.570" /></testsuite></testsuites>