<?xml version="1.0" encoding="utf-8"?><testsuites name="pytest tests"><testsuite name="pytest" errors="0" failures="0" skipped="0" tests="11" time="7.304" timestamp="2026-06-08T15:35:45.553053+00:00" hostname="agent-env-5dae153e-be68-452c-9cf0-d868811c3d07"><testcase classname="tests.test_iteration9.TestCohortReportEndpoints" name="test_cohorts_list" time="0.898" /><testcase classname="tests.test_iteration9.TestCohortReportEndpoints" name="test_cohort_stats_unfiltered" time="0.165" /><testcase classname="tests.test_iteration9.TestCohortReportEndpoints" name="test_cohort_stats_agent008" time="0.158" /><testcase classname="tests.test_iteration9.TestCohortReportEndpoints" name="test_cohort_stats_unknown_returns_zeros" time="0.129" /><testcase classname="tests.test_iteration9.TestCohortReportEndpoints" name="test_analytics_still_works" time="0.141" /><testcase classname="tests.test_iteration9.TestCohortCelebrations" name="test_check_cohorts_idempotent_or_first_fire" time="0.514" /><testcase classname="tests.test_iteration9.TestAlembic" name="test_current_head" time="0.446" /><testcase classname="tests.test_iteration9.TestAlembic" name="test_upgrade_head_idempotent" time="0.446" /><testcase classname="tests.test_iteration9.TestAlembic" name="test_downgrade_one_then_upgrade" time="1.367" /><testcase classname="tests.test_iteration9.TestLogins" name="test_admin_login" time="0.922" /><testcase classname="tests.test_iteration9.TestLogins" name="test_learner_login" time="2.031" /></testsuite></testsuites>