<?xml version="1.0" encoding="utf-8"?><testsuites name="pytest tests"><testsuite name="pytest" errors="0" failures="0" skipped="0" tests="14" time="6.238" timestamp="2026-07-06T08:32:42.728746+00:00" hostname="agent-env-5dae153e-be68-452c-9cf0-d868811c3d07"><testcase classname="tests.test_iteration33_sprint" name="test_new_registration_starts_unverified" time="0.906" /><testcase classname="tests.test_iteration33_sprint" name="test_registration_queues_verification_email" time="0.659" /><testcase classname="tests.test_iteration33_sprint" name="test_verify_email_endpoint_end_to_end" time="0.783" /><testcase classname="tests.test_iteration33_sprint" name="test_verify_email_bad_token" time="0.095" /><testcase classname="tests.test_iteration33_sprint" name="test_data_export_returns_full_bundle" time="0.407" /><testcase classname="tests.test_iteration33_sprint" name="test_data_export_requires_auth" time="0.104" /><testcase classname="tests.test_iteration33_sprint" name="test_delete_request_queues_email" time="0.738" /><testcase classname="tests.test_iteration33_sprint" name="test_delete_end_to_end_anonymises_row" time="0.811" /><testcase classname="tests.test_iteration33_sprint" name="test_delete_wrong_code_rejected" time="0.776" /><testcase classname="tests.test_iteration33_sprint" name="test_forgot_password_rate_limit_by_email" time="0.829" /><testcase classname="tests.test_iteration33_sprint" name="test_hardcoded_password_lint_passes" time="0.075" /><testcase classname="tests.test_iteration33_sprint" name="test_seed_admin_password_helper_prefers_env_var" time="0.001" /><testcase classname="tests.test_iteration33_sprint" name="test_seed_admin_password_hard_fails_in_prod" time="0.000" /><testcase classname="tests.test_iteration33_sprint" name="test_precheck_blocks_missing_seed_password" time="0.028" /></testsuite></testsuites>