<?xml version="1.0" encoding="utf-8"?><testsuites name="pytest tests"><testsuite name="pytest" errors="0" failures="0" skipped="0" tests="238" time="134.253" timestamp="2026-07-06T12:04:53.168397+00:00" hostname="agent-env-5dae153e-be68-452c-9cf0-d868811c3d07"><testcase classname="tests.test_iteration27" name="test_video_learner_blocked" time="0.401" /><testcase classname="tests.test_iteration27" name="test_video_invalid_size_rejected" time="0.390" /><testcase classname="tests.test_iteration27" name="test_video_invalid_duration_rejected" time="0.401" /><testcase classname="tests.test_iteration27" name="test_video_invalid_model_rejected" time="0.380" /><testcase classname="tests.test_iteration27" name="test_video_start_returns_202_with_job_id" time="0.388" /><testcase classname="tests.test_iteration27" name="test_video_history_lists_started_job" time="0.382" /><testcase classname="tests.test_iteration27" name="test_video_cost_scales_with_model_and_duration" time="0.001" /><testcase classname="tests.test_iteration27" name="test_visuals_learner_blocked" time="0.377" /><testcase classname="tests.test_iteration27" name="test_visuals_prompt_too_short_rejected" time="0.381" /><testcase classname="tests.test_iteration27" name="test_visuals_generate_returns_image_url" time="7.445" /><testcase classname="tests.test_iteration27" name="test_visuals_attach_to_slide_updates_media_url" time="7.858" /><testcase classname="tests.test_iteration27" name="test_visuals_cost_estimate" time="0.001" /><testcase classname="tests.test_iteration27_sprint" name="test_mark_attendance_issues_cert" time="1.133" /><testcase classname="tests.test_iteration27_sprint" name="test_mark_attendance_is_idempotent" time="0.313" /><testcase classname="tests.test_iteration27_sprint" name="test_verify_endpoint_shows_session_title" time="0.422" /><testcase classname="tests.test_iteration27_sprint" name="test_catalog_organizations_endpoint" time="0.138" /><testcase classname="tests.test_iteration27_sprint" name="test_catalog_org_filter_narrows_results" time="0.152" /><testcase classname="tests.test_iteration27_sprint" name="test_catalog_search_matches_org_name" time="0.198" /><testcase classname="tests.test_iteration27_sprint" name="test_streak_nudge_worker_notification_lifecycle" time="0.333" /><testcase classname="tests.test_iteration28" name="test_mindmap_learner_blocked" time="0.429" /><testcase classname="tests.test_iteration28" name="test_mindmap_missing_course_404" time="0.394" /><testcase classname="tests.test_iteration28" name="test_mindmap_generate_shape" time="4.836" /><testcase classname="tests.test_iteration28" name="test_pptx_learner_blocked" time="0.425" /><testcase classname="tests.test_iteration28" name="test_pptx_missing_course_404" time="0.380" /><testcase classname="tests.test_iteration28" name="test_pptx_export_returns_pptx_bytes" time="0.402" /><testcase classname="tests.test_iteration28" name="test_token_analytics_learner_blocked" time="0.402" /><testcase classname="tests.test_iteration28" name="test_token_analytics_returns_series" time="0.385" /><testcase classname="tests.test_iteration28" name="test_token_analytics_records_a_call" time="0.542" /><testcase classname="tests.test_iteration28" name="test_scorm_runtime_js_served" time="0.117" /><testcase classname="tests.test_iteration28" name="test_cert_verify_anon_404_on_junk" time="0.095" /><testcase classname="tests.test_iteration28" name="test_cert_verify_anon_returns_pii_safe_shape" time="0.105" /><testcase classname="tests.test_iteration28" name="test_catalog_requires_authorization" time="0.100" /><testcase classname="tests.test_iteration28" name="test_catalog_authd_admin" time="0.399" /><testcase classname="tests.test_iteration28" name="test_catalog_api_token_needs_read_catalog_scope" time="0.694" /><testcase classname="tests.test_iteration28" name="test_catalog_search_filters_results" time="0.394" /><testcase classname="tests.test_iteration28_sprint" name="test_attendance_email_queued_on_marked_attended" time="1.250" /><testcase classname="tests.test_iteration28_sprint" name="test_streak_leaderboard_shape" time="0.132" /><testcase classname="tests.test_iteration28_sprint" name="test_streak_leaderboard_marks_caller" time="0.120" /><testcase classname="tests.test_iteration28_sprint" name="test_sitemap_xml" time="0.172" /><testcase classname="tests.test_iteration28_sprint" name="test_sitemap_per_org" time="0.150" /><testcase classname="tests.test_iteration28_sprint" name="test_sitemap_per_org_404_for_non_opted_in" time="0.104" /><testcase classname="tests.test_iteration28_sprint" name="test_robots_txt" time="0.097" /><testcase classname="tests.test_iteration28_sprint" name="test_certificate_share_html" time="0.148" /><testcase classname="tests.test_iteration28_sprint" name="test_certificate_share_404" time="0.102" /><testcase classname="tests.test_iteration28_sprint" name="test_certificate_og_image_svg" time="0.156" /><testcase classname="tests.test_iteration28_sprint" name="test_bulk_mark_attendance_issues_multiple_certs" time="0.280" /><testcase classname="tests.test_iteration29" name="test_verify_rate_limit_kicks_in_after_30_calls" time="2.986" /><testcase classname="tests.test_iteration29" name="test_video_preview_learner_blocked" time="0.431" /><testcase classname="tests.test_iteration29" name="test_video_preview_returns_cost_and_budget" time="0.444" /><testcase classname="tests.test_iteration29" name="test_video_preview_rejects_invalid" time="0.458" /><testcase classname="tests.test_iteration29" name="test_mindmap_layout_roundtrip" time="0.592" /><testcase classname="tests.test_iteration29" name="test_mindmap_layout_learner_blocked" time="0.430" /><testcase classname="tests.test_iteration29" name="test_mindmap_layout_404_on_missing_course" time="0.424" /><testcase classname="tests.test_iteration29" name="test_video_start_still_returns_202_with_dedicated_worker" time="0.461" /><testcase classname="tests.test_iteration29_sprint" name="test_rsvp_auto_enrols_learner_in_untouched_course" time="1.126" /><testcase classname="tests.test_iteration29_sprint" name="test_rsvp_no_auto_enrol_when_no_course" time="0.158" /><testcase classname="tests.test_iteration29_sprint" name="test_rsvp_no_re_enrol_if_already_enrolled" time="0.374" /><testcase classname="tests.test_iteration29_sprint" name="test_sitemap_uses_public_base_url" time="0.104" /><testcase classname="tests.test_iteration29_sprint" name="test_revoke_and_unrevoke_lifecycle" time="0.919" /><testcase classname="tests.test_iteration29_sprint" name="test_revoke_requires_admin_role" time="0.101" /><testcase classname="tests.test_iteration29_sprint" name="test_revoke_cross_tenant_is_forbidden" time="0.322" /><testcase classname="tests.test_iteration29_sprint" name="test_certificates_list_surfaces_revoked_state" time="0.055" /><testcase classname="tests.test_iteration30" name="test_spend_learner_blocked" time="0.415" /><testcase classname="tests.test_iteration30" name="test_spend_returns_zero_filled_series" time="0.389" /><testcase classname="tests.test_iteration30" name="test_languages_endpoint" time="0.388" /><testcase classname="tests.test_iteration30" name="test_narration_rejects_invalid_language" time="0.447" /><testcase classname="tests.test_iteration30" name="test_narration_accepts_valid_language" time="2.937" /><testcase classname="tests.test_iteration30" name="test_narration_language_translate_first_optional" time="3.100" /><testcase classname="tests.test_iteration30" name="test_cert_pdf_contains_verify_url" time="0.592" /><testcase classname="tests.test_iteration30_sprint" name="test_frontend_typecheck_passes" time="9.257" /><testcase classname="tests.test_iteration30_sprint" name="test_no_window_confirm_calls_left" time="0.004" /><testcase classname="tests.test_iteration30_sprint" name="test_revocation_history_records_events" time="1.160" /><testcase classname="tests.test_iteration30_sprint" name="test_revocation_history_requires_admin" time="0.095" /><testcase classname="tests.test_iteration30_sprint" name="test_revoke_emits_webhook_delivery" time="0.694" /><testcase classname="tests.test_iteration30_sprint" name="test_streak_digest_worker_queues_emails" time="0.187" /><testcase classname="tests.test_iteration30_sprint" name="test_bulk_revoke_endpoint" time="0.646" /><testcase classname="tests.test_iteration30_sprint" name="test_admin_certs_list" time="0.051" /><testcase classname="tests.test_iteration30_sprint" name="test_admin_certs_status_filter" time="0.100" /><testcase classname="tests.test_iteration30_sprint" name="test_admin_certs_csv_export" time="0.058" /><testcase classname="tests.test_iteration30_sprint" name="test_admin_certs_list_requires_admin" time="0.044" /><testcase classname="tests.test_iteration30b" name="test_mindmap_thumbnail_persists_and_shows_on_summary" time="0.678" /><testcase classname="tests.test_iteration30b" name="test_mindmap_thumbnail_rejects_oversized_payload" time="0.729" /><testcase classname="tests.test_iteration30b" name="test_cert_pdf_contains_verify_link_text" time="0.636" /><testcase classname="tests.test_iteration30d" name="test_correlation_id_echoes_incoming_header" time="0.112" /><testcase classname="tests.test_iteration30d" name="test_correlation_id_auto_generated_when_missing" time="0.092" /><testcase classname="tests.test_iteration30d" name="test_correlation_id_truncates_pathological_input" time="0.098" /><testcase classname="tests.test_iteration30d" name="test_404_returns_envelope" time="0.097" /><testcase classname="tests.test_iteration30d" name="test_401_returns_envelope_with_code" time="0.097" /><testcase classname="tests.test_iteration30d" name="test_login_brute_force_locks_out_after_5_failures" time="0.695" /><testcase classname="tests.test_iteration30d" name="test_login_brute_force_resets_on_successful_login" time="1.717" /><testcase classname="tests.test_iteration30e" name="test_docs_manifest_lists_all_four_manuals" time="0.380" /><testcase classname="tests.test_iteration30e" name="test_learner_cannot_access_docs_library" time="0.379" /><testcase classname="tests.test_iteration30e" name="test_admin_can_download_setup_manual_pdf" time="0.418" /><testcase classname="tests.test_iteration30e" name="test_admin_can_download_all_four_pdfs" time="0.632" /><testcase classname="tests.test_iteration30e" name="test_admin_can_download_raw_markdown" time="0.402" /><testcase classname="tests.test_iteration30e" name="test_unknown_slug_returns_404_envelope" time="0.411" /><testcase classname="tests.test_iteration30e" name="test_pdf_cached_between_requests" time="0.472" /><testcase classname="tests.test_iteration30e" name="test_preview_returns_inline_content_disposition" time="0.417" /><testcase classname="tests.test_iteration30e" name="test_download_records_audit_log_entry" time="0.498" /><testcase classname="tests.test_iteration30e" name="test_preview_records_distinct_audit_action" time="0.451" /><testcase classname="tests.test_iteration30h_csrf" name="test_csrf_get_requests_pass_through" time="0.005" /><testcase classname="tests.test_iteration30h_csrf" name="test_csrf_login_path_is_exempt" time="0.003" /><testcase classname="tests.test_iteration30h_csrf" name="test_csrf_bearer_auth_is_exempt" time="0.003" /><testcase classname="tests.test_iteration30h_csrf" name="test_csrf_missing_token_returns_403" time="0.002" /><testcase classname="tests.test_iteration30h_csrf" name="test_csrf_mismatched_token_returns_403" time="0.002" /><testcase classname="tests.test_iteration30h_csrf" name="test_csrf_matching_token_passes" time="0.003" /><testcase classname="tests.test_iteration30h_csrf" name="test_csrf_no_cookie_session_passes" time="0.002" /><testcase classname="tests.test_iteration30h_csrf" name="test_csrf_disabled_flag_bypasses_middleware" time="0.003" /><testcase classname="tests.test_iteration30h_csrf" name="test_login_sets_csrf_cookie" time="0.681" /><testcase classname="tests.test_iteration30h_csrf" name="test_bearer_flows_unaffected_by_csrf" time="0.383" /><testcase classname="tests.test_iteration30k_owner" name="test_widget_shape_and_admin_gate" time="0.776" /><testcase classname="tests.test_iteration30k_owner" name="test_widget_item_shape" time="0.400" /><testcase classname="tests.test_iteration30k_owner" name="test_limit_enforced" time="0.384" /><testcase classname="tests.test_iteration30k_owner" name="test_ordering_by_priority" time="0.391" /><testcase classname="tests.test_iteration30l_terms_kiosk" name="test_publish_terms_then_current_shows_it" time="1.055" /><testcase classname="tests.test_iteration30l_terms_kiosk" name="test_publish_flips_previous_current" time="0.505" /><testcase classname="tests.test_iteration30l_terms_kiosk" name="test_learner_cannot_publish_terms" time="0.400" /><testcase classname="tests.test_iteration30l_terms_kiosk" name="test_acceptance_audit_shows_ip_and_agent" time="0.829" /><testcase classname="tests.test_iteration30l_terms_kiosk" name="test_kiosk_default_settings" time="0.396" /><testcase classname="tests.test_iteration30l_terms_kiosk" name="test_kiosk_update_then_unlock_with_pin" time="0.702" /><testcase classname="tests.test_iteration30l_terms_kiosk" name="test_kiosk_unlock_password_fallback" time="0.643" /><testcase classname="tests.test_iteration30l_terms_kiosk" name="test_flags_default_registry" time="0.389" /><testcase classname="tests.test_iteration30l_terms_kiosk" name="test_flags_override_then_read_back" time="0.480" /><testcase classname="tests.test_iteration30l_terms_kiosk" name="test_unknown_flag_key_rejected" time="0.398" /><testcase classname="tests.test_iteration30l_terms_kiosk" name="test_learner_cannot_set_flag" time="0.420" /><testcase classname="tests.test_iteration30m_tutor" name="test_list_sessions_empty_ok" time="0.378" /><testcase classname="tests.test_iteration30m_tutor" name="test_get_missing_session_returns_404" time="0.385" /><testcase classname="tests.test_iteration30m_tutor" name="test_ask_rejects_missing_course_404" time="0.386" /><testcase classname="tests.test_iteration30m_tutor" name="test_ask_rejects_empty_question" time="0.390" /><testcase classname="tests.test_iteration30m_tutor" name="test_ask_creates_session_and_persists_turns" time="2.430" /><testcase classname="tests.test_iteration30m_tutor" name="test_ask_continues_existing_session" time="3.957" /><testcase classname="tests.test_iteration30m_tutor" name="test_pii_is_always_redacted_before_llm" time="2.191" /><testcase classname="tests.test_iteration30m_tutor" name="test_cross_org_session_isolation" time="0.398" /><testcase classname="tests.test_iteration30m_tutor" name="test_archive_session_removes_from_list" time="0.385" /><testcase classname="tests.test_iteration30n_factories" name="test_org_factory_creates_row" time="0.008" /><testcase classname="tests.test_iteration30n_factories" name="test_user_factory_creates_row_with_password" time="0.238" /><testcase classname="tests.test_iteration30n_factories" name="test_course_factory_belongs_to_org" time="0.013" /><testcase classname="tests.test_iteration30n_factories" name="test_enrollment_factory_wires_user_and_course" time="0.251" /><testcase classname="tests.test_iteration30n_factories" name="test_factory_composition" time="0.249" /><testcase classname="tests.test_iteration30op_onboarding_reports" name="test_onboarding_shape" time="0.387" /><testcase classname="tests.test_iteration30op_onboarding_reports" name="test_onboarding_step_keys_stable" time="0.378" /><testcase classname="tests.test_iteration30op_onboarding_reports" name="test_onboarding_learner_forbidden" time="0.429" /><testcase classname="tests.test_iteration30op_onboarding_reports" name="test_scheduled_reports_crud_cycle" time="0.535" /><testcase classname="tests.test_iteration30op_onboarding_reports" name="test_scheduled_reports_reject_unknown_kind" time="0.421" /><testcase classname="tests.test_iteration30op_onboarding_reports" name="test_scheduled_reports_reject_bad_email" time="0.384" /><testcase classname="tests.test_iteration30op_onboarding_reports" name="test_scheduled_reports_run_now_enqueues" time="0.506" /><testcase classname="tests.test_iteration30op_onboarding_reports" name="test_scheduled_reports_learner_forbidden" time="0.444" /><testcase classname="tests.test_iteration30q_query_flashcard" name="test_query_builder_returns_count" time="1.562" /><testcase classname="tests.test_iteration30q_query_flashcard" name="test_query_builder_handles_join" time="1.965" /><testcase classname="tests.test_iteration30q_query_flashcard" name="test_query_builder_rejects_learner" time="0.417" /><testcase classname="tests.test_iteration30q_query_flashcard" name="test_save_as_flashcard_from_tutor" time="2.746" /><testcase classname="tests.test_iteration30q_query_flashcard" name="test_save_as_flashcard_rejects_someone_elses_message" time="0.385" /><testcase classname="tests.test_iteration30r_email" name="test_transport_status_shape" time="0.380" /><testcase classname="tests.test_iteration30r_email" name="test_transport_status_reports_stub_by_default" time="0.396" /><testcase classname="tests.test_iteration30r_email" name="test_send_test_returns_status_and_notes" time="0.400" /><testcase classname="tests.test_iteration30r_email" name="test_send_test_rejects_bad_email" time="0.390" /><testcase classname="tests.test_iteration30r_email" name="test_send_test_learner_forbidden" time="0.409" /><testcase classname="tests.test_iteration30s_affiliate" name="test_create_code_auto_generates" time="0.390" /><testcase classname="tests.test_iteration30s_affiliate" name="test_create_code_with_custom_string" time="0.390" /><testcase classname="tests.test_iteration30s_affiliate" name="test_reject_out_of_bounds_reward" time="0.437" /><testcase classname="tests.test_iteration30s_affiliate" name="test_public_lookup_returns_referrer_name" time="0.794" /><testcase classname="tests.test_iteration30s_affiliate" name="test_public_lookup_missing_code_404" time="0.106" /><testcase classname="tests.test_iteration30s_affiliate" name="test_deactivate_code_hides_from_lookup" time="0.563" /><testcase classname="tests.test_iteration30s_affiliate" name="test_earnings_shape" time="0.400" /><testcase classname="tests.test_iteration30s_affiliate" name="test_referrals_list_shape" time="0.390" /><testcase classname="tests.test_iteration30s_affiliate" name="test_learner_forbidden" time="0.443" /><testcase classname="tests.test_iteration31_sprint" name="test_no_window_prompt_calls_left_in_admin_cert_flow" time="0.001" /><testcase classname="tests.test_iteration31_sprint" name="test_preferences_default_true" time="0.384" /><testcase classname="tests.test_iteration31_sprint" name="test_preferences_toggle_roundtrip" time="0.199" /><testcase classname="tests.test_iteration31_sprint" name="test_preferences_requires_auth" time="0.105" /><testcase classname="tests.test_iteration31_sprint" name="test_streak_digest_worker_honours_opt_out" time="0.363" /><testcase classname="tests.test_iteration31_sprint" name="test_bulk_unrevoke_endpoint" time="0.616" /><testcase classname="tests.test_iteration31_sprint" name="test_bulk_unrevoke_requires_admin" time="0.049" /><testcase classname="tests.test_iteration31_sprint" name="test_bulk_email_endpoint" time="0.174" /><testcase classname="tests.test_iteration31_sprint" name="test_bulk_email_requires_admin" time="0.047" /><testcase classname="tests.test_iteration31_sprint" name="test_bulk_zip_endpoint" time="0.312" /><testcase classname="tests.test_iteration31_sprint" name="test_bulk_zip_cap_100" time="0.050" /><testcase classname="tests.test_iteration31_sprint" name="test_bulk_zip_requires_admin" time="0.053" /><testcase classname="tests.test_iteration31_sprint" name="test_compliance_report_no_recipient_is_noop" time="0.001" /><testcase classname="tests.test_iteration31_sprint" name="test_compliance_report_queues_email" time="0.020" /><testcase classname="tests.test_iteration31_sprint" name="test_compliance_cadence_env_defaults" time="0.000" /><testcase classname="tests.test_iteration31_sprint" name="test_webhook_events_doc_exists" time="0.002" /><testcase classname="tests.test_iteration32_sprint" name="test_login_response_carries_must_change_flag" time="0.424" /><testcase classname="tests.test_iteration32_sprint" name="test_learner_no_must_change" time="0.449" /><testcase classname="tests.test_iteration32_sprint" name="test_forgot_password_unknown_email_returns_200" time="0.191" /><testcase classname="tests.test_iteration32_sprint" name="test_forgot_password_real_user_queues_email" time="0.218" /><testcase classname="tests.test_iteration32_sprint" name="test_reset_password_bad_token_400" time="0.197" /><testcase classname="tests.test_iteration32_sprint" name="test_reset_password_end_to_end" time="1.017" /><testcase classname="tests.test_iteration32_sprint" name="test_change_password_verifies_current" time="1.811" /><testcase classname="tests.test_iteration32_sprint" name="test_security_headers_on_every_response" time="0.202" /><testcase classname="tests.test_iteration32_sprint" name="test_hsts_only_over_https" time="0.202" /><testcase classname="tests.test_iteration32_sprint" name="test_sentry_noop_when_dsn_unset" time="0.756" /><testcase classname="tests.test_iteration32_sprint" name="test_precheck_fail_closed_on_unset_environment" time="0.162" /><testcase classname="tests.test_iteration32_sprint" name="test_precheck_soft_advisor_when_dev_explicit" time="1.062" /><testcase classname="tests.test_iteration32_sprint" name="test_log_records_have_cid_field" time="0.102" /><testcase classname="tests.test_iteration32_sprint" name="test_correlation_id_propagates_to_sentry_scope" time="0.191" /><testcase classname="tests.test_iteration33_sprint" name="test_new_registration_starts_unverified" time="0.684" /><testcase classname="tests.test_iteration33_sprint" name="test_registration_queues_verification_email" time="0.343" /><testcase classname="tests.test_iteration33_sprint" name="test_verify_email_endpoint_end_to_end" time="0.561" /><testcase classname="tests.test_iteration33_sprint" name="test_verify_email_bad_token" time="0.100" /><testcase classname="tests.test_iteration33_sprint" name="test_data_export_returns_full_bundle" time="0.407" /><testcase classname="tests.test_iteration33_sprint" name="test_data_export_requires_auth" time="0.125" /><testcase classname="tests.test_iteration33_sprint" name="test_delete_request_queues_email" time="0.757" /><testcase classname="tests.test_iteration33_sprint" name="test_delete_end_to_end_anonymises_row" time="0.831" /><testcase classname="tests.test_iteration33_sprint" name="test_delete_wrong_code_rejected" time="0.794" /><testcase classname="tests.test_iteration33_sprint" name="test_forgot_password_rate_limit_by_email" time="0.878" /><testcase classname="tests.test_iteration33_sprint" name="test_hardcoded_password_lint_passes" time="0.082" /><testcase classname="tests.test_iteration33_sprint" name="test_seed_admin_password_helper_prefers_env_var" time="0.001" /><testcase classname="tests.test_iteration33_sprint" name="test_seed_admin_password_hard_fails_in_prod" time="0.000" /><testcase classname="tests.test_iteration33_sprint" name="test_precheck_blocks_missing_seed_password" time="0.033" /><testcase classname="tests.test_iteration33_sprint" name="test_reseed_does_not_overwrite_existing_admin_password" time="0.481" /><testcase classname="tests.test_iteration33_sprint" name="test_reseed_does_not_touch_self_registered_users" time="0.578" /><testcase classname="tests.test_iteration33_sprint" name="test_rescue_cli_refuses_without_env_secret" time="0.469" /><testcase classname="tests.test_iteration33_sprint" name="test_rescue_cli_refuses_short_secret" time="0.482" /><testcase classname="tests.test_iteration33_sprint" name="test_rescue_cli_refuses_short_password" time="0.474" /><testcase classname="tests.test_iteration33_sprint" name="test_rescue_cli_refuses_non_admin" time="0.530" /><testcase classname="tests.test_iteration33_sprint" name="test_rescue_cli_end_to_end" time="0.706" /><testcase classname="tests.test_iteration33c_docs_engagement" name="test_learner_forbidden" time="0.400" /><testcase classname="tests.test_iteration33c_docs_engagement" name="test_engagement_shape_and_rollup" time="0.852" /><testcase classname="tests.test_iteration33c_docs_engagement" name="test_empty_window" time="0.403" /><testcase classname="tests.test_iteration33c_docs_library_full.TestManifest" name="test_manifest_has_four_docs" time="0.435" /><testcase classname="tests.test_iteration33c_docs_library_full.TestManifest" name="test_manifest_row_shape" time="0.065" /><testcase classname="tests.test_iteration33c_docs_library_full.TestManifest" name="test_learner_forbidden_manifest" time="0.377" /><testcase classname="tests.test_iteration33c_docs_library_full.TestPdf" name="test_setup_manual_pdf_download" time="0.072" /><testcase classname="tests.test_iteration33c_docs_library_full.TestPdf" name="test_user_manual_pdf_download" time="0.073" /><testcase classname="tests.test_iteration33c_docs_library_full.TestPdf" name="test_preview_uses_inline" time="0.057" /><testcase classname="tests.test_iteration33c_docs_library_full.TestPdf" name="test_unknown_slug_pdf_404" time="0.055" /><testcase classname="tests.test_iteration33c_docs_library_full.TestPdf" name="test_learner_forbidden_pdf" time="0.046" /><testcase classname="tests.test_iteration33c_docs_library_full.TestRaw" name="test_setup_manual_raw" time="0.067" /><testcase classname="tests.test_iteration33c_docs_library_full.TestRaw" name="test_unknown_slug_raw_404" time="0.054" /><testcase classname="tests.test_iteration33c_docs_library_full.TestRaw" name="test_learner_forbidden_raw" time="0.045" /><testcase classname="tests.test_iteration33c_docs_library_full.TestAudit" name="test_preview_then_download_writes_audit_rows" time="0.707" /><testcase classname="tests.test_iteration33c_docs_library_full.TestEngagement" name="test_shape_and_admin_only" time="0.117" /><testcase classname="tests.test_iteration33c_docs_library_full.TestEngagement" name="test_days_query_validation" time="0.063" /><testcase classname="tests.test_iteration34_pgvector_ready" name="test_embedding_column_is_json_by_default" time="0.000" /><testcase classname="tests.test_iteration34_pgvector_ready" name="test_use_pgvector_env_gate_off" time="0.000" /><testcase classname="tests.test_iteration34_pgvector_ready" name="test_use_pgvector_env_gate_on_with_lib" time="0.115" /><testcase classname="tests.test_iteration34_pgvector_ready" name="test_pgvector_migration_is_noop_on_sqlite" time="0.066" /></testsuite></testsuites>