<?xml version="1.0" encoding="utf-8"?><testsuites name="pytest tests"><testsuite name="pytest" errors="0" failures="0" skipped="0" tests="30" time="17.888" timestamp="2026-07-04T03:59:42.955094+00:00" hostname="agent-env-5dae153e-be68-452c-9cf0-d868811c3d07"><testcase classname="tests.test_iteration27_sprint" name="test_mark_attendance_issues_cert" time="1.260" /><testcase classname="tests.test_iteration27_sprint" name="test_mark_attendance_is_idempotent" time="0.353" /><testcase classname="tests.test_iteration27_sprint" name="test_verify_endpoint_shows_session_title" time="0.458" /><testcase classname="tests.test_iteration27_sprint" name="test_catalog_organizations_endpoint" time="0.155" /><testcase classname="tests.test_iteration27_sprint" name="test_catalog_org_filter_narrows_results" time="0.159" /><testcase classname="tests.test_iteration27_sprint" name="test_catalog_search_matches_org_name" time="0.226" /><testcase classname="tests.test_iteration27_sprint" name="test_streak_nudge_worker_notification_lifecycle" time="0.497" /><testcase classname="tests.test_iteration26_sprint" name="test_track_slide_view_records_impression" time="1.100" /><testcase classname="tests.test_iteration26_sprint" name="test_track_slide_view_rejects_unknown_slide" time="0.048" /><testcase classname="tests.test_iteration26_sprint" name="test_course_dropoff_endpoint_shape" time="0.093" /><testcase classname="tests.test_iteration26_sprint" name="test_course_dropoff_requires_staff" time="0.056" /><testcase classname="tests.test_iteration26_sprint" name="test_subscribe_url_accepts_my_rsvps_kind" time="0.158" /><testcase classname="tests.test_iteration26_sprint" name="test_subscribe_url_my_rsvps_contains_only_rsvped" time="0.476" /><testcase classname="tests.test_iteration26_sprint" name="test_qr_endpoint_accepts_my_rsvps_kind" time="0.084" /><testcase classname="tests.test_iteration26_sprint" name="test_rate_limit_test_client_ip_pins_bucket" time="3.876" /><testcase classname="tests.test_iteration26_sprint" name="test_learning_streak_endpoint_shape" time="0.055" /><testcase classname="tests.test_iteration26_sprint" name="test_learning_streak_reflects_slide_view" time="0.149" /><testcase classname="tests.test_iteration20_retest" name="test_public_verify_rate_limiter_triggers_429" time="3.641" /><testcase classname="tests.test_iteration20_retest" name="test_public_catalog_requires_token" time="0.099" /><testcase classname="tests.test_iteration20_retest" name="test_public_catalog_with_valid_token" time="0.605" /><testcase classname="tests.test_iteration20_retest" name="test_admin_route_ok[/api/courses]" time="0.406" /><testcase classname="tests.test_iteration20_retest" name="test_admin_route_ok[/api/certificates]" time="0.425" /><testcase classname="tests.test_iteration20_retest" name="test_admin_route_ok[/api/admin/users]" time="0.472" /><testcase classname="tests.test_iteration20_retest" name="test_admin_route_ok[/api/admin/api-tokens]" time="0.405" /><testcase classname="tests.test_iteration20_retest" name="test_admin_route_ok[/api/admin/api-tokens/analytics/spend?days=14]" time="0.415" /><testcase classname="tests.test_iteration20_retest" name="test_admin_route_ok[/api/learning-paths]" time="0.457" /><testcase classname="tests.test_iteration20_retest" name="test_learner_route_ok[/api/courses]" time="0.397" /><testcase classname="tests.test_iteration20_retest" name="test_learner_route_ok[/api/certificates]" time="0.408" /><testcase classname="tests.test_iteration20_retest" name="test_learner_route_ok[/api/learning-paths]" time="0.400" /><testcase classname="tests.test_iteration20_retest" name="test_learner_denied_on_admin_routes" time="0.501" /></testsuite></testsuites>