<?xml version="1.0" encoding="utf-8"?><testsuites name="pytest tests"><testsuite name="pytest" errors="0" failures="0" skipped="0" tests="14" time="5.062" timestamp="2026-07-31T12:43:09.800715+00:00" hostname="agent-env-b2ffa7b3-1e28-4823-82a7-d97b84dd8746"><testcase classname="tests.test_iteration48_reply_share.TestReplyEndpoint" name="test_post_reply_sets_text_and_at" time="2.658" /><testcase classname="tests.test_iteration48_reply_share.TestReplyEndpoint" name="test_admin_reviews_include_reply_fields" time="0.102" /><testcase classname="tests.test_iteration48_reply_share.TestReplyEndpoint" name="test_catalog_reviews_include_reply_fields" time="0.100" /><testcase classname="tests.test_iteration48_reply_share.TestReplyEndpoint" name="test_reply_over_1000_chars_422" time="0.133" /><testcase classname="tests.test_iteration48_reply_share.TestReplyEndpoint" name="test_reply_learner_forbidden" time="0.145" /><testcase classname="tests.test_iteration48_reply_share.TestReplyEndpoint" name="test_reply_wrong_org_course_404" time="0.111" /><testcase classname="tests.test_iteration48_reply_share.TestReplyEndpoint" name="test_empty_reply_clears" time="0.199" /><testcase classname="tests.test_iteration48_reply_share.TestCourseShareOG" name="test_share_returns_html_with_og_and_redirect" time="0.135" /><testcase classname="tests.test_iteration48_reply_share.TestCourseShareOG" name="test_share_escapes_html_in_title" time="0.106" /><testcase classname="tests.test_iteration48_reply_share.TestCourseShareOG" name="test_share_includes_og_image_when_org_logo_or_cover" time="0.102" /><testcase classname="tests.test_iteration48_reply_share.TestCourseShareOG" name="test_share_404_for_unknown_course" time="0.092" /><testcase classname="tests.test_iteration48_reply_share.TestCourseShareOG" name="test_share_404_for_draft_course" time="0.330" /><testcase classname="tests.test_iteration48_reply_share.TestCourseShareOG" name="test_share_404_when_org_not_marketplace_opt_in" time="0.574" /><testcase classname="tests.test_iteration48_reply_share.TestCourseShareOG" name="test_share_no_auth_required" time="0.232" /></testsuite></testsuites>