<?xml version="1.0" encoding="utf-8"?><testsuites name="pytest tests"><testsuite name="pytest" errors="0" failures="0" skipped="0" tests="16" time="11.807" timestamp="2026-07-01T16:34:56.039915+00:00" hostname="agent-env-5dae153e-be68-452c-9cf0-d868811c3d07"><testcase classname="backend.tests.test_iteration28" name="test_mindmap_learner_blocked" time="0.671" /><testcase classname="backend.tests.test_iteration28" name="test_mindmap_missing_course_404" time="0.441" /><testcase classname="backend.tests.test_iteration28" name="test_mindmap_generate_shape" time="5.745" /><testcase classname="backend.tests.test_iteration28" name="test_pptx_learner_blocked" time="0.455" /><testcase classname="backend.tests.test_iteration28" name="test_pptx_missing_course_404" time="0.411" /><testcase classname="backend.tests.test_iteration28" name="test_pptx_export_returns_pptx_bytes" time="0.458" /><testcase classname="backend.tests.test_iteration28" name="test_token_analytics_learner_blocked" time="0.409" /><testcase classname="backend.tests.test_iteration28" name="test_token_analytics_returns_series" time="0.399" /><testcase classname="backend.tests.test_iteration28" name="test_token_analytics_records_a_call" time="0.605" /><testcase classname="backend.tests.test_iteration28" name="test_scorm_runtime_js_served" time="0.127" /><testcase classname="backend.tests.test_iteration28" name="test_cert_verify_anon_404_on_junk" time="0.121" /><testcase classname="backend.tests.test_iteration28" name="test_cert_verify_anon_returns_pii_safe_shape" time="0.133" /><testcase classname="backend.tests.test_iteration28" name="test_catalog_requires_authorization" time="0.106" /><testcase classname="backend.tests.test_iteration28" name="test_catalog_authd_admin" time="0.458" /><testcase classname="backend.tests.test_iteration28" name="test_catalog_api_token_needs_read_catalog_scope" time="0.772" /><testcase classname="backend.tests.test_iteration28" name="test_catalog_search_filters_results" time="0.401" /></testsuite></testsuites>