<?xml version="1.0" encoding="utf-8"?><testsuites name="pytest tests"><testsuite name="pytest" errors="0" failures="0" skipped="0" tests="5" time="2.179" timestamp="2026-06-29T16:08:53.121949+00:00" hostname="agent-env-5dae153e-be68-452c-9cf0-d868811c3d07"><testcase classname="backend.tests.test_iteration21" name="test_api_token_create_list_revoke_delete" time="0.950" /><testcase classname="backend.tests.test_iteration21" name="test_api_token_blocks_invalid_secret" time="0.189" /><testcase classname="backend.tests.test_iteration21" name="test_xapi_completed_verb_auto_completes_enrollment" time="0.870" /><testcase classname="backend.tests.test_iteration21" name="test_xapi_non_completion_verb_does_not_autocomplete" time="0.054" /><testcase classname="backend.tests.test_iteration21" name="test_xapi_unknown_course_auto_complete_no_op" time="0.052" /></testsuite></testsuites>