<?xml version="1.0" encoding="utf-8"?><testsuites name="pytest tests"><testsuite name="pytest" errors="0" failures="2" skipped="0" tests="40" time="20.356" timestamp="2026-07-01T14:44:19.398067+00:00" hostname="agent-env-5dae153e-be68-452c-9cf0-d868811c3d07"><testcase classname="tests.test_iteration25" name="test_sm2_correct_answer_progresses_interval" time="0.261" /><testcase classname="tests.test_iteration25" name="test_sm2_second_correct_review_is_six_days" time="0.000" /><testcase classname="tests.test_iteration25" name="test_sm2_third_correct_multiplies_by_ease" time="0.000" /><testcase classname="tests.test_iteration25" name="test_sm2_wrong_answer_resets_repetitions" time="0.000" /><testcase classname="tests.test_iteration25" name="test_sm2_ease_floor_is_1_3" time="0.000" /><testcase classname="tests.test_iteration25" name="test_learner_cannot_authoring_generate" time="0.599" /><testcase classname="tests.test_iteration25" name="test_learner_cannot_bulk_save" time="0.409" /><testcase classname="tests.test_iteration25" name="test_admin_can_list_flashcards_by_course" time="0.438" /><testcase classname="tests.test_iteration25" name="test_bulk_save_and_learner_review_flow" time="0.831"><failure message="assert 3 in [2]">tests/test_iteration25.py:108: in test_bulk_save_and_learner_review_flow
    assert card_id in ids
E   assert 3 in [2]</failure></testcase><testcase classname="tests.test_iteration25" name="test_stats_endpoint" time="0.404" /><testcase classname="tests.test_iteration25" name="test_admin_generate_returns_valid_shape" time="3.062" /><testcase classname="tests.test_iteration23" name="test_chunker_splits_long_text" time="0.184" /><testcase classname="tests.test_iteration23" name="test_chunker_handles_short_input" time="0.000" /><testcase classname="tests.test_iteration23" name="test_cosine_similarity_basics" time="0.000" /><testcase classname="tests.test_iteration23" name="test_source_upload_and_list_and_delete" time="1.087" /><testcase classname="tests.test_iteration23" name="test_source_upload_learner_blocked" time="0.435" /><testcase classname="tests.test_iteration23" name="test_source_upload_rejects_no_text_or_file" time="0.050" /><testcase classname="tests.test_iteration23" name="test_semantic_search_returns_matching_chunks" time="0.704" /><testcase classname="tests.test_iteration23" name="test_tutor_answer_cites_sources" time="2.015" /><testcase classname="tests.test_iteration23" name="test_tutor_refuses_when_no_sources_match" time="2.664" /><testcase classname="tests.test_iteration23" name="test_tutor_learner_blocked" time="0.163" /><testcase classname="tests.test_iteration23" name="test_tutor_pii_redact_disable_admin_ok" time="3.045" /><testcase classname="tests.test_iteration23" name="test_research_start_returns_job_id_when_tavily_key_present" time="0.064" /><testcase classname="tests.test_iteration23" name="test_research_start_learner_blocked" time="1.979" /><testcase classname="tests.test_iteration22" name="test_ai_infra_tables_exist" time="0.001" /><testcase classname="tests.test_iteration22" name="test_organizations_has_ai_budget_column" time="0.001" /><testcase classname="tests.test_iteration22" name="test_authoring_status_admin_can_access" time="0.443"><failure message="AssertionError: tutor_enabled should be off&#10;assert True is False">tests/test_iteration22.py:76: in test_authoring_status_admin_can_access
    assert v is False, f"{k} should be off"
E   AssertionError: tutor_enabled should be off
E   assert True is False</failure></testcase><testcase classname="tests.test_iteration22" name="test_authoring_status_learner_blocked" time="0.406" /><testcase classname="tests.test_iteration22" name="test_authoring_status_anonymous_blocked" time="0.160" /><testcase classname="tests.test_iteration22" name="test_pii_redactor_catches_email_phone_id" time="0.001" /><testcase classname="tests.test_iteration22" name="test_pii_redactor_dedup_same_email" time="0.000" /><testcase classname="tests.test_iteration22" name="test_redaction_preview_endpoint" time="0.061" /><testcase classname="tests.test_iteration22" name="test_redaction_preview_blocks_learner" time="0.048" /><testcase classname="tests.test_iteration22" name="test_budget_snapshot" time="0.062" /><testcase classname="tests.test_iteration22" name="test_budget_update_admin_ok" time="0.206" /><testcase classname="tests.test_iteration22" name="test_budget_update_learner_blocked" time="0.051" /><testcase classname="tests.test_iteration22" name="test_budget_gate_raises_429_when_over" time="0.069" /><testcase classname="tests.test_iteration22" name="test_public_branding_no_auth_required" time="0.103" /><testcase classname="tests.test_iteration22" name="test_public_branding_slug_lookup" time="0.106" /><testcase classname="tests.test_iteration22" name="test_public_branding_does_not_leak_secrets" time="0.119" /></testsuite></testsuites>