<?xml version="1.0" encoding="utf-8"?><testsuites name="pytest tests"><testsuite name="pytest" errors="0" failures="0" skipped="0" tests="23" time="5.289" timestamp="2026-07-03T13:10:13.508860+00:00" hostname="agent-env-5dae153e-be68-452c-9cf0-d868811c3d07"><testcase classname="tests.test_iteration24_funnel" name="test_track_view_anonymous_creates_row" time="0.437" /><testcase classname="tests.test_iteration24_funnel" name="test_track_view_dedups_same_day_same_viewer" time="0.167" /><testcase classname="tests.test_iteration24_funnel" name="test_track_view_authed_counts_separately_from_anon" time="0.547" /><testcase classname="tests.test_iteration24_funnel" name="test_track_view_unknown_course_silently_drops" time="0.096" /><testcase classname="tests.test_iteration24_funnel" name="test_admin_funnel_returns_expected_shape" time="0.493" /><testcase classname="tests.test_iteration24_funnel" name="test_admin_funnel_days_param_controls_window" time="0.050" /><testcase classname="tests.test_iteration24_funnel" name="test_admin_funnel_rates_are_bounded" time="0.046" /><testcase classname="tests.test_iteration24_funnel" name="test_admin_funnel_learner_role_forbidden" time="0.065" /><testcase classname="tests.test_iteration24_funnel" name="test_admin_funnel_unknown_course_404" time="0.046" /><testcase classname="tests.test_iteration24_exdate_and_subscription" name="test_cancel_occurrence_soft_deletes_and_hides_from_learner" time="1.099" /><testcase classname="tests.test_iteration24_exdate_and_subscription" name="test_uncancel_restores_occurrence" time="0.255" /><testcase classname="tests.test_iteration24_exdate_and_subscription" name="test_head_ics_exports_rrule_and_exdate" time="0.251" /><testcase classname="tests.test_iteration24_exdate_and_subscription" name="test_reminder_worker_skips_cancelled_session" time="0.072" /><testcase classname="tests.test_iteration24_exdate_and_subscription" name="test_admin_can_generate_admin_subscription_url" time="0.046" /><testcase classname="tests.test_iteration24_exdate_and_subscription" name="test_learner_cannot_generate_admin_subscription" time="0.052" /><testcase classname="tests.test_iteration24_exdate_and_subscription" name="test_learner_can_generate_learner_subscription" time="0.054" /><testcase classname="tests.test_iteration24_exdate_and_subscription" name="test_subscription_endpoint_returns_ics_without_auth" time="0.353" /><testcase classname="tests.test_iteration24_exdate_and_subscription" name="test_subscription_bad_token_rejected" time="0.107" /><testcase classname="tests.test_iteration24_exdate_and_subscription" name="test_subscription_tampered_token_rejected" time="0.143" /><testcase classname="tests.test_iteration24_exdate_and_subscription" name="test_subscription_url_idempotent_for_same_user" time="0.093" /><testcase classname="tests.test_iteration24_exdate_and_subscription" name="test_series_rsvp_creates_rsvp_on_head_and_all_children" time="0.357" /><testcase classname="tests.test_iteration24_exdate_and_subscription" name="test_series_rsvp_on_non_series_session_400" time="0.164" /><testcase classname="tests.test_iteration24_exdate_and_subscription" name="test_series_rsvp_skips_cancelled_children" time="0.261" /></testsuite></testsuites>