<?xml version="1.0" encoding="utf-8"?><testsuites name="pytest tests"><testsuite name="pytest" errors="0" failures="2" skipped="0" tests="20" time="3.286" timestamp="2026-06-08T11:54:12.731820+00:00" hostname="agent-env-5dae153e-be68-452c-9cf0-d868811c3d07"><testcase classname="tests.test_iteration5" name="test_admin_login_returns_user_and_cookies" time="0.414" /><testcase classname="tests.test_iteration5" name="test_public_portal_no_auth" time="0.112" /><testcase classname="tests.test_iteration5" name="test_public_portal_unknown_slug" time="0.096" /><testcase classname="tests.test_iteration5" name="test_slide_comments_crud" time="0.537" /><testcase classname="tests.test_iteration5" name="test_slide_comment_empty_body_400" time="0.044" /><testcase classname="tests.test_iteration5" name="test_slide_comment_invalid_slide_404" time="0.043" /><testcase classname="tests.test_iteration5" name="test_cert_preview_admin_returns_pdf" time="0.439" /><testcase classname="tests.test_iteration5" name="test_cert_preview_learner_forbidden" time="0.047" /><testcase classname="tests.test_iteration5" name="test_image_upload_admin_then_serve" time="0.223"><failure message="assert 403 == 200&#10; +  where 403 = &lt;Response [403]&gt;.status_code">tests/test_iteration5.py:134: in test_image_upload_admin_then_serve
    assert r2.status_code == 200
E   assert 403 == 200
E    +  where 403 = &lt;Response [403]&gt;.status_code</failure></testcase><testcase classname="tests.test_iteration5" name="test_image_upload_rejects_non_image" time="0.048" /><testcase classname="tests.test_iteration5" name="test_image_upload_rejects_too_large" time="0.268" /><testcase classname="tests.test_iteration5" name="test_image_upload_learner_forbidden" time="0.046" /><testcase classname="tests.test_iteration5" name="test_academies_list_as_super_admin" time="0.053" /><testcase classname="tests.test_iteration5" name="test_academies_list_as_learner_forbidden" time="0.043" /><testcase classname="tests.test_iteration5" name="test_create_academy_queues_invitation" time="0.358" /><testcase classname="tests.test_iteration5" name="test_outbox_stats_endpoint" time="0.053" /><testcase classname="tests.test_iteration5" name="test_outbox_retry_and_worker_drains" time="0.059"><failure message="Failed: POST /api/admin/outbox/74/retry endpoint MISSING — required by review request">tests/test_iteration5.py:243: in test_outbox_retry_and_worker_drains
    pytest.fail(f"POST /api/admin/outbox/{mid}/retry endpoint MISSING — required by review request")
E   Failed: POST /api/admin/outbox/74/retry endpoint MISSING — required by review request</failure></testcase><testcase classname="tests.test_iteration5" name="test_course_duplicate_regression" time="0.121" /><testcase classname="tests.test_iteration5" name="test_course_publish_unpublish_regression" time="0.104" /><testcase classname="tests.test_iteration5" name="test_prerequisites_regression" time="0.050" /></testsuite></testsuites>