<?xml version="1.0" encoding="utf-8"?><testsuites name="pytest tests"><testsuite name="pytest" errors="0" failures="0" skipped="0" tests="3" time="1.835" timestamp="2026-07-06T10:32:46.303482+00:00" hostname="agent-env-5dae153e-be68-452c-9cf0-d868811c3d07"><testcase classname="backend.tests.test_iteration33c_docs_engagement" name="test_learner_forbidden" time="0.581" /><testcase classname="backend.tests.test_iteration33c_docs_engagement" name="test_engagement_shape_and_rollup" time="0.840" /><testcase classname="backend.tests.test_iteration33c_docs_engagement" name="test_empty_window" time="0.394" /></testsuite></testsuites>