<?xml version="1.0" encoding="utf-8"?><testsuites name="pytest tests"><testsuite name="pytest" errors="0" failures="0" skipped="0" tests="10" time="3.134" timestamp="2026-07-30T11:49:03.800620+00:00" hostname="agent-env-b2ffa7b3-1e28-4823-82a7-d97b84dd8746"><testcase classname="backend.tests.test_iteration43_landing_gallery_analytics" name="test_cover_library_returns_15_items" time="0.417" /><testcase classname="backend.tests.test_iteration43_landing_gallery_analytics" name="test_cover_library_urls_fetchable" time="0.792" /><testcase classname="backend.tests.test_iteration43_landing_gallery_analytics" name="test_cover_library_learner_forbidden" time="0.416" /><testcase classname="backend.tests.test_iteration43_landing_gallery_analytics" name="test_weekly_enrollments_default_12" time="0.052" /><testcase classname="backend.tests.test_iteration43_landing_gallery_analytics" name="test_weekly_enrollments_weeks_8" time="0.049" /><testcase classname="backend.tests.test_iteration43_landing_gallery_analytics" name="test_weekly_enrollments_invalid_below" time="0.051" /><testcase classname="backend.tests.test_iteration43_landing_gallery_analytics" name="test_weekly_enrollments_invalid_above" time="0.047" /><testcase classname="backend.tests.test_iteration43_landing_gallery_analytics" name="test_weekly_enrollments_learner_forbidden" time="0.043" /><testcase classname="backend.tests.test_iteration43_landing_gallery_analytics" name="test_weekly_enrollments_org_scoping" time="1.133" /><testcase classname="backend.tests.test_iteration43_landing_gallery_analytics" name="test_public_catalog_featured_still_works" time="0.111" /></testsuite></testsuites>