<?xml version="1.0" encoding="utf-8"?><testsuites name="pytest tests"><testsuite name="pytest" errors="0" failures="0" skipped="0" tests="14" time="2.128" timestamp="2026-07-06T10:33:31.143956+00:00" hostname="agent-env-5dae153e-be68-452c-9cf0-d868811c3d07"><testcase classname="backend.tests.test_iteration33c_docs_library_full.TestManifest" name="test_manifest_has_four_docs" time="0.486" /><testcase classname="backend.tests.test_iteration33c_docs_library_full.TestManifest" name="test_manifest_row_shape" time="0.047" /><testcase classname="backend.tests.test_iteration33c_docs_library_full.TestManifest" name="test_learner_forbidden_manifest" time="0.384" /><testcase classname="backend.tests.test_iteration33c_docs_library_full.TestPdf" name="test_setup_manual_pdf_download" time="0.062" /><testcase classname="backend.tests.test_iteration33c_docs_library_full.TestPdf" name="test_user_manual_pdf_download" time="0.072" /><testcase classname="backend.tests.test_iteration33c_docs_library_full.TestPdf" name="test_preview_uses_inline" time="0.056" /><testcase classname="backend.tests.test_iteration33c_docs_library_full.TestPdf" name="test_unknown_slug_pdf_404" time="0.043" /><testcase classname="backend.tests.test_iteration33c_docs_library_full.TestPdf" name="test_learner_forbidden_pdf" time="0.047" /><testcase classname="backend.tests.test_iteration33c_docs_library_full.TestRaw" name="test_setup_manual_raw" time="0.052" /><testcase classname="backend.tests.test_iteration33c_docs_library_full.TestRaw" name="test_unknown_slug_raw_404" time="0.044" /><testcase classname="backend.tests.test_iteration33c_docs_library_full.TestRaw" name="test_learner_forbidden_raw" time="0.046" /><testcase classname="backend.tests.test_iteration33c_docs_library_full.TestAudit" name="test_preview_then_download_writes_audit_rows" time="0.606" /><testcase classname="backend.tests.test_iteration33c_docs_library_full.TestEngagement" name="test_shape_and_admin_only" time="0.095" /><testcase classname="backend.tests.test_iteration33c_docs_library_full.TestEngagement" name="test_days_query_validation" time="0.046" /></testsuite></testsuites>