<?xml version="1.0" encoding="utf-8"?><testsuites name="pytest tests"><testsuite name="pytest" errors="0" failures="0" skipped="0" tests="39" time="20.237" timestamp="2026-07-06T05:59:08.037117+00:00" hostname="agent-env-5dae153e-be68-452c-9cf0-d868811c3d07"><testcase classname="tests.test_iteration32_sprint" name="test_login_response_carries_must_change_flag" time="0.390" /><testcase classname="tests.test_iteration32_sprint" name="test_learner_no_must_change" time="0.350" /><testcase classname="tests.test_iteration32_sprint" name="test_forgot_password_unknown_email_returns_200" time="0.102" /><testcase classname="tests.test_iteration32_sprint" name="test_forgot_password_real_user_queues_email" time="0.443" /><testcase classname="tests.test_iteration32_sprint" name="test_reset_password_bad_token_400" time="0.102" /><testcase classname="tests.test_iteration32_sprint" name="test_reset_password_end_to_end" time="1.193" /><testcase classname="tests.test_iteration32_sprint" name="test_change_password_verifies_current" time="1.742" /><testcase classname="tests.test_iteration32_sprint" name="test_security_headers_on_every_response" time="0.091" /><testcase classname="tests.test_iteration32_sprint" name="test_hsts_only_over_https" time="0.107" /><testcase classname="tests.test_iteration32_sprint" name="test_sentry_noop_when_dsn_unset" time="0.621" /><testcase classname="tests.test_iteration32_sprint" name="test_precheck_fail_closed_on_unset_environment" time="0.033" /><testcase classname="tests.test_iteration32_sprint" name="test_precheck_soft_advisor_when_dev_explicit" time="0.825" /><testcase classname="tests.test_iteration31_sprint" name="test_no_window_prompt_calls_left_in_admin_cert_flow" time="0.000" /><testcase classname="tests.test_iteration31_sprint" name="test_preferences_default_true" time="0.439" /><testcase classname="tests.test_iteration31_sprint" name="test_preferences_toggle_roundtrip" time="0.210" /><testcase classname="tests.test_iteration31_sprint" name="test_preferences_requires_auth" time="0.092" /><testcase classname="tests.test_iteration31_sprint" name="test_streak_digest_worker_honours_opt_out" time="0.358" /><testcase classname="tests.test_iteration31_sprint" name="test_bulk_unrevoke_endpoint" time="0.602" /><testcase classname="tests.test_iteration31_sprint" name="test_bulk_unrevoke_requires_admin" time="0.048" /><testcase classname="tests.test_iteration31_sprint" name="test_bulk_email_endpoint" time="0.156" /><testcase classname="tests.test_iteration31_sprint" name="test_bulk_email_requires_admin" time="0.047" /><testcase classname="tests.test_iteration31_sprint" name="test_bulk_zip_endpoint" time="0.289" /><testcase classname="tests.test_iteration31_sprint" name="test_bulk_zip_cap_100" time="0.050" /><testcase classname="tests.test_iteration31_sprint" name="test_bulk_zip_requires_admin" time="0.047" /><testcase classname="tests.test_iteration31_sprint" name="test_compliance_report_no_recipient_is_noop" time="0.001" /><testcase classname="tests.test_iteration31_sprint" name="test_compliance_report_queues_email" time="0.022" /><testcase classname="tests.test_iteration31_sprint" name="test_compliance_cadence_env_defaults" time="0.000" /><testcase classname="tests.test_iteration31_sprint" name="test_webhook_events_doc_exists" time="0.002" /><testcase classname="tests.test_iteration30_sprint" name="test_frontend_typecheck_passes" time="8.768" /><testcase classname="tests.test_iteration30_sprint" name="test_no_window_confirm_calls_left" time="0.004" /><testcase classname="tests.test_iteration30_sprint" name="test_revocation_history_records_events" time="1.152" /><testcase classname="tests.test_iteration30_sprint" name="test_revocation_history_requires_admin" time="0.093" /><testcase classname="tests.test_iteration30_sprint" name="test_revoke_emits_webhook_delivery" time="0.722" /><testcase classname="tests.test_iteration30_sprint" name="test_streak_digest_worker_queues_emails" time="0.136" /><testcase classname="tests.test_iteration30_sprint" name="test_bulk_revoke_endpoint" time="0.671" /><testcase classname="tests.test_iteration30_sprint" name="test_admin_certs_list" time="0.055" /><testcase classname="tests.test_iteration30_sprint" name="test_admin_certs_status_filter" time="0.127" /><testcase classname="tests.test_iteration30_sprint" name="test_admin_certs_csv_export" time="0.055" /><testcase classname="tests.test_iteration30_sprint" name="test_admin_certs_list_requires_admin" time="0.045" /></testsuite></testsuites>